2022-10-11 18:31:01,440 [0ab89bba7f94e20e] ALPN negotiated protocol h3
2022-10-11 18:31:01,450 [0ab89bba7f94e20e] HTTP request GET /
2022-10-11 18:31:01,451 [RECEIVER] Pushing HTTP/3 Response
2022-10-11 18:31:01,452 [0ab89bba7f94e20e] HTTP request GET /style.css
2022-10-11 18:31:01,462 [RECEIVER] Sending HTTP/3 Response headers
2022-10-11 18:31:01,463 [RECEIVER] Sending HTTP/3 Response data
2022-10-11 18:31:01,488 [0ab89bba7f94e20e] Connection close received (code 0x100, reason )
2022-10-11 18:31:01,490 [RECEIVER] Sending HTTP/3 Response headers
2022-10-11 18:31:01,492 [RECEIVER] Sending HTTP/3 Response data
2022-11-30 20:42:21,278 [a5371cc605c9a196] ALPN negotiated protocol h3
2022-11-30 20:42:21,283 [a5371cc605c9a196] HTTP request GET /
2022-11-30 20:42:21,283 [RECEIVER] Pushing HTTP/3 Response
2022-11-30 20:42:21,284 [a5371cc605c9a196] HTTP request GET /style.css
2022-11-30 20:42:21,292 [RECEIVER] Sending HTTP/3 Response headers
2022-11-30 20:42:21,296 [RECEIVER] Sending HTTP/3 Response data
2022-11-30 20:42:21,314 [a5371cc605c9a196] Connection close received (code 0x100, reason )
2022-11-30 20:42:21,315 [RECEIVER] Sending HTTP/3 Response headers
2022-11-30 20:42:21,317 [RECEIVER] Sending HTTP/3 Response data
2022-11-30 20:44:25,624 [efec658d1b3df3d5] ALPN negotiated protocol h3
2022-11-30 20:44:25,627 [efec658d1b3df3d5] HTTP request GET /
2022-11-30 20:44:25,628 [RECEIVER] Pushing HTTP/3 Response
2022-11-30 20:44:25,628 [efec658d1b3df3d5] HTTP request GET /style.css
2022-11-30 20:44:25,638 [RECEIVER] Sending HTTP/3 Response headers
2022-11-30 20:44:25,639 [RECEIVER] Sending HTTP/3 Response data
2022-11-30 20:44:25,650 [efec658d1b3df3d5] Connection close received (code 0x100, reason )
2022-11-30 20:44:25,651 [RECEIVER] Sending HTTP/3 Response headers
2022-11-30 20:44:25,652 [RECEIVER] Sending HTTP/3 Response data
2022-11-30 21:13:35,150 [a5da8aaee75465db] ALPN negotiated protocol h3
2022-11-30 21:13:35,154 [a5da8aaee75465db] HTTP request GET /
2022-11-30 21:13:35,154 [RECEIVER] Pushing HTTP/3 Response
2022-11-30 21:13:35,155 [a5da8aaee75465db] HTTP request GET /style.css
2022-11-30 21:13:35,156 [RECEIVER] Sending HTTP/3 Response headers
2022-11-30 21:13:35,157 [RECEIVER] Sending HTTP/3 Response data
2022-11-30 21:13:35,161 [RECEIVER] Sending HTTP/3 Response headers
2022-11-30 21:13:35,167 [a5da8aaee75465db] Connection close received (code 0x100, reason )
2022-11-30 21:13:35,170 [RECEIVER] Sending HTTP/3 Response data
2022-11-30 21:15:04,281 [e64136d859703cac] ALPN negotiated protocol h3
2022-11-30 21:15:04,285 [e64136d859703cac] HTTP request GET /
2022-11-30 21:15:04,285 [RECEIVER] Pushing HTTP/3 Response
2022-11-30 21:15:04,286 [e64136d859703cac] HTTP request GET /style.css
2022-11-30 21:15:04,286 [RECEIVER] Sending HTTP/3 Response headers
2022-11-30 21:15:04,287 [RECEIVER] Sending HTTP/3 Response data
2022-11-30 21:15:04,289 [RECEIVER] Sending HTTP/3 Response headers
2022-11-30 21:15:04,291 [RECEIVER] Sending HTTP/3 Response data
2022-11-30 21:15:04,300 [e64136d859703cac] Connection close received (code 0x100, reason )
2022-11-30 21:19:26,608 [041c37cf6408b9fc] ALPN negotiated protocol h3
2022-11-30 21:19:26,612 [041c37cf6408b9fc] HTTP request GET /
2022-11-30 21:19:26,612 [RECEIVER] Pushing HTTP/3 Response
2022-11-30 21:19:26,613 [041c37cf6408b9fc] HTTP request GET /style.css
2022-11-30 21:19:26,614 [RECEIVER] Sending HTTP/3 Response headers
2022-11-30 21:19:26,615 [RECEIVER] Sending HTTP/3 Response data
2022-11-30 21:19:26,620 [041c37cf6408b9fc] Connection close received (code 0x100, reason )
2022-11-30 21:19:26,621 [RECEIVER] Sending HTTP/3 Response headers
2022-11-30 21:19:26,622 [RECEIVER] Sending HTTP/3 Response data
2022-11-30 21:19:37,497 [3d12c958ca8b9d12] ALPN negotiated protocol h3
2022-11-30 21:19:37,499 [3d12c958ca8b9d12] HTTP request GET /
2022-11-30 21:19:37,500 [RECEIVER] Pushing HTTP/3 Response
2022-11-30 21:19:37,500 [3d12c958ca8b9d12] HTTP request GET /style.css
2022-11-30 21:19:37,501 [RECEIVER] Sending HTTP/3 Response headers
2022-11-30 21:19:37,502 [RECEIVER] Sending HTTP/3 Response data
2022-11-30 21:19:37,505 [RECEIVER] Sending HTTP/3 Response headers
2022-11-30 21:19:37,509 [3d12c958ca8b9d12] Connection close received (code 0x100, reason )
2022-11-30 21:19:37,510 [RECEIVER] Sending HTTP/3 Response data
2022-11-30 21:28:03,626 [dd0ff6b7c881f50a] ALPN negotiated protocol h3
2022-11-30 21:28:03,628 [dd0ff6b7c881f50a] HTTP request GET /
2022-11-30 21:28:03,628 [RECEIVER] Pushing HTTP/3 Response
2022-11-30 21:28:03,628 [dd0ff6b7c881f50a] HTTP request GET /style.css
2022-11-30 21:28:03,629 [RECEIVER] Sending HTTP/3 Response headers
2022-11-30 21:28:03,630 [RECEIVER] Sending HTTP/3 Response data
2022-11-30 21:28:03,633 [RECEIVER] Sending HTTP/3 Response headers
2022-11-30 21:28:03,639 [RECEIVER] Sending HTTP/3 Response data
2022-11-30 21:28:03,640 [dd0ff6b7c881f50a] Connection close received (code 0x100, reason )
2022-11-30 21:30:42,870 [9b3428af20736f8a] ALPN negotiated protocol h3
2022-11-30 21:30:42,873 [9b3428af20736f8a] HTTP request GET /
2022-11-30 21:30:42,873 [RECEIVER] Pushing HTTP/3 Response
2022-11-30 21:30:42,873 [9b3428af20736f8a] HTTP request GET /style.css
2022-11-30 21:30:42,874 [RECEIVER] Sending HTTP/3 Response headers
2022-11-30 21:30:42,875 [RECEIVER] Sending HTTP/3 Response data
2022-11-30 21:30:42,876 [RECEIVER] Sending HTTP/3 Response headers
2022-11-30 21:30:42,880 [RECEIVER] Sending HTTP/3 Response data
2022-11-30 21:30:42,882 [9b3428af20736f8a] Connection close received (code 0x100, reason )
2022-11-30 21:31:25,455 [5b613440e4114f30] ALPN negotiated protocol h3
2022-11-30 21:31:25,458 [5b613440e4114f30] HTTP request GET /
2022-11-30 21:31:25,459 [RECEIVER] Pushing HTTP/3 Response
2022-11-30 21:31:25,459 [5b613440e4114f30] HTTP request GET /style.css
2022-11-30 21:31:25,461 [RECEIVER] Sending HTTP/3 Response headers
2022-11-30 21:31:25,462 [RECEIVER] Sending HTTP/3 Response data
2022-11-30 21:31:25,468 [5b613440e4114f30] Connection close received (code 0x100, reason )
2022-11-30 21:31:25,468 [RECEIVER] Sending HTTP/3 Response headers
2022-11-30 21:31:25,469 [RECEIVER] Sending HTTP/3 Response data
2022-11-30 21:31:28,893 [a3e0ca784357bc36] ALPN negotiated protocol h3
2022-11-30 21:31:28,896 [a3e0ca784357bc36] HTTP request GET /
2022-11-30 21:31:28,896 [RECEIVER] Pushing HTTP/3 Response
2022-11-30 21:31:28,897 [a3e0ca784357bc36] HTTP request GET /style.css
2022-11-30 21:31:28,898 [RECEIVER] Sending HTTP/3 Response headers
2022-11-30 21:31:28,899 [RECEIVER] Sending HTTP/3 Response data
2022-11-30 21:31:28,906 [a3e0ca784357bc36] Connection close received (code 0x100, reason )
2022-11-30 21:31:28,906 [RECEIVER] Sending HTTP/3 Response headers
2022-11-30 21:31:28,907 [RECEIVER] Sending HTTP/3 Response data
2022-11-30 21:32:43,029 [57654e9d00ecfe6c] ALPN negotiated protocol h3
2022-11-30 21:32:43,032 [57654e9d00ecfe6c] HTTP request GET /
2022-11-30 21:32:43,033 [RECEIVER] Pushing HTTP/3 Response
2022-11-30 21:32:43,033 [57654e9d00ecfe6c] HTTP request GET /style.css
2022-11-30 21:32:43,034 [RECEIVER] Sending HTTP/3 Response headers
2022-11-30 21:32:43,036 [RECEIVER] Sending HTTP/3 Response data
2022-11-30 21:32:43,039 [RECEIVER] Sending HTTP/3 Response headers
2022-11-30 21:32:43,044 [57654e9d00ecfe6c] Connection close received (code 0x100, reason )
2022-11-30 21:32:43,044 [RECEIVER] Sending HTTP/3 Response data
2022-11-30 21:33:21,532 [c88dc85572609a3e] ALPN negotiated protocol h3
2022-11-30 21:33:21,536 [c88dc85572609a3e] HTTP request GET /
2022-11-30 21:33:21,536 [RECEIVER] Pushing HTTP/3 Response
2022-11-30 21:33:21,536 [c88dc85572609a3e] HTTP request GET /style.css
2022-11-30 21:33:21,538 [RECEIVER] Sending HTTP/3 Response headers
2022-11-30 21:33:21,539 [RECEIVER] Sending HTTP/3 Response data
2022-11-30 21:33:21,545 [RECEIVER] Sending HTTP/3 Response headers
2022-11-30 21:33:21,546 [c88dc85572609a3e] Connection close received (code 0x100, reason )
2022-11-30 21:33:21,547 [RECEIVER] Sending HTTP/3 Response data
2022-11-30 21:36:30,536 [4b70b9bf603592bb] ALPN negotiated protocol h3
2022-11-30 21:36:30,540 [4b70b9bf603592bb] HTTP request GET /
2022-11-30 21:36:30,540 [RECEIVER] Pushing HTTP/3 Response
2022-11-30 21:36:30,541 [4b70b9bf603592bb] HTTP request GET /style.css
2022-11-30 21:36:30,541 [RECEIVER] Sending HTTP/3 Response headers
2022-11-30 21:36:30,542 [RECEIVER] Sending HTTP/3 Response data
2022-11-30 21:36:30,544 [RECEIVER] Sending HTTP/3 Response headers
2022-11-30 21:36:30,548 [RECEIVER] Sending HTTP/3 Response data
2022-11-30 21:36:30,555 [4b70b9bf603592bb] Connection close received (code 0x100, reason )
2022-11-30 21:38:34,823 [e176fb54915ece5f] ALPN negotiated protocol h3
2022-11-30 21:38:34,827 [e176fb54915ece5f] HTTP request GET /
2022-11-30 21:38:34,828 [RECEIVER] Pushing HTTP/3 Response
2022-11-30 21:38:34,829 [e176fb54915ece5f] HTTP request GET /style.css
2022-11-30 21:38:34,830 [RECEIVER] Sending HTTP/3 Response headers
2022-11-30 21:38:34,831 [RECEIVER] Sending HTTP/3 Response data
2022-11-30 21:38:34,834 [RECEIVER] Sending HTTP/3 Response headers
2022-11-30 21:38:34,838 [e176fb54915ece5f] Connection close received (code 0x100, reason )
2022-11-30 21:38:34,838 [RECEIVER] Sending HTTP/3 Response data
2022-11-30 21:40:18,506 [e2f39e1d4976a13b] ALPN negotiated protocol h3
2022-11-30 21:40:18,508 [e2f39e1d4976a13b] HTTP request GET /
2022-11-30 21:40:18,509 [RECEIVER] Pushing HTTP/3 Response
2022-11-30 21:40:18,509 [e2f39e1d4976a13b] HTTP request GET /style.css
2022-11-30 21:40:18,510 [RECEIVER] Sending HTTP/3 Response headers
2022-11-30 21:40:18,510 [RECEIVER] Sending HTTP/3 Response data
2022-11-30 21:40:18,514 [RECEIVER] Sending HTTP/3 Response headers
2022-11-30 21:40:18,518 [RECEIVER] Sending HTTP/3 Response data
2022-11-30 21:40:18,522 [e2f39e1d4976a13b] Connection close received (code 0x100, reason )
2022-11-30 21:41:25,185 [d7de683066761e3a] ALPN negotiated protocol h3
2022-11-30 21:41:25,187 [d7de683066761e3a] HTTP request GET /
2022-11-30 21:41:25,187 [RECEIVER] Pushing HTTP/3 Response
2022-11-30 21:41:25,188 [d7de683066761e3a] HTTP request GET /style.css
2022-11-30 21:41:25,189 [RECEIVER] Sending HTTP/3 Response headers
2022-11-30 21:41:25,190 [RECEIVER] Sending HTTP/3 Response data
2022-11-30 21:41:25,192 [RECEIVER] Sending HTTP/3 Response headers
2022-11-30 21:41:25,194 [RECEIVER] Sending HTTP/3 Response data
2022-11-30 21:41:25,197 [d7de683066761e3a] Connection close received (code 0x100, reason )
2022-11-30 21:41:28,932 [c002fa1019ec3795] ALPN negotiated protocol h3
2022-11-30 21:41:28,935 [c002fa1019ec3795] HTTP request GET /
2022-11-30 21:41:28,936 [RECEIVER] Pushing HTTP/3 Response
2022-11-30 21:41:28,936 [c002fa1019ec3795] HTTP request GET /style.css
2022-11-30 21:41:28,936 [RECEIVER] Sending HTTP/3 Response headers
2022-11-30 21:41:28,937 [RECEIVER] Sending HTTP/3 Response data
2022-11-30 21:41:28,940 [RECEIVER] Sending HTTP/3 Response headers
2022-11-30 21:41:28,942 [RECEIVER] Sending HTTP/3 Response data
2022-11-30 21:41:28,947 [c002fa1019ec3795] Connection close received (code 0x100, reason )
2022-12-07 13:30:46,432 [014814af3be6a365] ALPN negotiated protocol h3
2022-12-07 13:30:46,438 [014814af3be6a365] HTTP request GET /
2022-12-07 13:30:46,440 [RECEIVER] Pushing HTTP/3 Response
2022-12-07 13:30:46,440 [014814af3be6a365] HTTP request GET /style.css
2022-12-07 13:30:46,449 [RECEIVER] Sending HTTP/3 Response headers
2022-12-07 13:30:46,452 [RECEIVER] Sending HTTP/3 Response data
2022-12-07 13:30:46,466 [014814af3be6a365] Connection close received (code 0x100, reason )
2022-12-07 13:30:46,468 [RECEIVER] Sending HTTP/3 Response headers
2022-12-07 13:30:46,470 [RECEIVER] Sending HTTP/3 Response data
2022-12-07 13:35:50,635 [3536c1173dedbf7f] ALPN negotiated protocol h3
2022-12-07 13:35:50,637 [3536c1173dedbf7f] HTTP request GET /
2022-12-07 13:35:50,638 [RECEIVER] Pushing HTTP/3 Response
2022-12-07 13:35:50,638 [3536c1173dedbf7f] HTTP request GET /style.css
2022-12-07 13:35:50,646 [RECEIVER] Sending HTTP/3 Response headers
2022-12-07 13:35:50,647 [RECEIVER] Sending HTTP/3 Response data
2022-12-07 13:35:50,657 [3536c1173dedbf7f] Connection close received (code 0x100, reason )
2022-12-07 13:35:50,658 [RECEIVER] Sending HTTP/3 Response headers
2022-12-07 13:35:50,660 [RECEIVER] Sending HTTP/3 Response data
2022-12-12 20:57:32,445 [a5d609ded4b39402] ALPN negotiated protocol h3
2022-12-12 20:57:32,449 [a5d609ded4b39402] HTTP request GET /
2022-12-12 20:57:32,451 [RECEIVER] Pushing HTTP/3 Response
2022-12-12 20:57:32,451 [a5d609ded4b39402] HTTP request GET /style.css
2022-12-12 20:57:32,460 [RECEIVER] Sending HTTP/3 Response headers
2022-12-12 20:57:32,464 [RECEIVER] Sending HTTP/3 Response data
2022-12-12 20:57:32,478 [a5d609ded4b39402] Connection close received (code 0x100, reason )
2022-12-12 20:57:32,480 [RECEIVER] Sending HTTP/3 Response headers
2022-12-12 20:57:32,481 [RECEIVER] Sending HTTP/3 Response data
2022-12-12 20:58:07,580 [8748cafc6f9b0d7d] ALPN negotiated protocol h3
2022-12-12 20:58:07,582 [8748cafc6f9b0d7d] HTTP request GET /
2022-12-12 20:58:07,583 [RECEIVER] Pushing HTTP/3 Response
2022-12-12 20:58:07,583 [8748cafc6f9b0d7d] HTTP request GET /style.css
2022-12-12 20:58:07,584 [RECEIVER] Sending HTTP/3 Response headers
2022-12-12 20:58:07,585 [RECEIVER] Sending HTTP/3 Response data
2022-12-12 20:58:07,590 [RECEIVER] Sending HTTP/3 Response headers
2022-12-12 20:58:07,592 [8748cafc6f9b0d7d] Connection close received (code 0x100, reason )
2022-12-12 20:58:07,593 [RECEIVER] Sending HTTP/3 Response data
2022-12-12 21:02:15,151 [21bc2ee48d1f50f8] ALPN negotiated protocol h3
2022-12-12 21:02:15,155 [21bc2ee48d1f50f8] HTTP request GET /
2022-12-12 21:02:15,155 [RECEIVER] Pushing HTTP/3 Response
2022-12-12 21:02:15,155 [21bc2ee48d1f50f8] HTTP request GET /style.css
2022-12-12 21:02:15,164 [RECEIVER] Sending HTTP/3 Response headers
2022-12-12 21:02:15,164 [RECEIVER] Sending HTTP/3 Response data
2022-12-12 21:02:15,178 [21bc2ee48d1f50f8] Connection close received (code 0x100, reason )
2022-12-12 21:02:15,180 [RECEIVER] Sending HTTP/3 Response headers
2022-12-12 21:02:15,181 [RECEIVER] Sending HTTP/3 Response data
2022-12-12 21:11:05,461 [d364f8b97d6467d5] ALPN negotiated protocol h3
2022-12-12 21:11:05,463 [d364f8b97d6467d5] HTTP request GET /
2022-12-12 21:11:05,464 [RECEIVER] Pushing HTTP/3 Response
2022-12-12 21:11:05,464 [d364f8b97d6467d5] HTTP request GET /style.css
2022-12-12 21:11:05,465 [RECEIVER] Sending HTTP/3 Response headers
2022-12-12 21:11:05,467 [RECEIVER] Sending HTTP/3 Response data
2022-12-12 21:11:05,473 [d364f8b97d6467d5] Connection close received (code 0x100, reason )
2022-12-12 21:11:05,474 [RECEIVER] Sending HTTP/3 Response headers
2022-12-12 21:11:05,475 [RECEIVER] Sending HTTP/3 Response data
2022-12-12 21:15:50,894 [a625a1e79e00299c] ALPN negotiated protocol h3
2022-12-12 21:15:50,897 [a625a1e79e00299c] HTTP request GET /
2022-12-12 21:15:50,898 [RECEIVER] Pushing HTTP/3 Response
2022-12-12 21:15:50,899 [a625a1e79e00299c] HTTP request GET /style.css
2022-12-12 21:15:50,907 [RECEIVER] Sending HTTP/3 Response headers
2022-12-12 21:15:50,908 [RECEIVER] Sending HTTP/3 Response data
2022-12-12 21:15:50,921 [a625a1e79e00299c] Connection close received (code 0x100, reason )
2022-12-12 21:15:50,923 [RECEIVER] Sending HTTP/3 Response headers
2022-12-12 21:15:50,924 [RECEIVER] Sending HTTP/3 Response data
2022-12-12 22:17:22,787 [533ee444cdaa587b] ALPN negotiated protocol h3
2022-12-12 22:17:22,790 [533ee444cdaa587b] HTTP request GET /
2022-12-12 22:17:22,791 [RECEIVER] Pushing HTTP/3 Response
2022-12-12 22:17:22,791 [533ee444cdaa587b] HTTP request GET /style.css
2022-12-12 22:17:22,799 [RECEIVER] Sending HTTP/3 Response headers
2022-12-12 22:17:22,800 [RECEIVER] Sending HTTP/3 Response data
2022-12-12 22:17:22,812 [533ee444cdaa587b] Connection close received (code 0x100, reason )
2022-12-12 22:17:22,814 [RECEIVER] Sending HTTP/3 Response headers
2022-12-12 22:17:22,815 [RECEIVER] Sending HTTP/3 Response data
2022-12-12 22:17:37,003 [8ed93dfbde351b61] ALPN negotiated protocol h3
2022-12-12 22:17:37,005 [8ed93dfbde351b61] HTTP request GET /
2022-12-12 22:17:37,006 [RECEIVER] Pushing HTTP/3 Response
2022-12-12 22:17:37,006 [8ed93dfbde351b61] HTTP request GET /style.css
2022-12-12 22:17:37,008 [RECEIVER] Sending HTTP/3 Response headers
2022-12-12 22:17:37,009 [RECEIVER] Sending HTTP/3 Response data
2022-12-12 22:17:37,013 [RECEIVER] Sending HTTP/3 Response headers
2022-12-12 22:17:37,015 [8ed93dfbde351b61] Connection close received (code 0x100, reason )
2022-12-12 22:17:37,016 [RECEIVER] Sending HTTP/3 Response data
