2022-10-11 18:31:01,440 [0ab89bba7f94e20e] ALPN negotiated protocol h3
2022-10-11 18:31:01,450 [0ab89bba7f94e20e] HTTP request GET /
2022-10-11 18:31:01,451 [RECEIVER] Pushing HTTP/3 Response
2022-10-11 18:31:01,452 [0ab89bba7f94e20e] HTTP request GET /style.css
2022-10-11 18:31:01,462 [RECEIVER] Sending HTTP/3 Response headers
2022-10-11 18:31:01,463 [RECEIVER] Sending HTTP/3 Response data
2022-10-11 18:31:01,488 [0ab89bba7f94e20e] Connection close received (code 0x100, reason )
2022-10-11 18:31:01,490 [RECEIVER] Sending HTTP/3 Response headers
2022-10-11 18:31:01,492 [RECEIVER] Sending HTTP/3 Response data
2022-11-30 20:42:21,278 [a5371cc605c9a196] ALPN negotiated protocol h3
2022-11-30 20:42:21,283 [a5371cc605c9a196] HTTP request GET /
2022-11-30 20:42:21,283 [RECEIVER] Pushing HTTP/3 Response
2022-11-30 20:42:21,284 [a5371cc605c9a196] HTTP request GET /style.css
2022-11-30 20:42:21,292 [RECEIVER] Sending HTTP/3 Response headers
2022-11-30 20:42:21,296 [RECEIVER] Sending HTTP/3 Response data
2022-11-30 20:42:21,314 [a5371cc605c9a196] Connection close received (code 0x100, reason )
2022-11-30 20:42:21,315 [RECEIVER] Sending HTTP/3 Response headers
2022-11-30 20:42:21,317 [RECEIVER] Sending HTTP/3 Response data
2022-11-30 20:44:25,624 [efec658d1b3df3d5] ALPN negotiated protocol h3
2022-11-30 20:44:25,627 [efec658d1b3df3d5] HTTP request GET /
2022-11-30 20:44:25,628 [RECEIVER] Pushing HTTP/3 Response
2022-11-30 20:44:25,628 [efec658d1b3df3d5] HTTP request GET /style.css
2022-11-30 20:44:25,638 [RECEIVER] Sending HTTP/3 Response headers
2022-11-30 20:44:25,639 [RECEIVER] Sending HTTP/3 Response data
2022-11-30 20:44:25,650 [efec658d1b3df3d5] Connection close received (code 0x100, reason )
2022-11-30 20:44:25,651 [RECEIVER] Sending HTTP/3 Response headers
2022-11-30 20:44:25,652 [RECEIVER] Sending HTTP/3 Response data
2022-11-30 21:13:35,150 [a5da8aaee75465db] ALPN negotiated protocol h3
2022-11-30 21:13:35,154 [a5da8aaee75465db] HTTP request GET /
2022-11-30 21:13:35,154 [RECEIVER] Pushing HTTP/3 Response
2022-11-30 21:13:35,155 [a5da8aaee75465db] HTTP request GET /style.css
2022-11-30 21:13:35,156 [RECEIVER] Sending HTTP/3 Response headers
2022-11-30 21:13:35,157 [RECEIVER] Sending HTTP/3 Response data
2022-11-30 21:13:35,161 [RECEIVER] Sending HTTP/3 Response headers
2022-11-30 21:13:35,167 [a5da8aaee75465db] Connection close received (code 0x100, reason )
2022-11-30 21:13:35,170 [RECEIVER] Sending HTTP/3 Response data
2022-11-30 21:15:04,281 [e64136d859703cac] ALPN negotiated protocol h3
2022-11-30 21:15:04,285 [e64136d859703cac] HTTP request GET /
2022-11-30 21:15:04,285 [RECEIVER] Pushing HTTP/3 Response
2022-11-30 21:15:04,286 [e64136d859703cac] HTTP request GET /style.css
2022-11-30 21:15:04,286 [RECEIVER] Sending HTTP/3 Response headers
2022-11-30 21:15:04,287 [RECEIVER] Sending HTTP/3 Response data
2022-11-30 21:15:04,289 [RECEIVER] Sending HTTP/3 Response headers
2022-11-30 21:15:04,291 [RECEIVER] Sending HTTP/3 Response data
2022-11-30 21:15:04,300 [e64136d859703cac] Connection close received (code 0x100, reason )
2022-11-30 21:19:26,608 [041c37cf6408b9fc] ALPN negotiated protocol h3
2022-11-30 21:19:26,612 [041c37cf6408b9fc] HTTP request GET /
2022-11-30 21:19:26,612 [RECEIVER] Pushing HTTP/3 Response
2022-11-30 21:19:26,613 [041c37cf6408b9fc] HTTP request GET /style.css
2022-11-30 21:19:26,614 [RECEIVER] Sending HTTP/3 Response headers
2022-11-30 21:19:26,615 [RECEIVER] Sending HTTP/3 Response data
2022-11-30 21:19:26,620 [041c37cf6408b9fc] Connection close received (code 0x100, reason )
2022-11-30 21:19:26,621 [RECEIVER] Sending HTTP/3 Response headers
2022-11-30 21:19:26,622 [RECEIVER] Sending HTTP/3 Response data
2022-11-30 21:19:37,497 [3d12c958ca8b9d12] ALPN negotiated protocol h3
2022-11-30 21:19:37,499 [3d12c958ca8b9d12] HTTP request GET /
2022-11-30 21:19:37,500 [RECEIVER] Pushing HTTP/3 Response
2022-11-30 21:19:37,500 [3d12c958ca8b9d12] HTTP request GET /style.css
2022-11-30 21:19:37,501 [RECEIVER] Sending HTTP/3 Response headers
2022-11-30 21:19:37,502 [RECEIVER] Sending HTTP/3 Response data
2022-11-30 21:19:37,505 [RECEIVER] Sending HTTP/3 Response headers
2022-11-30 21:19:37,509 [3d12c958ca8b9d12] Connection close received (code 0x100, reason )
2022-11-30 21:19:37,510 [RECEIVER] Sending HTTP/3 Response data
2022-11-30 21:28:03,626 [dd0ff6b7c881f50a] ALPN negotiated protocol h3
2022-11-30 21:28:03,628 [dd0ff6b7c881f50a] HTTP request GET /
2022-11-30 21:28:03,628 [RECEIVER] Pushing HTTP/3 Response
2022-11-30 21:28:03,628 [dd0ff6b7c881f50a] HTTP request GET /style.css
2022-11-30 21:28:03,629 [RECEIVER] Sending HTTP/3 Response headers
2022-11-30 21:28:03,630 [RECEIVER] Sending HTTP/3 Response data
2022-11-30 21:28:03,633 [RECEIVER] Sending HTTP/3 Response headers
2022-11-30 21:28:03,639 [RECEIVER] Sending HTTP/3 Response data
2022-11-30 21:28:03,640 [dd0ff6b7c881f50a] Connection close received (code 0x100, reason )
2022-11-30 21:30:42,870 [9b3428af20736f8a] ALPN negotiated protocol h3
2022-11-30 21:30:42,873 [9b3428af20736f8a] HTTP request GET /
2022-11-30 21:30:42,873 [RECEIVER] Pushing HTTP/3 Response
2022-11-30 21:30:42,873 [9b3428af20736f8a] HTTP request GET /style.css
2022-11-30 21:30:42,874 [RECEIVER] Sending HTTP/3 Response headers
2022-11-30 21:30:42,875 [RECEIVER] Sending HTTP/3 Response data
2022-11-30 21:30:42,876 [RECEIVER] Sending HTTP/3 Response headers
2022-11-30 21:30:42,880 [RECEIVER] Sending HTTP/3 Response data
2022-11-30 21:30:42,882 [9b3428af20736f8a] Connection close received (code 0x100, reason )
2022-11-30 21:31:25,455 [5b613440e4114f30] ALPN negotiated protocol h3
2022-11-30 21:31:25,458 [5b613440e4114f30] HTTP request GET /
2022-11-30 21:31:25,459 [RECEIVER] Pushing HTTP/3 Response
2022-11-30 21:31:25,459 [5b613440e4114f30] HTTP request GET /style.css
2022-11-30 21:31:25,461 [RECEIVER] Sending HTTP/3 Response headers
2022-11-30 21:31:25,462 [RECEIVER] Sending HTTP/3 Response data
2022-11-30 21:31:25,468 [5b613440e4114f30] Connection close received (code 0x100, reason )
2022-11-30 21:31:25,468 [RECEIVER] Sending HTTP/3 Response headers
2022-11-30 21:31:25,469 [RECEIVER] Sending HTTP/3 Response data
2022-11-30 21:31:28,893 [a3e0ca784357bc36] ALPN negotiated protocol h3
2022-11-30 21:31:28,896 [a3e0ca784357bc36] HTTP request GET /
2022-11-30 21:31:28,896 [RECEIVER] Pushing HTTP/3 Response
2022-11-30 21:31:28,897 [a3e0ca784357bc36] HTTP request GET /style.css
2022-11-30 21:31:28,898 [RECEIVER] Sending HTTP/3 Response headers
2022-11-30 21:31:28,899 [RECEIVER] Sending HTTP/3 Response data
2022-11-30 21:31:28,906 [a3e0ca784357bc36] Connection close received (code 0x100, reason )
2022-11-30 21:31:28,906 [RECEIVER] Sending HTTP/3 Response headers
2022-11-30 21:31:28,907 [RECEIVER] Sending HTTP/3 Response data
2022-11-30 21:32:43,029 [57654e9d00ecfe6c] ALPN negotiated protocol h3
2022-11-30 21:32:43,032 [57654e9d00ecfe6c] HTTP request GET /
2022-11-30 21:32:43,033 [RECEIVER] Pushing HTTP/3 Response
2022-11-30 21:32:43,033 [57654e9d00ecfe6c] HTTP request GET /style.css
2022-11-30 21:32:43,034 [RECEIVER] Sending HTTP/3 Response headers
2022-11-30 21:32:43,036 [RECEIVER] Sending HTTP/3 Response data
2022-11-30 21:32:43,039 [RECEIVER] Sending HTTP/3 Response headers
2022-11-30 21:32:43,044 [57654e9d00ecfe6c] Connection close received (code 0x100, reason )
2022-11-30 21:32:43,044 [RECEIVER] Sending HTTP/3 Response data
2022-11-30 21:33:21,532 [c88dc85572609a3e] ALPN negotiated protocol h3
2022-11-30 21:33:21,536 [c88dc85572609a3e] HTTP request GET /
2022-11-30 21:33:21,536 [RECEIVER] Pushing HTTP/3 Response
2022-11-30 21:33:21,536 [c88dc85572609a3e] HTTP request GET /style.css
2022-11-30 21:33:21,538 [RECEIVER] Sending HTTP/3 Response headers
2022-11-30 21:33:21,539 [RECEIVER] Sending HTTP/3 Response data
2022-11-30 21:33:21,545 [RECEIVER] Sending HTTP/3 Response headers
2022-11-30 21:33:21,546 [c88dc85572609a3e] Connection close received (code 0x100, reason )
2022-11-30 21:33:21,547 [RECEIVER] Sending HTTP/3 Response data
2022-11-30 21:36:30,536 [4b70b9bf603592bb] ALPN negotiated protocol h3
2022-11-30 21:36:30,540 [4b70b9bf603592bb] HTTP request GET /
2022-11-30 21:36:30,540 [RECEIVER] Pushing HTTP/3 Response
2022-11-30 21:36:30,541 [4b70b9bf603592bb] HTTP request GET /style.css
2022-11-30 21:36:30,541 [RECEIVER] Sending HTTP/3 Response headers
2022-11-30 21:36:30,542 [RECEIVER] Sending HTTP/3 Response data
2022-11-30 21:36:30,544 [RECEIVER] Sending HTTP/3 Response headers
2022-11-30 21:36:30,548 [RECEIVER] Sending HTTP/3 Response data
2022-11-30 21:36:30,555 [4b70b9bf603592bb] Connection close received (code 0x100, reason )
2022-11-30 21:38:34,823 [e176fb54915ece5f] ALPN negotiated protocol h3
2022-11-30 21:38:34,827 [e176fb54915ece5f] HTTP request GET /
2022-11-30 21:38:34,828 [RECEIVER] Pushing HTTP/3 Response
2022-11-30 21:38:34,829 [e176fb54915ece5f] HTTP request GET /style.css
2022-11-30 21:38:34,830 [RECEIVER] Sending HTTP/3 Response headers
2022-11-30 21:38:34,831 [RECEIVER] Sending HTTP/3 Response data
2022-11-30 21:38:34,834 [RECEIVER] Sending HTTP/3 Response headers
2022-11-30 21:38:34,838 [e176fb54915ece5f] Connection close received (code 0x100, reason )
2022-11-30 21:38:34,838 [RECEIVER] Sending HTTP/3 Response data
2022-11-30 21:40:18,506 [e2f39e1d4976a13b] ALPN negotiated protocol h3
2022-11-30 21:40:18,508 [e2f39e1d4976a13b] HTTP request GET /
2022-11-30 21:40:18,509 [RECEIVER] Pushing HTTP/3 Response
2022-11-30 21:40:18,509 [e2f39e1d4976a13b] HTTP request GET /style.css
2022-11-30 21:40:18,510 [RECEIVER] Sending HTTP/3 Response headers
2022-11-30 21:40:18,510 [RECEIVER] Sending HTTP/3 Response data
2022-11-30 21:40:18,514 [RECEIVER] Sending HTTP/3 Response headers
2022-11-30 21:40:18,518 [RECEIVER] Sending HTTP/3 Response data
2022-11-30 21:40:18,522 [e2f39e1d4976a13b] Connection close received (code 0x100, reason )
2022-11-30 21:41:25,185 [d7de683066761e3a] ALPN negotiated protocol h3
2022-11-30 21:41:25,187 [d7de683066761e3a] HTTP request GET /
2022-11-30 21:41:25,187 [RECEIVER] Pushing HTTP/3 Response
2022-11-30 21:41:25,188 [d7de683066761e3a] HTTP request GET /style.css
2022-11-30 21:41:25,189 [RECEIVER] Sending HTTP/3 Response headers
2022-11-30 21:41:25,190 [RECEIVER] Sending HTTP/3 Response data
2022-11-30 21:41:25,192 [RECEIVER] Sending HTTP/3 Response headers
2022-11-30 21:41:25,194 [RECEIVER] Sending HTTP/3 Response data
2022-11-30 21:41:25,197 [d7de683066761e3a] Connection close received (code 0x100, reason )
2022-11-30 21:41:28,932 [c002fa1019ec3795] ALPN negotiated protocol h3
2022-11-30 21:41:28,935 [c002fa1019ec3795] HTTP request GET /
2022-11-30 21:41:28,936 [RECEIVER] Pushing HTTP/3 Response
2022-11-30 21:41:28,936 [c002fa1019ec3795] HTTP request GET /style.css
2022-11-30 21:41:28,936 [RECEIVER] Sending HTTP/3 Response headers
2022-11-30 21:41:28,937 [RECEIVER] Sending HTTP/3 Response data
2022-11-30 21:41:28,940 [RECEIVER] Sending HTTP/3 Response headers
2022-11-30 21:41:28,942 [RECEIVER] Sending HTTP/3 Response data
2022-11-30 21:41:28,947 [c002fa1019ec3795] Connection close received (code 0x100, reason )
2022-12-14 17:46:15,199 [77a9169146ba7238] ALPN negotiated protocol h3
2022-12-14 17:46:15,204 [77a9169146ba7238] HTTP request GET /
2022-12-14 17:46:15,204 [RECEIVER] Pushing HTTP/3 Response
2022-12-14 17:46:15,205 [77a9169146ba7238] HTTP request GET /style.css
2022-12-14 17:46:15,214 [RECEIVER] Sending HTTP/3 Response headers
2022-12-14 17:46:15,217 [RECEIVER] Sending HTTP/3 Response data
2022-12-14 17:46:15,231 [77a9169146ba7238] Connection close received (code 0x100, reason )
2022-12-14 17:46:15,232 [RECEIVER] Sending HTTP/3 Response headers
2022-12-14 17:46:15,235 [RECEIVER] Sending HTTP/3 Response data
2022-12-14 17:49:39,333 [f1a2f19c9b24c20b] ALPN negotiated protocol h3
2022-12-14 17:49:39,337 [f1a2f19c9b24c20b] HTTP request GET /
2022-12-14 17:49:39,338 [RECEIVER] Pushing HTTP/3 Response
2022-12-14 17:49:39,340 [f1a2f19c9b24c20b] HTTP request GET /style.css
2022-12-14 17:49:39,348 [RECEIVER] Sending HTTP/3 Response headers
2022-12-14 17:49:39,349 [RECEIVER] Sending HTTP/3 Response data
2022-12-14 17:49:39,360 [f1a2f19c9b24c20b] Connection close received (code 0x100, reason )
2022-12-14 17:49:39,362 [RECEIVER] Sending HTTP/3 Response headers
2022-12-14 17:49:39,364 [RECEIVER] Sending HTTP/3 Response data
2022-12-14 17:50:38,366 [344e39d99436a825] ALPN negotiated protocol h3
2022-12-14 17:50:38,370 [344e39d99436a825] HTTP request GET /
2022-12-14 17:50:38,372 [RECEIVER] Pushing HTTP/3 Response
2022-12-14 17:50:38,373 [344e39d99436a825] HTTP request GET /style.css
2022-12-14 17:50:38,376 [RECEIVER] Sending HTTP/3 Response headers
2022-12-14 17:50:38,378 [RECEIVER] Sending HTTP/3 Response data
2022-12-14 17:50:38,384 [344e39d99436a825] Connection close received (code 0x100, reason )
2022-12-14 17:50:38,385 [RECEIVER] Sending HTTP/3 Response headers
2022-12-14 17:50:38,387 [RECEIVER] Sending HTTP/3 Response data
2022-12-14 19:10:54,920 [f0a0ba3780972a84] ALPN negotiated protocol h3
2022-12-14 19:10:54,925 [f0a0ba3780972a84] HTTP request GET /
2022-12-14 19:10:54,928 [RECEIVER] Pushing HTTP/3 Response
2022-12-14 19:10:54,929 [f0a0ba3780972a84] HTTP request GET /style.css
2022-12-14 19:10:54,939 [RECEIVER] Sending HTTP/3 Response headers
2022-12-14 19:10:54,940 [RECEIVER] Sending HTTP/3 Response data
2022-12-14 19:10:54,955 [f0a0ba3780972a84] Connection close received (code 0x100, reason )
2022-12-14 19:10:54,962 [RECEIVER] Sending HTTP/3 Response headers
2022-12-14 19:10:54,964 [RECEIVER] Sending HTTP/3 Response data
2022-12-14 19:13:50,653 [5f826fbbf524881a] ALPN negotiated protocol h3
2022-12-14 19:13:50,662 [5f826fbbf524881a] HTTP request GET /
2022-12-14 19:13:50,666 [RECEIVER] Pushing HTTP/3 Response
2022-12-14 19:13:50,667 [5f826fbbf524881a] HTTP request GET /style.css
2022-12-14 19:13:50,669 [RECEIVER] Sending HTTP/3 Response headers
2022-12-14 19:13:50,671 [RECEIVER] Sending HTTP/3 Response data
2022-12-14 19:13:50,680 [5f826fbbf524881a] Connection close received (code 0x100, reason )
2022-12-14 19:13:50,682 [RECEIVER] Sending HTTP/3 Response headers
2022-12-14 19:13:50,684 [RECEIVER] Sending HTTP/3 Response data
2022-12-14 19:19:33,388 [a8b648d4b165e322] ALPN negotiated protocol h3
2022-12-14 19:19:33,396 [a8b648d4b165e322] HTTP request GET /
2022-12-14 19:19:33,397 [RECEIVER] Pushing HTTP/3 Response
2022-12-14 19:19:33,397 [a8b648d4b165e322] HTTP request GET /style.css
2022-12-14 19:19:33,413 [RECEIVER] Sending HTTP/3 Response headers
2022-12-14 19:19:33,415 [RECEIVER] Sending HTTP/3 Response data
2022-12-14 19:19:33,444 [a8b648d4b165e322] Connection close received (code 0x100, reason )
2022-12-14 19:19:33,450 [RECEIVER] Sending HTTP/3 Response headers
2022-12-14 19:19:33,453 [RECEIVER] Sending HTTP/3 Response data
2022-12-14 19:21:21,572 [c269f0530c8d85cb] ALPN negotiated protocol h3
2022-12-14 19:21:21,582 [c269f0530c8d85cb] HTTP request GET /
2022-12-14 19:21:21,583 [RECEIVER] Pushing HTTP/3 Response
2022-12-14 19:21:21,583 [c269f0530c8d85cb] HTTP request GET /style.css
2022-12-14 19:21:21,599 [RECEIVER] Sending HTTP/3 Response headers
2022-12-14 19:21:21,601 [RECEIVER] Sending HTTP/3 Response data
2022-12-14 19:21:21,616 [c269f0530c8d85cb] Connection close received (code 0x100, reason )
2022-12-14 19:21:21,620 [RECEIVER] Sending HTTP/3 Response headers
2022-12-14 19:21:21,622 [RECEIVER] Sending HTTP/3 Response data
2022-12-14 19:22:32,812 [2d48013c220e3377] ALPN negotiated protocol h3
2022-12-14 19:22:32,823 [2d48013c220e3377] HTTP request GET /
2022-12-14 19:22:32,827 [RECEIVER] Pushing HTTP/3 Response
2022-12-14 19:22:32,827 [2d48013c220e3377] HTTP request GET /style.css
2022-12-14 19:22:32,828 [RECEIVER] Sending HTTP/3 Response headers
2022-12-14 19:22:32,829 [RECEIVER] Sending HTTP/3 Response data
2022-12-14 19:22:32,837 [RECEIVER] Sending HTTP/3 Response headers
2022-12-14 19:22:32,843 [RECEIVER] Sending HTTP/3 Response data
2022-12-14 19:22:32,847 [2d48013c220e3377] Connection close received (code 0x100, reason )
2022-12-14 19:26:47,301 [bffe88fd4f78ac89] ALPN negotiated protocol h3
2022-12-14 19:26:47,305 [bffe88fd4f78ac89] HTTP request GET /
2022-12-14 19:26:47,308 [RECEIVER] Pushing HTTP/3 Response
2022-12-14 19:26:47,309 [bffe88fd4f78ac89] HTTP request GET /style.css
2022-12-14 19:26:47,319 [RECEIVER] Sending HTTP/3 Response headers
2022-12-14 19:26:47,321 [RECEIVER] Sending HTTP/3 Response data
2022-12-14 19:26:47,342 [bffe88fd4f78ac89] Connection close received (code 0x100, reason )
2022-12-14 19:26:47,344 [RECEIVER] Sending HTTP/3 Response headers
2022-12-14 19:26:47,353 [RECEIVER] Sending HTTP/3 Response data
2022-12-14 19:32:41,969 [697b651eda179380] ALPN negotiated protocol h3
2022-12-14 19:32:41,982 [697b651eda179380] HTTP request GET /
2022-12-14 19:32:41,984 [RECEIVER] Pushing HTTP/3 Response
2022-12-14 19:32:41,985 [697b651eda179380] HTTP request GET /style.css
2022-12-14 19:32:42,004 [RECEIVER] Sending HTTP/3 Response headers
2022-12-14 19:32:42,005 [RECEIVER] Sending HTTP/3 Response data
2022-12-14 19:32:42,022 [697b651eda179380] Connection close received (code 0x100, reason )
2022-12-14 19:32:42,026 [RECEIVER] Sending HTTP/3 Response headers
2022-12-14 19:32:42,031 [RECEIVER] Sending HTTP/3 Response data
2022-12-14 19:44:48,491 [1586c9de1a5da94b] ALPN negotiated protocol h3
2022-12-14 19:44:48,502 [1586c9de1a5da94b] HTTP request GET /
2022-12-14 19:44:48,503 [RECEIVER] Pushing HTTP/3 Response
2022-12-14 19:44:48,504 [1586c9de1a5da94b] HTTP request GET /style.css
2022-12-14 19:44:48,522 [RECEIVER] Sending HTTP/3 Response headers
2022-12-14 19:44:48,523 [RECEIVER] Sending HTTP/3 Response data
2022-12-14 19:44:48,544 [1586c9de1a5da94b] Connection close received (code 0x100, reason )
2022-12-14 19:44:48,552 [RECEIVER] Sending HTTP/3 Response headers
2022-12-14 19:44:48,560 [RECEIVER] Sending HTTP/3 Response data
2022-12-14 19:46:55,337 [036e3f88bb2f99dc] ALPN negotiated protocol h3
2022-12-14 19:46:55,343 [036e3f88bb2f99dc] HTTP request GET /
2022-12-14 19:46:55,346 [RECEIVER] Pushing HTTP/3 Response
2022-12-14 19:46:55,347 [036e3f88bb2f99dc] HTTP request GET /style.css
2022-12-14 19:46:55,350 [RECEIVER] Sending HTTP/3 Response headers
2022-12-14 19:46:55,354 [RECEIVER] Sending HTTP/3 Response data
2022-12-14 19:46:55,378 [RECEIVER] Sending HTTP/3 Response headers
2022-12-14 19:46:55,381 [036e3f88bb2f99dc] Connection close received (code 0x100, reason )
2022-12-14 19:46:55,382 [RECEIVER] Sending HTTP/3 Response data
2022-12-16 13:14:18,920 [4e056bac834cf121] ALPN negotiated protocol h3
2022-12-16 13:14:18,926 [4e056bac834cf121] HTTP request GET /
2022-12-16 13:14:18,928 [RECEIVER] Pushing HTTP/3 Response
2022-12-16 13:14:18,929 [4e056bac834cf121] HTTP request GET /style.css
2022-12-16 13:14:18,939 [RECEIVER] Sending HTTP/3 Response headers
2022-12-16 13:14:18,943 [RECEIVER] Sending HTTP/3 Response data
2022-12-16 13:14:18,956 [4e056bac834cf121] Connection close received (code 0x100, reason )
2022-12-16 13:14:18,958 [RECEIVER] Sending HTTP/3 Response headers
2022-12-16 13:14:18,959 [RECEIVER] Sending HTTP/3 Response data
2022-12-16 13:21:05,766 [d376871dc1ecaa39] ALPN negotiated protocol h3
2022-12-16 13:21:05,769 [d376871dc1ecaa39] HTTP request GET /
2022-12-16 13:21:05,771 [RECEIVER] Pushing HTTP/3 Response
2022-12-16 13:21:05,771 [d376871dc1ecaa39] HTTP request GET /style.css
2022-12-16 13:21:05,780 [RECEIVER] Sending HTTP/3 Response headers
2022-12-16 13:21:05,781 [RECEIVER] Sending HTTP/3 Response data
2022-12-16 13:21:05,791 [d376871dc1ecaa39] Connection close received (code 0x100, reason )
2022-12-16 13:21:05,794 [RECEIVER] Sending HTTP/3 Response headers
2022-12-16 13:21:05,796 [RECEIVER] Sending HTTP/3 Response data
2022-12-16 13:25:17,792 [5b2a5339e4fe78db] ALPN negotiated protocol h3
2022-12-16 13:25:17,795 [5b2a5339e4fe78db] HTTP request GET /
2022-12-16 13:25:17,796 [RECEIVER] Pushing HTTP/3 Response
2022-12-16 13:25:17,797 [5b2a5339e4fe78db] HTTP request GET /style.css
2022-12-16 13:25:17,807 [RECEIVER] Sending HTTP/3 Response headers
2022-12-16 13:25:17,809 [RECEIVER] Sending HTTP/3 Response data
2022-12-16 13:25:17,818 [5b2a5339e4fe78db] Connection close received (code 0x100, reason )
2022-12-16 13:25:17,820 [RECEIVER] Sending HTTP/3 Response headers
2022-12-16 13:25:17,822 [RECEIVER] Sending HTTP/3 Response data
2022-12-16 13:27:12,960 [eb17297fdf53f0a1] ALPN negotiated protocol h3
2022-12-16 13:27:12,964 [eb17297fdf53f0a1] HTTP request GET /
2022-12-16 13:27:12,964 [RECEIVER] Pushing HTTP/3 Response
2022-12-16 13:27:12,964 [eb17297fdf53f0a1] HTTP request GET /style.css
2022-12-16 13:27:12,974 [RECEIVER] Sending HTTP/3 Response headers
2022-12-16 13:27:12,974 [RECEIVER] Sending HTTP/3 Response data
2022-12-16 13:27:12,986 [eb17297fdf53f0a1] Connection close received (code 0x100, reason )
2022-12-16 13:27:12,988 [RECEIVER] Sending HTTP/3 Response headers
2022-12-16 13:27:12,989 [RECEIVER] Sending HTTP/3 Response data
2022-12-16 13:28:44,070 [5afa548fbb4d551d] ALPN negotiated protocol h3
2022-12-16 13:28:44,074 [5afa548fbb4d551d] HTTP request GET /
2022-12-16 13:28:44,077 [RECEIVER] Pushing HTTP/3 Response
2022-12-16 13:28:44,077 [5afa548fbb4d551d] HTTP request GET /style.css
2022-12-16 13:28:44,084 [RECEIVER] Sending HTTP/3 Response headers
2022-12-16 13:28:44,085 [RECEIVER] Sending HTTP/3 Response data
2022-12-16 13:28:44,097 [5afa548fbb4d551d] Connection close received (code 0x100, reason )
2022-12-16 13:28:44,099 [RECEIVER] Sending HTTP/3 Response headers
2022-12-16 13:28:44,100 [RECEIVER] Sending HTTP/3 Response data
2022-12-16 13:30:24,241 [90b1c3dd66ecdeea] ALPN negotiated protocol h3
2022-12-16 13:30:24,243 [90b1c3dd66ecdeea] HTTP request GET /
2022-12-16 13:30:24,245 [RECEIVER] Pushing HTTP/3 Response
2022-12-16 13:30:24,247 [90b1c3dd66ecdeea] HTTP request GET /style.css
2022-12-16 13:30:24,248 [RECEIVER] Sending HTTP/3 Response headers
2022-12-16 13:30:24,250 [RECEIVER] Sending HTTP/3 Response data
2022-12-16 13:30:24,258 [90b1c3dd66ecdeea] Connection close received (code 0x100, reason )
2022-12-16 13:30:24,258 [RECEIVER] Sending HTTP/3 Response headers
2022-12-16 13:30:24,259 [RECEIVER] Sending HTTP/3 Response data
