Calling target program-options parser
[20:32:50.297] [bmv2] [D] [thread 2583] Set default default entry for table 'MyIngress.ipv4_lpm': MyIngress.drop - 
Adding interface s1-eth1 as port 1
[20:32:50.297] [bmv2] [D] [thread 2583] Adding interface s1-eth1 as port 1
Adding interface s1-eth2 as port 2
[20:32:50.333] [bmv2] [D] [thread 2583] Adding interface s1-eth2 as port 2
Adding interface s1-eth3 as port 3
[20:32:50.370] [bmv2] [D] [thread 2583] Adding interface s1-eth3 as port 3
Adding interface s1-eth4 as port 4
[20:32:50.402] [bmv2] [D] [thread 2583] Adding interface s1-eth4 as port 4
Server listening on 0.0.0.0:50051
[20:32:50.446] [bmv2] [I] [thread 2583] Starting Thrift server on port 9090
[20:32:50.447] [bmv2] [I] [thread 2583] Thrift server was started
[20:32:50.542] [bmv2] [D] [thread 2593] [0.0] [cxt 0] Processing packet received on port 2
[20:32:50.542] [bmv2] [D] [thread 2593] [0.0] [cxt 0] Parser 'parser': start
[20:32:50.542] [bmv2] [D] [thread 2593] [0.0] [cxt 0] Parser 'parser' entering state 'start'
[20:32:50.542] [bmv2] [D] [thread 2593] [0.0] [cxt 0] Extracting header 'ethernet'
[20:32:50.543] [bmv2] [D] [thread 2593] [0.0] [cxt 0] Parser state 'start': key is 86dd
[20:32:50.543] [bmv2] [T] [thread 2593] [0.0] [cxt 0] Bytes parsed: 14
[20:32:50.543] [bmv2] [D] [thread 2593] [0.0] [cxt 0] Parser 'parser': end
[20:32:50.543] [bmv2] [D] [thread 2593] [0.0] [cxt 0] Pipeline 'ingress': start
[20:32:50.543] [bmv2] [T] [thread 2593] [0.0] [cxt 0] basic.p4(132) Condition "hdr.ipv4.isValid()" (node_2) is false
[20:32:50.543] [bmv2] [D] [thread 2593] [0.0] [cxt 0] Pipeline 'ingress': end
[20:32:50.543] [bmv2] [D] [thread 2593] [0.0] [cxt 0] Egress port is 0
[20:32:50.543] [bmv2] [D] [thread 2594] [0.0] [cxt 0] Pipeline 'egress': start
[20:32:50.543] [bmv2] [D] [thread 2594] [0.0] [cxt 0] Pipeline 'egress': end
[20:32:50.543] [bmv2] [D] [thread 2594] [0.0] [cxt 0] Deparser 'deparser': start
[20:32:50.543] [bmv2] [T] [thread 2594] [0.0] [cxt 0] Skipping checksum 'cksum' update because condition not met
[20:32:50.543] [bmv2] [D] [thread 2594] [0.0] [cxt 0] Deparsing header 'ethernet'
[20:32:50.543] [bmv2] [D] [thread 2594] [0.0] [cxt 0] Deparser 'deparser': end
[20:32:50.543] [bmv2] [D] [thread 2598] [0.0] [cxt 0] Transmitting packet of size 86 out of port 0
[20:32:50.642] [bmv2] [D] [thread 2593] [1.0] [cxt 0] Processing packet received on port 3
[20:32:50.642] [bmv2] [D] [thread 2593] [1.0] [cxt 0] Parser 'parser': start
[20:32:50.642] [bmv2] [D] [thread 2593] [1.0] [cxt 0] Parser 'parser' entering state 'start'
[20:32:50.642] [bmv2] [D] [thread 2593] [1.0] [cxt 0] Extracting header 'ethernet'
[20:32:50.643] [bmv2] [D] [thread 2593] [1.0] [cxt 0] Parser state 'start': key is 86dd
[20:32:50.643] [bmv2] [T] [thread 2593] [1.0] [cxt 0] Bytes parsed: 14
[20:32:50.643] [bmv2] [D] [thread 2593] [1.0] [cxt 0] Parser 'parser': end
[20:32:50.643] [bmv2] [D] [thread 2593] [1.0] [cxt 0] Pipeline 'ingress': start
[20:32:50.643] [bmv2] [T] [thread 2593] [1.0] [cxt 0] basic.p4(132) Condition "hdr.ipv4.isValid()" (node_2) is false
[20:32:50.643] [bmv2] [D] [thread 2593] [1.0] [cxt 0] Pipeline 'ingress': end
[20:32:50.643] [bmv2] [D] [thread 2593] [1.0] [cxt 0] Egress port is 0
[20:32:50.643] [bmv2] [D] [thread 2594] [1.0] [cxt 0] Pipeline 'egress': start
[20:32:50.643] [bmv2] [D] [thread 2594] [1.0] [cxt 0] Pipeline 'egress': end
[20:32:50.643] [bmv2] [D] [thread 2594] [1.0] [cxt 0] Deparser 'deparser': start
[20:32:50.643] [bmv2] [T] [thread 2594] [1.0] [cxt 0] Skipping checksum 'cksum' update because condition not met
[20:32:50.643] [bmv2] [D] [thread 2594] [1.0] [cxt 0] Deparsing header 'ethernet'
[20:32:50.643] [bmv2] [D] [thread 2594] [1.0] [cxt 0] Deparser 'deparser': end
[20:32:50.643] [bmv2] [D] [thread 2598] [1.0] [cxt 0] Transmitting packet of size 90 out of port 0
[20:32:50.767] [bmv2] [D] [thread 2593] [2.0] [cxt 0] Processing packet received on port 1
[20:32:50.767] [bmv2] [D] [thread 2593] [2.0] [cxt 0] Parser 'parser': start
[20:32:50.767] [bmv2] [D] [thread 2593] [2.0] [cxt 0] Parser 'parser' entering state 'start'
[20:32:50.767] [bmv2] [D] [thread 2593] [2.0] [cxt 0] Extracting header 'ethernet'
[20:32:50.767] [bmv2] [D] [thread 2593] [2.0] [cxt 0] Parser state 'start': key is 86dd
[20:32:50.767] [bmv2] [T] [thread 2593] [2.0] [cxt 0] Bytes parsed: 14
[20:32:50.767] [bmv2] [D] [thread 2593] [2.0] [cxt 0] Parser 'parser': end
[20:32:50.767] [bmv2] [D] [thread 2593] [2.0] [cxt 0] Pipeline 'ingress': start
[20:32:50.767] [bmv2] [T] [thread 2593] [2.0] [cxt 0] basic.p4(132) Condition "hdr.ipv4.isValid()" (node_2) is false
[20:32:50.767] [bmv2] [D] [thread 2593] [2.0] [cxt 0] Pipeline 'ingress': end
[20:32:50.767] [bmv2] [D] [thread 2593] [2.0] [cxt 0] Egress port is 0
[20:32:50.767] [bmv2] [D] [thread 2593] [3.0] [cxt 0] Processing packet received on port 1
[20:32:50.767] [bmv2] [D] [thread 2593] [3.0] [cxt 0] Parser 'parser': start
[20:32:50.767] [bmv2] [D] [thread 2593] [3.0] [cxt 0] Parser 'parser' entering state 'start'
[20:32:50.767] [bmv2] [D] [thread 2593] [3.0] [cxt 0] Extracting header 'ethernet'
[20:32:50.767] [bmv2] [D] [thread 2593] [3.0] [cxt 0] Parser state 'start': key is 86dd
[20:32:50.767] [bmv2] [T] [thread 2593] [3.0] [cxt 0] Bytes parsed: 14
[20:32:50.767] [bmv2] [D] [thread 2593] [3.0] [cxt 0] Parser 'parser': end
[20:32:50.767] [bmv2] [D] [thread 2593] [3.0] [cxt 0] Pipeline 'ingress': start
[20:32:50.767] [bmv2] [T] [thread 2593] [3.0] [cxt 0] basic.p4(132) Condition "hdr.ipv4.isValid()" (node_2) is false
[20:32:50.767] [bmv2] [D] [thread 2593] [3.0] [cxt 0] Pipeline 'ingress': end
[20:32:50.767] [bmv2] [D] [thread 2593] [3.0] [cxt 0] Egress port is 0
[20:32:50.767] [bmv2] [D] [thread 2594] [2.0] [cxt 0] Pipeline 'egress': start
[20:32:50.767] [bmv2] [D] [thread 2594] [2.0] [cxt 0] Pipeline 'egress': end
[20:32:50.767] [bmv2] [D] [thread 2594] [2.0] [cxt 0] Deparser 'deparser': start
[20:32:50.767] [bmv2] [T] [thread 2594] [2.0] [cxt 0] Skipping checksum 'cksum' update because condition not met
[20:32:50.767] [bmv2] [D] [thread 2594] [2.0] [cxt 0] Deparsing header 'ethernet'
[20:32:50.768] [bmv2] [D] [thread 2594] [2.0] [cxt 0] Deparser 'deparser': end
[20:32:50.768] [bmv2] [D] [thread 2594] [3.0] [cxt 0] Pipeline 'egress': start
[20:32:50.768] [bmv2] [D] [thread 2594] [3.0] [cxt 0] Pipeline 'egress': end
[20:32:50.768] [bmv2] [D] [thread 2594] [3.0] [cxt 0] Deparser 'deparser': start
[20:32:50.768] [bmv2] [T] [thread 2594] [3.0] [cxt 0] Skipping checksum 'cksum' update because condition not met
[20:32:50.768] [bmv2] [D] [thread 2594] [3.0] [cxt 0] Deparsing header 'ethernet'
[20:32:50.768] [bmv2] [D] [thread 2594] [3.0] [cxt 0] Deparser 'deparser': end
[20:32:50.768] [bmv2] [D] [thread 2598] [2.0] [cxt 0] Transmitting packet of size 90 out of port 0
[20:32:50.768] [bmv2] [D] [thread 2598] [3.0] [cxt 0] Transmitting packet of size 70 out of port 0
[20:32:50.894] [bmv2] [D] [thread 2593] [4.0] [cxt 0] Processing packet received on port 2
[20:32:50.894] [bmv2] [D] [thread 2593] [4.0] [cxt 0] Parser 'parser': start
[20:32:50.894] [bmv2] [D] [thread 2593] [4.0] [cxt 0] Parser 'parser' entering state 'start'
[20:32:50.894] [bmv2] [D] [thread 2593] [4.0] [cxt 0] Extracting header 'ethernet'
[20:32:50.894] [bmv2] [D] [thread 2593] [4.0] [cxt 0] Parser state 'start': key is 86dd
[20:32:50.894] [bmv2] [T] [thread 2593] [4.0] [cxt 0] Bytes parsed: 14
[20:32:50.894] [bmv2] [D] [thread 2593] [4.0] [cxt 0] Parser 'parser': end
[20:32:50.894] [bmv2] [D] [thread 2593] [4.0] [cxt 0] Pipeline 'ingress': start
[20:32:50.894] [bmv2] [T] [thread 2593] [4.0] [cxt 0] basic.p4(132) Condition "hdr.ipv4.isValid()" (node_2) is false
[20:32:50.894] [bmv2] [D] [thread 2593] [4.0] [cxt 0] Pipeline 'ingress': end
[20:32:50.894] [bmv2] [D] [thread 2593] [4.0] [cxt 0] Egress port is 0
[20:32:50.894] [bmv2] [D] [thread 2594] [4.0] [cxt 0] Pipeline 'egress': start
[20:32:50.894] [bmv2] [D] [thread 2594] [4.0] [cxt 0] Pipeline 'egress': end
[20:32:50.894] [bmv2] [D] [thread 2594] [4.0] [cxt 0] Deparser 'deparser': start
[20:32:50.894] [bmv2] [T] [thread 2594] [4.0] [cxt 0] Skipping checksum 'cksum' update because condition not met
[20:32:50.894] [bmv2] [D] [thread 2594] [4.0] [cxt 0] Deparsing header 'ethernet'
[20:32:50.894] [bmv2] [D] [thread 2594] [4.0] [cxt 0] Deparser 'deparser': end
[20:32:50.894] [bmv2] [D] [thread 2598] [4.0] [cxt 0] Transmitting packet of size 90 out of port 0
[20:32:51.065] [bmv2] [D] [thread 2593] [5.0] [cxt 0] Processing packet received on port 3
[20:32:51.065] [bmv2] [D] [thread 2593] [5.0] [cxt 0] Parser 'parser': start
[20:32:51.065] [bmv2] [D] [thread 2593] [5.0] [cxt 0] Parser 'parser' entering state 'start'
[20:32:51.065] [bmv2] [D] [thread 2593] [5.0] [cxt 0] Extracting header 'ethernet'
[20:32:51.065] [bmv2] [D] [thread 2593] [5.0] [cxt 0] Parser state 'start': key is 86dd
[20:32:51.065] [bmv2] [T] [thread 2593] [5.0] [cxt 0] Bytes parsed: 14
[20:32:51.065] [bmv2] [D] [thread 2593] [5.0] [cxt 0] Parser 'parser': end
[20:32:51.065] [bmv2] [D] [thread 2593] [5.0] [cxt 0] Pipeline 'ingress': start
[20:32:51.065] [bmv2] [T] [thread 2593] [5.0] [cxt 0] basic.p4(132) Condition "hdr.ipv4.isValid()" (node_2) is false
[20:32:51.065] [bmv2] [D] [thread 2593] [5.0] [cxt 0] Pipeline 'ingress': end
[20:32:51.065] [bmv2] [D] [thread 2593] [5.0] [cxt 0] Egress port is 0
[20:32:51.065] [bmv2] [D] [thread 2593] [6.0] [cxt 0] Processing packet received on port 3
[20:32:51.065] [bmv2] [D] [thread 2593] [6.0] [cxt 0] Parser 'parser': start
[20:32:51.065] [bmv2] [D] [thread 2593] [6.0] [cxt 0] Parser 'parser' entering state 'start'
[20:32:51.065] [bmv2] [D] [thread 2593] [6.0] [cxt 0] Extracting header 'ethernet'
[20:32:51.065] [bmv2] [D] [thread 2593] [6.0] [cxt 0] Parser state 'start': key is 86dd
[20:32:51.065] [bmv2] [T] [thread 2593] [6.0] [cxt 0] Bytes parsed: 14
[20:32:51.065] [bmv2] [D] [thread 2593] [6.0] [cxt 0] Parser 'parser': end
[20:32:51.066] [bmv2] [D] [thread 2593] [6.0] [cxt 0] Pipeline 'ingress': start
[20:32:51.066] [bmv2] [T] [thread 2593] [6.0] [cxt 0] basic.p4(132) Condition "hdr.ipv4.isValid()" (node_2) is false
[20:32:51.066] [bmv2] [D] [thread 2593] [6.0] [cxt 0] Pipeline 'ingress': end
[20:32:51.066] [bmv2] [D] [thread 2593] [6.0] [cxt 0] Egress port is 0
[20:32:51.066] [bmv2] [D] [thread 2594] [5.0] [cxt 0] Pipeline 'egress': start
[20:32:51.066] [bmv2] [D] [thread 2594] [5.0] [cxt 0] Pipeline 'egress': end
[20:32:51.066] [bmv2] [D] [thread 2594] [5.0] [cxt 0] Deparser 'deparser': start
[20:32:51.066] [bmv2] [T] [thread 2594] [5.0] [cxt 0] Skipping checksum 'cksum' update because condition not met
[20:32:51.066] [bmv2] [D] [thread 2594] [5.0] [cxt 0] Deparsing header 'ethernet'
[20:32:51.066] [bmv2] [D] [thread 2594] [5.0] [cxt 0] Deparser 'deparser': end
[20:32:51.066] [bmv2] [D] [thread 2594] [6.0] [cxt 0] Pipeline 'egress': start
[20:32:51.066] [bmv2] [D] [thread 2594] [6.0] [cxt 0] Pipeline 'egress': end
[20:32:51.066] [bmv2] [D] [thread 2594] [6.0] [cxt 0] Deparser 'deparser': start
[20:32:51.066] [bmv2] [T] [thread 2594] [6.0] [cxt 0] Skipping checksum 'cksum' update because condition not met
[20:32:51.066] [bmv2] [D] [thread 2594] [6.0] [cxt 0] Deparsing header 'ethernet'
[20:32:51.066] [bmv2] [D] [thread 2594] [6.0] [cxt 0] Deparser 'deparser': end
[20:32:51.066] [bmv2] [D] [thread 2598] [5.0] [cxt 0] Transmitting packet of size 90 out of port 0
[20:32:51.066] [bmv2] [D] [thread 2598] [6.0] [cxt 0] Transmitting packet of size 70 out of port 0
[20:32:51.186] [bmv2] [D] [thread 2593] [7.0] [cxt 0] Processing packet received on port 4
[20:32:51.186] [bmv2] [D] [thread 2593] [7.0] [cxt 0] Parser 'parser': start
[20:32:51.186] [bmv2] [D] [thread 2593] [7.0] [cxt 0] Parser 'parser' entering state 'start'
[20:32:51.186] [bmv2] [D] [thread 2593] [7.0] [cxt 0] Extracting header 'ethernet'
[20:32:51.186] [bmv2] [D] [thread 2593] [7.0] [cxt 0] Parser state 'start': key is 86dd
[20:32:51.186] [bmv2] [T] [thread 2593] [7.0] [cxt 0] Bytes parsed: 14
[20:32:51.186] [bmv2] [D] [thread 2593] [7.0] [cxt 0] Parser 'parser': end
[20:32:51.186] [bmv2] [D] [thread 2593] [7.0] [cxt 0] Pipeline 'ingress': start
[20:32:51.186] [bmv2] [T] [thread 2593] [7.0] [cxt 0] basic.p4(132) Condition "hdr.ipv4.isValid()" (node_2) is false
[20:32:51.186] [bmv2] [D] [thread 2593] [7.0] [cxt 0] Pipeline 'ingress': end
[20:32:51.186] [bmv2] [D] [thread 2593] [7.0] [cxt 0] Egress port is 0
[20:32:51.186] [bmv2] [D] [thread 2593] [8.0] [cxt 0] Processing packet received on port 4
[20:32:51.186] [bmv2] [D] [thread 2593] [8.0] [cxt 0] Parser 'parser': start
[20:32:51.186] [bmv2] [D] [thread 2593] [8.0] [cxt 0] Parser 'parser' entering state 'start'
[20:32:51.186] [bmv2] [D] [thread 2593] [8.0] [cxt 0] Extracting header 'ethernet'
[20:32:51.186] [bmv2] [D] [thread 2593] [8.0] [cxt 0] Parser state 'start': key is 86dd
[20:32:51.186] [bmv2] [T] [thread 2593] [8.0] [cxt 0] Bytes parsed: 14
[20:32:51.186] [bmv2] [D] [thread 2593] [8.0] [cxt 0] Parser 'parser': end
[20:32:51.186] [bmv2] [D] [thread 2593] [8.0] [cxt 0] Pipeline 'ingress': start
[20:32:51.186] [bmv2] [T] [thread 2593] [8.0] [cxt 0] basic.p4(132) Condition "hdr.ipv4.isValid()" (node_2) is false
[20:32:51.186] [bmv2] [D] [thread 2593] [8.0] [cxt 0] Pipeline 'ingress': end
[20:32:51.186] [bmv2] [D] [thread 2593] [8.0] [cxt 0] Egress port is 0
[20:32:51.187] [bmv2] [D] [thread 2594] [7.0] [cxt 0] Pipeline 'egress': start
[20:32:51.187] [bmv2] [D] [thread 2594] [7.0] [cxt 0] Pipeline 'egress': end
[20:32:51.187] [bmv2] [D] [thread 2594] [7.0] [cxt 0] Deparser 'deparser': start
[20:32:51.187] [bmv2] [T] [thread 2594] [7.0] [cxt 0] Skipping checksum 'cksum' update because condition not met
[20:32:51.187] [bmv2] [D] [thread 2594] [7.0] [cxt 0] Deparsing header 'ethernet'
[20:32:51.187] [bmv2] [D] [thread 2594] [7.0] [cxt 0] Deparser 'deparser': end
[20:32:51.187] [bmv2] [D] [thread 2594] [8.0] [cxt 0] Pipeline 'egress': start
[20:32:51.187] [bmv2] [D] [thread 2594] [8.0] [cxt 0] Pipeline 'egress': end
[20:32:51.187] [bmv2] [D] [thread 2594] [8.0] [cxt 0] Deparser 'deparser': start
[20:32:51.187] [bmv2] [T] [thread 2594] [8.0] [cxt 0] Skipping checksum 'cksum' update because condition not met
[20:32:51.187] [bmv2] [D] [thread 2594] [8.0] [cxt 0] Deparsing header 'ethernet'
[20:32:51.187] [bmv2] [D] [thread 2594] [8.0] [cxt 0] Deparser 'deparser': end
[20:32:51.187] [bmv2] [D] [thread 2598] [7.0] [cxt 0] Transmitting packet of size 90 out of port 0
[20:32:51.187] [bmv2] [D] [thread 2598] [8.0] [cxt 0] Transmitting packet of size 70 out of port 0
[20:32:51.286] [bmv2] [D] [thread 2593] [9.0] [cxt 0] Processing packet received on port 3
[20:32:51.286] [bmv2] [D] [thread 2593] [9.0] [cxt 0] Parser 'parser': start
[20:32:51.286] [bmv2] [D] [thread 2593] [9.0] [cxt 0] Parser 'parser' entering state 'start'
[20:32:51.286] [bmv2] [D] [thread 2593] [9.0] [cxt 0] Extracting header 'ethernet'
[20:32:51.286] [bmv2] [D] [thread 2593] [9.0] [cxt 0] Parser state 'start': key is 86dd
[20:32:51.286] [bmv2] [T] [thread 2593] [9.0] [cxt 0] Bytes parsed: 14
[20:32:51.286] [bmv2] [D] [thread 2593] [9.0] [cxt 0] Parser 'parser': end
[20:32:51.286] [bmv2] [D] [thread 2593] [9.0] [cxt 0] Pipeline 'ingress': start
[20:32:51.286] [bmv2] [T] [thread 2593] [9.0] [cxt 0] basic.p4(132) Condition "hdr.ipv4.isValid()" (node_2) is false
[20:32:51.286] [bmv2] [D] [thread 2593] [9.0] [cxt 0] Pipeline 'ingress': end
[20:32:51.286] [bmv2] [D] [thread 2593] [9.0] [cxt 0] Egress port is 0
[20:32:51.287] [bmv2] [D] [thread 2594] [9.0] [cxt 0] Pipeline 'egress': start
[20:32:51.287] [bmv2] [D] [thread 2594] [9.0] [cxt 0] Pipeline 'egress': end
[20:32:51.287] [bmv2] [D] [thread 2594] [9.0] [cxt 0] Deparser 'deparser': start
[20:32:51.287] [bmv2] [T] [thread 2594] [9.0] [cxt 0] Skipping checksum 'cksum' update because condition not met
[20:32:51.287] [bmv2] [D] [thread 2594] [9.0] [cxt 0] Deparsing header 'ethernet'
[20:32:51.287] [bmv2] [D] [thread 2594] [9.0] [cxt 0] Deparser 'deparser': end
[20:32:51.287] [bmv2] [D] [thread 2598] [9.0] [cxt 0] Transmitting packet of size 90 out of port 0
[20:32:51.313] [bmv2] [D] [thread 2593] [10.0] [cxt 0] Processing packet received on port 4
[20:32:51.313] [bmv2] [D] [thread 2593] [10.0] [cxt 0] Parser 'parser': start
[20:32:51.313] [bmv2] [D] [thread 2593] [10.0] [cxt 0] Parser 'parser' entering state 'start'
[20:32:51.313] [bmv2] [D] [thread 2593] [10.0] [cxt 0] Extracting header 'ethernet'
[20:32:51.313] [bmv2] [D] [thread 2593] [10.0] [cxt 0] Parser state 'start': key is 86dd
[20:32:51.313] [bmv2] [T] [thread 2593] [10.0] [cxt 0] Bytes parsed: 14
[20:32:51.313] [bmv2] [D] [thread 2593] [10.0] [cxt 0] Parser 'parser': end
[20:32:51.313] [bmv2] [D] [thread 2593] [10.0] [cxt 0] Pipeline 'ingress': start
[20:32:51.313] [bmv2] [T] [thread 2593] [10.0] [cxt 0] basic.p4(132) Condition "hdr.ipv4.isValid()" (node_2) is false
[20:32:51.313] [bmv2] [D] [thread 2593] [10.0] [cxt 0] Pipeline 'ingress': end
[20:32:51.313] [bmv2] [D] [thread 2593] [10.0] [cxt 0] Egress port is 0
[20:32:51.313] [bmv2] [D] [thread 2593] [11.0] [cxt 0] Processing packet received on port 4
[20:32:51.314] [bmv2] [D] [thread 2593] [11.0] [cxt 0] Parser 'parser': start
[20:32:51.314] [bmv2] [D] [thread 2593] [11.0] [cxt 0] Parser 'parser' entering state 'start'
[20:32:51.314] [bmv2] [D] [thread 2593] [11.0] [cxt 0] Extracting header 'ethernet'
[20:32:51.314] [bmv2] [D] [thread 2593] [11.0] [cxt 0] Parser state 'start': key is 86dd
[20:32:51.314] [bmv2] [T] [thread 2593] [11.0] [cxt 0] Bytes parsed: 14
[20:32:51.314] [bmv2] [D] [thread 2593] [11.0] [cxt 0] Parser 'parser': end
[20:32:51.314] [bmv2] [D] [thread 2593] [11.0] [cxt 0] Pipeline 'ingress': start
[20:32:51.314] [bmv2] [T] [thread 2593] [11.0] [cxt 0] basic.p4(132) Condition "hdr.ipv4.isValid()" (node_2) is false
[20:32:51.314] [bmv2] [D] [thread 2593] [11.0] [cxt 0] Pipeline 'ingress': end
[20:32:51.314] [bmv2] [D] [thread 2593] [11.0] [cxt 0] Egress port is 0
[20:32:51.314] [bmv2] [D] [thread 2594] [10.0] [cxt 0] Pipeline 'egress': start
[20:32:51.314] [bmv2] [D] [thread 2594] [10.0] [cxt 0] Pipeline 'egress': end
[20:32:51.314] [bmv2] [D] [thread 2594] [10.0] [cxt 0] Deparser 'deparser': start
[20:32:51.314] [bmv2] [T] [thread 2594] [10.0] [cxt 0] Skipping checksum 'cksum' update because condition not met
[20:32:51.314] [bmv2] [D] [thread 2594] [10.0] [cxt 0] Deparsing header 'ethernet'
[20:32:51.314] [bmv2] [D] [thread 2594] [10.0] [cxt 0] Deparser 'deparser': end
[20:32:51.314] [bmv2] [D] [thread 2594] [11.0] [cxt 0] Pipeline 'egress': start
[20:32:51.314] [bmv2] [D] [thread 2594] [11.0] [cxt 0] Pipeline 'egress': end
[20:32:51.314] [bmv2] [D] [thread 2594] [11.0] [cxt 0] Deparser 'deparser': start
[20:32:51.314] [bmv2] [T] [thread 2594] [11.0] [cxt 0] Skipping checksum 'cksum' update because condition not met
[20:32:51.314] [bmv2] [D] [thread 2594] [11.0] [cxt 0] Deparsing header 'ethernet'
[20:32:51.314] [bmv2] [D] [thread 2594] [11.0] [cxt 0] Deparser 'deparser': end
[20:32:51.315] [bmv2] [D] [thread 2598] [10.0] [cxt 0] Transmitting packet of size 90 out of port 0
[20:32:51.315] [bmv2] [D] [thread 2598] [11.0] [cxt 0] Transmitting packet of size 70 out of port 0
[20:32:51.351] [bmv2] [D] [thread 2593] [12.0] [cxt 0] Processing packet received on port 3
[20:32:51.351] [bmv2] [D] [thread 2593] [12.0] [cxt 0] Parser 'parser': start
[20:32:51.351] [bmv2] [D] [thread 2593] [12.0] [cxt 0] Parser 'parser' entering state 'start'
[20:32:51.351] [bmv2] [D] [thread 2593] [12.0] [cxt 0] Extracting header 'ethernet'
[20:32:51.351] [bmv2] [D] [thread 2593] [12.0] [cxt 0] Parser state 'start': key is 86dd
[20:32:51.351] [bmv2] [T] [thread 2593] [12.0] [cxt 0] Bytes parsed: 14
[20:32:51.351] [bmv2] [D] [thread 2593] [12.0] [cxt 0] Parser 'parser': end
[20:32:51.352] [bmv2] [D] [thread 2593] [12.0] [cxt 0] Pipeline 'ingress': start
[20:32:51.352] [bmv2] [T] [thread 2593] [12.0] [cxt 0] basic.p4(132) Condition "hdr.ipv4.isValid()" (node_2) is false
[20:32:51.352] [bmv2] [D] [thread 2593] [12.0] [cxt 0] Pipeline 'ingress': end
[20:32:51.352] [bmv2] [D] [thread 2593] [12.0] [cxt 0] Egress port is 0
[20:32:51.352] [bmv2] [D] [thread 2593] [13.0] [cxt 0] Processing packet received on port 3
[20:32:51.352] [bmv2] [D] [thread 2593] [13.0] [cxt 0] Parser 'parser': start
[20:32:51.352] [bmv2] [D] [thread 2593] [13.0] [cxt 0] Parser 'parser' entering state 'start'
[20:32:51.352] [bmv2] [D] [thread 2593] [13.0] [cxt 0] Extracting header 'ethernet'
[20:32:51.352] [bmv2] [D] [thread 2593] [13.0] [cxt 0] Parser state 'start': key is 86dd
[20:32:51.352] [bmv2] [T] [thread 2593] [13.0] [cxt 0] Bytes parsed: 14
[20:32:51.352] [bmv2] [D] [thread 2593] [13.0] [cxt 0] Parser 'parser': end
[20:32:51.352] [bmv2] [D] [thread 2593] [13.0] [cxt 0] Pipeline 'ingress': start
[20:32:51.352] [bmv2] [T] [thread 2593] [13.0] [cxt 0] basic.p4(132) Condition "hdr.ipv4.isValid()" (node_2) is false
[20:32:51.352] [bmv2] [D] [thread 2593] [13.0] [cxt 0] Pipeline 'ingress': end
[20:32:51.352] [bmv2] [D] [thread 2593] [13.0] [cxt 0] Egress port is 0
[20:32:51.352] [bmv2] [D] [thread 2594] [12.0] [cxt 0] Pipeline 'egress': start
[20:32:51.352] [bmv2] [D] [thread 2594] [12.0] [cxt 0] Pipeline 'egress': end
[20:32:51.352] [bmv2] [D] [thread 2594] [12.0] [cxt 0] Deparser 'deparser': start
[20:32:51.352] [bmv2] [T] [thread 2594] [12.0] [cxt 0] Skipping checksum 'cksum' update because condition not met
[20:32:51.352] [bmv2] [D] [thread 2594] [12.0] [cxt 0] Deparsing header 'ethernet'
[20:32:51.352] [bmv2] [D] [thread 2594] [12.0] [cxt 0] Deparser 'deparser': end
[20:32:51.352] [bmv2] [D] [thread 2594] [13.0] [cxt 0] Pipeline 'egress': start
[20:32:51.352] [bmv2] [D] [thread 2594] [13.0] [cxt 0] Pipeline 'egress': end
[20:32:51.352] [bmv2] [D] [thread 2594] [13.0] [cxt 0] Deparser 'deparser': start
[20:32:51.352] [bmv2] [T] [thread 2594] [13.0] [cxt 0] Skipping checksum 'cksum' update because condition not met
[20:32:51.352] [bmv2] [D] [thread 2594] [13.0] [cxt 0] Deparsing header 'ethernet'
[20:32:51.352] [bmv2] [D] [thread 2594] [13.0] [cxt 0] Deparser 'deparser': end
[20:32:51.352] [bmv2] [D] [thread 2598] [12.0] [cxt 0] Transmitting packet of size 90 out of port 0
[20:32:51.352] [bmv2] [D] [thread 2598] [13.0] [cxt 0] Transmitting packet of size 70 out of port 0
[20:32:51.405] [bmv2] [D] [thread 2593] [14.0] [cxt 0] Processing packet received on port 1
[20:32:51.405] [bmv2] [D] [thread 2593] [14.0] [cxt 0] Parser 'parser': start
[20:32:51.405] [bmv2] [D] [thread 2593] [14.0] [cxt 0] Parser 'parser' entering state 'start'
[20:32:51.405] [bmv2] [D] [thread 2593] [14.0] [cxt 0] Extracting header 'ethernet'
[20:32:51.405] [bmv2] [D] [thread 2593] [14.0] [cxt 0] Parser state 'start': key is 86dd
[20:32:51.405] [bmv2] [T] [thread 2593] [14.0] [cxt 0] Bytes parsed: 14
[20:32:51.405] [bmv2] [D] [thread 2593] [14.0] [cxt 0] Parser 'parser': end
[20:32:51.405] [bmv2] [D] [thread 2593] [14.0] [cxt 0] Pipeline 'ingress': start
[20:32:51.405] [bmv2] [T] [thread 2593] [14.0] [cxt 0] basic.p4(132) Condition "hdr.ipv4.isValid()" (node_2) is false
[20:32:51.405] [bmv2] [D] [thread 2593] [14.0] [cxt 0] Pipeline 'ingress': end
[20:32:51.405] [bmv2] [D] [thread 2593] [14.0] [cxt 0] Egress port is 0
[20:32:51.406] [bmv2] [D] [thread 2594] [14.0] [cxt 0] Pipeline 'egress': start
[20:32:51.406] [bmv2] [D] [thread 2594] [14.0] [cxt 0] Pipeline 'egress': end
[20:32:51.406] [bmv2] [D] [thread 2594] [14.0] [cxt 0] Deparser 'deparser': start
[20:32:51.406] [bmv2] [T] [thread 2594] [14.0] [cxt 0] Skipping checksum 'cksum' update because condition not met
[20:32:51.406] [bmv2] [D] [thread 2594] [14.0] [cxt 0] Deparsing header 'ethernet'
[20:32:51.406] [bmv2] [D] [thread 2594] [14.0] [cxt 0] Deparser 'deparser': end
[20:32:51.406] [bmv2] [D] [thread 2598] [14.0] [cxt 0] Transmitting packet of size 90 out of port 0
[20:32:51.554] [bmv2] [D] [thread 2593] [15.0] [cxt 0] Processing packet received on port 4
[20:32:51.555] [bmv2] [D] [thread 2593] [15.0] [cxt 0] Parser 'parser': start
[20:32:51.555] [bmv2] [D] [thread 2593] [15.0] [cxt 0] Parser 'parser' entering state 'start'
[20:32:51.555] [bmv2] [D] [thread 2593] [15.0] [cxt 0] Extracting header 'ethernet'
[20:32:51.555] [bmv2] [D] [thread 2593] [15.0] [cxt 0] Parser state 'start': key is 86dd
[20:32:51.555] [bmv2] [T] [thread 2593] [15.0] [cxt 0] Bytes parsed: 14
[20:32:51.555] [bmv2] [D] [thread 2593] [15.0] [cxt 0] Parser 'parser': end
[20:32:51.555] [bmv2] [D] [thread 2593] [15.0] [cxt 0] Pipeline 'ingress': start
[20:32:51.555] [bmv2] [T] [thread 2593] [15.0] [cxt 0] basic.p4(132) Condition "hdr.ipv4.isValid()" (node_2) is false
[20:32:51.555] [bmv2] [D] [thread 2593] [15.0] [cxt 0] Pipeline 'ingress': end
[20:32:51.555] [bmv2] [D] [thread 2593] [15.0] [cxt 0] Egress port is 0
[20:32:51.555] [bmv2] [D] [thread 2594] [15.0] [cxt 0] Pipeline 'egress': start
[20:32:51.555] [bmv2] [D] [thread 2594] [15.0] [cxt 0] Pipeline 'egress': end
[20:32:51.555] [bmv2] [D] [thread 2594] [15.0] [cxt 0] Deparser 'deparser': start
[20:32:51.555] [bmv2] [T] [thread 2594] [15.0] [cxt 0] Skipping checksum 'cksum' update because condition not met
[20:32:51.555] [bmv2] [D] [thread 2594] [15.0] [cxt 0] Deparsing header 'ethernet'
[20:32:51.555] [bmv2] [D] [thread 2594] [15.0] [cxt 0] Deparser 'deparser': end
[20:32:51.555] [bmv2] [D] [thread 2598] [15.0] [cxt 0] Transmitting packet of size 90 out of port 0
[20:32:51.567] [bmv2] [D] [thread 2593] [16.0] [cxt 0] Processing packet received on port 2
[20:32:51.567] [bmv2] [D] [thread 2593] [16.0] [cxt 0] Parser 'parser': start
[20:32:51.567] [bmv2] [D] [thread 2593] [16.0] [cxt 0] Parser 'parser' entering state 'start'
[20:32:51.567] [bmv2] [D] [thread 2593] [16.0] [cxt 0] Extracting header 'ethernet'
[20:32:51.567] [bmv2] [D] [thread 2593] [16.0] [cxt 0] Parser state 'start': key is 86dd
[20:32:51.567] [bmv2] [T] [thread 2593] [16.0] [cxt 0] Bytes parsed: 14
[20:32:51.567] [bmv2] [D] [thread 2593] [16.0] [cxt 0] Parser 'parser': end
[20:32:51.567] [bmv2] [D] [thread 2593] [16.0] [cxt 0] Pipeline 'ingress': start
[20:32:51.567] [bmv2] [T] [thread 2593] [16.0] [cxt 0] basic.p4(132) Condition "hdr.ipv4.isValid()" (node_2) is false
[20:32:51.567] [bmv2] [D] [thread 2593] [16.0] [cxt 0] Pipeline 'ingress': end
[20:32:51.567] [bmv2] [D] [thread 2593] [16.0] [cxt 0] Egress port is 0
[20:32:51.567] [bmv2] [D] [thread 2593] [17.0] [cxt 0] Processing packet received on port 2
[20:32:51.567] [bmv2] [D] [thread 2593] [17.0] [cxt 0] Parser 'parser': start
[20:32:51.567] [bmv2] [D] [thread 2593] [17.0] [cxt 0] Parser 'parser' entering state 'start'
[20:32:51.567] [bmv2] [D] [thread 2593] [17.0] [cxt 0] Extracting header 'ethernet'
[20:32:51.567] [bmv2] [D] [thread 2593] [17.0] [cxt 0] Parser state 'start': key is 86dd
[20:32:51.567] [bmv2] [T] [thread 2593] [17.0] [cxt 0] Bytes parsed: 14
[20:32:51.567] [bmv2] [D] [thread 2593] [17.0] [cxt 0] Parser 'parser': end
[20:32:51.567] [bmv2] [D] [thread 2593] [17.0] [cxt 0] Pipeline 'ingress': start
[20:32:51.567] [bmv2] [T] [thread 2593] [17.0] [cxt 0] basic.p4(132) Condition "hdr.ipv4.isValid()" (node_2) is false
[20:32:51.567] [bmv2] [D] [thread 2593] [17.0] [cxt 0] Pipeline 'ingress': end
[20:32:51.567] [bmv2] [D] [thread 2593] [17.0] [cxt 0] Egress port is 0
[20:32:51.569] [bmv2] [D] [thread 2594] [16.0] [cxt 0] Pipeline 'egress': start
[20:32:51.569] [bmv2] [D] [thread 2594] [16.0] [cxt 0] Pipeline 'egress': end
[20:32:51.569] [bmv2] [D] [thread 2594] [16.0] [cxt 0] Deparser 'deparser': start
[20:32:51.569] [bmv2] [T] [thread 2594] [16.0] [cxt 0] Skipping checksum 'cksum' update because condition not met
[20:32:51.569] [bmv2] [D] [thread 2594] [16.0] [cxt 0] Deparsing header 'ethernet'
[20:32:51.569] [bmv2] [D] [thread 2594] [16.0] [cxt 0] Deparser 'deparser': end
[20:32:51.569] [bmv2] [D] [thread 2594] [17.0] [cxt 0] Pipeline 'egress': start
[20:32:51.569] [bmv2] [D] [thread 2594] [17.0] [cxt 0] Pipeline 'egress': end
[20:32:51.569] [bmv2] [D] [thread 2594] [17.0] [cxt 0] Deparser 'deparser': start
[20:32:51.569] [bmv2] [T] [thread 2594] [17.0] [cxt 0] Skipping checksum 'cksum' update because condition not met
[20:32:51.569] [bmv2] [D] [thread 2594] [17.0] [cxt 0] Deparsing header 'ethernet'
[20:32:51.569] [bmv2] [D] [thread 2598] [16.0] [cxt 0] Transmitting packet of size 90 out of port 0
[20:32:51.569] [bmv2] [D] [thread 2594] [17.0] [cxt 0] Deparser 'deparser': end
[20:32:51.569] [bmv2] [D] [thread 2598] [17.0] [cxt 0] Transmitting packet of size 70 out of port 0
[20:32:52.046] [bmv2] [D] [thread 2593] [18.0] [cxt 0] Processing packet received on port 4
[20:32:52.046] [bmv2] [D] [thread 2593] [18.0] [cxt 0] Parser 'parser': start
[20:32:52.046] [bmv2] [D] [thread 2593] [18.0] [cxt 0] Parser 'parser' entering state 'start'
[20:32:52.046] [bmv2] [D] [thread 2593] [18.0] [cxt 0] Extracting header 'ethernet'
[20:32:52.046] [bmv2] [D] [thread 2593] [18.0] [cxt 0] Parser state 'start': key is 86dd
[20:32:52.046] [bmv2] [T] [thread 2593] [18.0] [cxt 0] Bytes parsed: 14
[20:32:52.046] [bmv2] [D] [thread 2593] [18.0] [cxt 0] Parser 'parser': end
[20:32:52.046] [bmv2] [D] [thread 2593] [18.0] [cxt 0] Pipeline 'ingress': start
[20:32:52.046] [bmv2] [T] [thread 2593] [18.0] [cxt 0] basic.p4(132) Condition "hdr.ipv4.isValid()" (node_2) is false
[20:32:52.046] [bmv2] [D] [thread 2593] [18.0] [cxt 0] Pipeline 'ingress': end
[20:32:52.046] [bmv2] [D] [thread 2593] [18.0] [cxt 0] Egress port is 0
[20:32:52.046] [bmv2] [D] [thread 2594] [18.0] [cxt 0] Pipeline 'egress': start
[20:32:52.046] [bmv2] [D] [thread 2594] [18.0] [cxt 0] Pipeline 'egress': end
[20:32:52.046] [bmv2] [D] [thread 2594] [18.0] [cxt 0] Deparser 'deparser': start
[20:32:52.046] [bmv2] [T] [thread 2594] [18.0] [cxt 0] Skipping checksum 'cksum' update because condition not met
[20:32:52.046] [bmv2] [D] [thread 2594] [18.0] [cxt 0] Deparsing header 'ethernet'
[20:32:52.046] [bmv2] [D] [thread 2594] [18.0] [cxt 0] Deparser 'deparser': end
[20:32:52.047] [bmv2] [D] [thread 2598] [18.0] [cxt 0] Transmitting packet of size 90 out of port 0
[20:32:52.237] [bmv2] [D] [thread 2593] [19.0] [cxt 0] Processing packet received on port 2
[20:32:52.237] [bmv2] [D] [thread 2593] [19.0] [cxt 0] Parser 'parser': start
[20:32:52.237] [bmv2] [D] [thread 2593] [19.0] [cxt 0] Parser 'parser' entering state 'start'
[20:32:52.238] [bmv2] [D] [thread 2593] [19.0] [cxt 0] Extracting header 'ethernet'
[20:32:52.238] [bmv2] [D] [thread 2593] [19.0] [cxt 0] Parser state 'start': key is 86dd
[20:32:52.238] [bmv2] [T] [thread 2593] [19.0] [cxt 0] Bytes parsed: 14
[20:32:52.238] [bmv2] [D] [thread 2593] [19.0] [cxt 0] Parser 'parser': end
[20:32:52.238] [bmv2] [D] [thread 2593] [19.0] [cxt 0] Pipeline 'ingress': start
[20:32:52.238] [bmv2] [T] [thread 2593] [19.0] [cxt 0] basic.p4(132) Condition "hdr.ipv4.isValid()" (node_2) is false
[20:32:52.238] [bmv2] [D] [thread 2593] [19.0] [cxt 0] Pipeline 'ingress': end
[20:32:52.238] [bmv2] [D] [thread 2593] [19.0] [cxt 0] Egress port is 0
[20:32:52.238] [bmv2] [D] [thread 2594] [19.0] [cxt 0] Pipeline 'egress': start
[20:32:52.238] [bmv2] [D] [thread 2594] [19.0] [cxt 0] Pipeline 'egress': end
[20:32:52.238] [bmv2] [D] [thread 2594] [19.0] [cxt 0] Deparser 'deparser': start
[20:32:52.238] [bmv2] [T] [thread 2594] [19.0] [cxt 0] Skipping checksum 'cksum' update because condition not met
[20:32:52.239] [bmv2] [D] [thread 2594] [19.0] [cxt 0] Deparsing header 'ethernet'
[20:32:52.239] [bmv2] [D] [thread 2594] [19.0] [cxt 0] Deparser 'deparser': end
[20:32:52.239] [bmv2] [D] [thread 2598] [19.0] [cxt 0] Transmitting packet of size 90 out of port 0
[20:32:52.323] [bmv2] [D] [thread 2593] [20.0] [cxt 0] Processing packet received on port 3
[20:32:52.323] [bmv2] [D] [thread 2593] [20.0] [cxt 0] Parser 'parser': start
[20:32:52.323] [bmv2] [D] [thread 2593] [20.0] [cxt 0] Parser 'parser' entering state 'start'
[20:32:52.323] [bmv2] [D] [thread 2593] [20.0] [cxt 0] Extracting header 'ethernet'
[20:32:52.323] [bmv2] [D] [thread 2593] [20.0] [cxt 0] Parser state 'start': key is 86dd
[20:32:52.323] [bmv2] [T] [thread 2593] [20.0] [cxt 0] Bytes parsed: 14
[20:32:52.323] [bmv2] [D] [thread 2593] [20.0] [cxt 0] Parser 'parser': end
[20:32:52.323] [bmv2] [D] [thread 2593] [20.0] [cxt 0] Pipeline 'ingress': start
[20:32:52.323] [bmv2] [T] [thread 2593] [20.0] [cxt 0] basic.p4(132) Condition "hdr.ipv4.isValid()" (node_2) is false
[20:32:52.323] [bmv2] [D] [thread 2593] [20.0] [cxt 0] Pipeline 'ingress': end
[20:32:52.323] [bmv2] [D] [thread 2593] [20.0] [cxt 0] Egress port is 0
[20:32:52.323] [bmv2] [D] [thread 2594] [20.0] [cxt 0] Pipeline 'egress': start
[20:32:52.323] [bmv2] [D] [thread 2594] [20.0] [cxt 0] Pipeline 'egress': end
[20:32:52.323] [bmv2] [D] [thread 2594] [20.0] [cxt 0] Deparser 'deparser': start
[20:32:52.324] [bmv2] [T] [thread 2594] [20.0] [cxt 0] Skipping checksum 'cksum' update because condition not met
[20:32:52.324] [bmv2] [D] [thread 2594] [20.0] [cxt 0] Deparsing header 'ethernet'
[20:32:52.324] [bmv2] [D] [thread 2594] [20.0] [cxt 0] Deparser 'deparser': end
[20:32:52.324] [bmv2] [D] [thread 2598] [20.0] [cxt 0] Transmitting packet of size 90 out of port 0
[20:32:53.613] [bmv2] [W] [thread 2665] [P4Runtime] p4::tmp::P4DeviceConfig is deprecated
[20:32:53.615] [bmv2] [D] [thread 2665] Set default default entry for table 'MyIngress.ipv4_lpm': MyIngress.drop - 
[20:32:53.617] [bmv2] [D] [thread 2665] simple_switch target has been notified of a config swap
[20:32:53.620] [bmv2] [D] [thread 2666] Set default entry for table 'MyIngress.ipv4_lpm': MyIngress.drop - 
[20:32:53.622] [bmv2] [D] [thread 2665] Entry 0 added to table 'MyIngress.ipv4_lpm'
[20:32:53.622] [bmv2] [D] [thread 2665] Dumping entry 0
Match key:
* hdr.ipv4.dstAddr    : LPM       0a000101/32
Action entry: MyIngress.ipv4_forward - 80000000111,1,

[20:32:53.624] [bmv2] [D] [thread 2666] Entry 1 added to table 'MyIngress.ipv4_lpm'
[20:32:53.624] [bmv2] [D] [thread 2666] Dumping entry 1
Match key:
* hdr.ipv4.dstAddr    : LPM       0a000202/32
Action entry: MyIngress.ipv4_forward - 80000000222,2,

[20:32:53.626] [bmv2] [D] [thread 2665] Entry 2 added to table 'MyIngress.ipv4_lpm'
[20:32:53.626] [bmv2] [D] [thread 2665] Dumping entry 2
Match key:
* hdr.ipv4.dstAddr    : LPM       0a000303/32
Action entry: MyIngress.ipv4_forward - 80000000300,3,

[20:32:53.628] [bmv2] [D] [thread 2666] Entry 3 added to table 'MyIngress.ipv4_lpm'
[20:32:53.628] [bmv2] [D] [thread 2666] Dumping entry 3
Match key:
* hdr.ipv4.dstAddr    : LPM       0a000404/32
Action entry: MyIngress.ipv4_forward - 80000000400,4,

[20:32:55.105] [bmv2] [D] [thread 2593] [21.0] [cxt 0] Processing packet received on port 1
[20:32:55.106] [bmv2] [D] [thread 2593] [21.0] [cxt 0] Parser 'parser': start
[20:32:55.106] [bmv2] [D] [thread 2593] [21.0] [cxt 0] Parser 'parser' entering state 'start'
[20:32:55.106] [bmv2] [D] [thread 2593] [21.0] [cxt 0] Extracting header 'ethernet'
[20:32:55.106] [bmv2] [D] [thread 2593] [21.0] [cxt 0] Parser state 'start': key is 86dd
[20:32:55.106] [bmv2] [T] [thread 2593] [21.0] [cxt 0] Bytes parsed: 14
[20:32:55.106] [bmv2] [D] [thread 2593] [21.0] [cxt 0] Parser 'parser': end
[20:32:55.106] [bmv2] [D] [thread 2593] [21.0] [cxt 0] Pipeline 'ingress': start
[20:32:55.106] [bmv2] [T] [thread 2593] [21.0] [cxt 0] basic.p4(132) Condition "hdr.ipv4.isValid()" (node_2) is false
[20:32:55.106] [bmv2] [D] [thread 2593] [21.0] [cxt 0] Pipeline 'ingress': end
[20:32:55.106] [bmv2] [D] [thread 2593] [21.0] [cxt 0] Egress port is 0
[20:32:55.106] [bmv2] [D] [thread 2593] [22.0] [cxt 0] Processing packet received on port 3
[20:32:55.106] [bmv2] [D] [thread 2593] [22.0] [cxt 0] Parser 'parser': start
[20:32:55.106] [bmv2] [D] [thread 2593] [22.0] [cxt 0] Parser 'parser' entering state 'start'
[20:32:55.106] [bmv2] [D] [thread 2593] [22.0] [cxt 0] Extracting header 'ethernet'
[20:32:55.106] [bmv2] [D] [thread 2593] [22.0] [cxt 0] Parser state 'start': key is 86dd
[20:32:55.106] [bmv2] [T] [thread 2593] [22.0] [cxt 0] Bytes parsed: 14
[20:32:55.106] [bmv2] [D] [thread 2593] [22.0] [cxt 0] Parser 'parser': end
[20:32:55.106] [bmv2] [D] [thread 2593] [22.0] [cxt 0] Pipeline 'ingress': start
[20:32:55.106] [bmv2] [T] [thread 2593] [22.0] [cxt 0] basic.p4(132) Condition "hdr.ipv4.isValid()" (node_2) is false
[20:32:55.106] [bmv2] [D] [thread 2593] [22.0] [cxt 0] Pipeline 'ingress': end
[20:32:55.106] [bmv2] [D] [thread 2593] [22.0] [cxt 0] Egress port is 0
[20:32:55.106] [bmv2] [D] [thread 2594] [21.0] [cxt 0] Pipeline 'egress': start
[20:32:55.106] [bmv2] [D] [thread 2594] [21.0] [cxt 0] Pipeline 'egress': end
[20:32:55.106] [bmv2] [D] [thread 2594] [21.0] [cxt 0] Deparser 'deparser': start
[20:32:55.106] [bmv2] [T] [thread 2594] [21.0] [cxt 0] Skipping checksum 'cksum' update because condition not met
[20:32:55.106] [bmv2] [D] [thread 2594] [21.0] [cxt 0] Deparsing header 'ethernet'
[20:32:55.106] [bmv2] [D] [thread 2594] [21.0] [cxt 0] Deparser 'deparser': end
[20:32:55.106] [bmv2] [D] [thread 2594] [22.0] [cxt 0] Pipeline 'egress': start
[20:32:55.106] [bmv2] [D] [thread 2594] [22.0] [cxt 0] Pipeline 'egress': end
[20:32:55.106] [bmv2] [D] [thread 2594] [22.0] [cxt 0] Deparser 'deparser': start
[20:32:55.106] [bmv2] [T] [thread 2594] [22.0] [cxt 0] Skipping checksum 'cksum' update because condition not met
[20:32:55.106] [bmv2] [D] [thread 2594] [22.0] [cxt 0] Deparsing header 'ethernet'
[20:32:55.106] [bmv2] [D] [thread 2594] [22.0] [cxt 0] Deparser 'deparser': end
[20:32:55.106] [bmv2] [D] [thread 2598] [21.0] [cxt 0] Transmitting packet of size 70 out of port 0
[20:32:55.107] [bmv2] [D] [thread 2598] [22.0] [cxt 0] Transmitting packet of size 70 out of port 0
[20:32:55.341] [bmv2] [D] [thread 2593] [23.0] [cxt 0] Processing packet received on port 4
[20:32:55.341] [bmv2] [D] [thread 2593] [23.0] [cxt 0] Parser 'parser': start
[20:32:55.341] [bmv2] [D] [thread 2593] [23.0] [cxt 0] Parser 'parser' entering state 'start'
[20:32:55.341] [bmv2] [D] [thread 2593] [23.0] [cxt 0] Extracting header 'ethernet'
[20:32:55.341] [bmv2] [D] [thread 2593] [23.0] [cxt 0] Parser state 'start': key is 86dd
[20:32:55.341] [bmv2] [T] [thread 2593] [23.0] [cxt 0] Bytes parsed: 14
[20:32:55.342] [bmv2] [D] [thread 2593] [23.0] [cxt 0] Parser 'parser': end
[20:32:55.342] [bmv2] [D] [thread 2593] [23.0] [cxt 0] Pipeline 'ingress': start
[20:32:55.342] [bmv2] [T] [thread 2593] [23.0] [cxt 0] basic.p4(132) Condition "hdr.ipv4.isValid()" (node_2) is false
[20:32:55.342] [bmv2] [D] [thread 2593] [23.0] [cxt 0] Pipeline 'ingress': end
[20:32:55.342] [bmv2] [D] [thread 2593] [23.0] [cxt 0] Egress port is 0
[20:32:55.342] [bmv2] [D] [thread 2594] [23.0] [cxt 0] Pipeline 'egress': start
[20:32:55.342] [bmv2] [D] [thread 2594] [23.0] [cxt 0] Pipeline 'egress': end
[20:32:55.342] [bmv2] [D] [thread 2594] [23.0] [cxt 0] Deparser 'deparser': start
[20:32:55.342] [bmv2] [T] [thread 2594] [23.0] [cxt 0] Skipping checksum 'cksum' update because condition not met
[20:32:55.342] [bmv2] [D] [thread 2594] [23.0] [cxt 0] Deparsing header 'ethernet'
[20:32:55.342] [bmv2] [D] [thread 2594] [23.0] [cxt 0] Deparser 'deparser': end
[20:32:55.342] [bmv2] [D] [thread 2598] [23.0] [cxt 0] Transmitting packet of size 70 out of port 0
[20:32:55.602] [bmv2] [D] [thread 2593] [24.0] [cxt 0] Processing packet received on port 2
[20:32:55.602] [bmv2] [D] [thread 2593] [24.0] [cxt 0] Parser 'parser': start
[20:32:55.602] [bmv2] [D] [thread 2593] [24.0] [cxt 0] Parser 'parser' entering state 'start'
[20:32:55.602] [bmv2] [D] [thread 2593] [24.0] [cxt 0] Extracting header 'ethernet'
[20:32:55.603] [bmv2] [D] [thread 2593] [24.0] [cxt 0] Parser state 'start': key is 86dd
[20:32:55.603] [bmv2] [T] [thread 2593] [24.0] [cxt 0] Bytes parsed: 14
[20:32:55.603] [bmv2] [D] [thread 2593] [24.0] [cxt 0] Parser 'parser': end
[20:32:55.603] [bmv2] [D] [thread 2593] [24.0] [cxt 0] Pipeline 'ingress': start
[20:32:55.603] [bmv2] [T] [thread 2593] [24.0] [cxt 0] basic.p4(132) Condition "hdr.ipv4.isValid()" (node_2) is false
[20:32:55.603] [bmv2] [D] [thread 2593] [24.0] [cxt 0] Pipeline 'ingress': end
[20:32:55.603] [bmv2] [D] [thread 2593] [24.0] [cxt 0] Egress port is 0
[20:32:55.603] [bmv2] [D] [thread 2593] [25.0] [cxt 0] Processing packet received on port 3
[20:32:55.603] [bmv2] [D] [thread 2593] [25.0] [cxt 0] Parser 'parser': start
[20:32:55.603] [bmv2] [D] [thread 2593] [25.0] [cxt 0] Parser 'parser' entering state 'start'
[20:32:55.603] [bmv2] [D] [thread 2593] [25.0] [cxt 0] Extracting header 'ethernet'
[20:32:55.603] [bmv2] [D] [thread 2593] [25.0] [cxt 0] Parser state 'start': key is 86dd
[20:32:55.603] [bmv2] [T] [thread 2593] [25.0] [cxt 0] Bytes parsed: 14
[20:32:55.603] [bmv2] [D] [thread 2593] [25.0] [cxt 0] Parser 'parser': end
[20:32:55.603] [bmv2] [D] [thread 2593] [25.0] [cxt 0] Pipeline 'ingress': start
[20:32:55.603] [bmv2] [T] [thread 2593] [25.0] [cxt 0] basic.p4(132) Condition "hdr.ipv4.isValid()" (node_2) is false
[20:32:55.603] [bmv2] [D] [thread 2593] [25.0] [cxt 0] Pipeline 'ingress': end
[20:32:55.603] [bmv2] [D] [thread 2593] [25.0] [cxt 0] Egress port is 0
[20:32:55.603] [bmv2] [D] [thread 2593] [26.0] [cxt 0] Processing packet received on port 4
[20:32:55.603] [bmv2] [D] [thread 2593] [26.0] [cxt 0] Parser 'parser': start
[20:32:55.603] [bmv2] [D] [thread 2593] [26.0] [cxt 0] Parser 'parser' entering state 'start'
[20:32:55.603] [bmv2] [D] [thread 2593] [26.0] [cxt 0] Extracting header 'ethernet'
[20:32:55.603] [bmv2] [D] [thread 2593] [26.0] [cxt 0] Parser state 'start': key is 86dd
[20:32:55.603] [bmv2] [T] [thread 2593] [26.0] [cxt 0] Bytes parsed: 14
[20:32:55.603] [bmv2] [D] [thread 2593] [26.0] [cxt 0] Parser 'parser': end
[20:32:55.603] [bmv2] [D] [thread 2593] [26.0] [cxt 0] Pipeline 'ingress': start
[20:32:55.603] [bmv2] [T] [thread 2593] [26.0] [cxt 0] basic.p4(132) Condition "hdr.ipv4.isValid()" (node_2) is false
[20:32:55.603] [bmv2] [D] [thread 2593] [26.0] [cxt 0] Pipeline 'ingress': end
[20:32:55.603] [bmv2] [D] [thread 2593] [26.0] [cxt 0] Egress port is 0
[20:32:55.604] [bmv2] [D] [thread 2594] [24.0] [cxt 0] Pipeline 'egress': start
[20:32:55.604] [bmv2] [D] [thread 2594] [24.0] [cxt 0] Pipeline 'egress': end
[20:32:55.604] [bmv2] [D] [thread 2594] [24.0] [cxt 0] Deparser 'deparser': start
[20:32:55.604] [bmv2] [T] [thread 2594] [24.0] [cxt 0] Skipping checksum 'cksum' update because condition not met
[20:32:55.604] [bmv2] [D] [thread 2594] [24.0] [cxt 0] Deparsing header 'ethernet'
[20:32:55.604] [bmv2] [D] [thread 2594] [24.0] [cxt 0] Deparser 'deparser': end
[20:32:55.604] [bmv2] [D] [thread 2594] [25.0] [cxt 0] Pipeline 'egress': start
[20:32:55.604] [bmv2] [D] [thread 2594] [25.0] [cxt 0] Pipeline 'egress': end
[20:32:55.604] [bmv2] [D] [thread 2594] [25.0] [cxt 0] Deparser 'deparser': start
[20:32:55.604] [bmv2] [T] [thread 2594] [25.0] [cxt 0] Skipping checksum 'cksum' update because condition not met
[20:32:55.604] [bmv2] [D] [thread 2594] [25.0] [cxt 0] Deparsing header 'ethernet'
[20:32:55.604] [bmv2] [D] [thread 2594] [25.0] [cxt 0] Deparser 'deparser': end
[20:32:55.604] [bmv2] [D] [thread 2594] [26.0] [cxt 0] Pipeline 'egress': start
[20:32:55.604] [bmv2] [D] [thread 2594] [26.0] [cxt 0] Pipeline 'egress': end
[20:32:55.604] [bmv2] [D] [thread 2594] [26.0] [cxt 0] Deparser 'deparser': start
[20:32:55.604] [bmv2] [T] [thread 2594] [26.0] [cxt 0] Skipping checksum 'cksum' update because condition not met
[20:32:55.604] [bmv2] [D] [thread 2594] [26.0] [cxt 0] Deparsing header 'ethernet'
[20:32:55.604] [bmv2] [D] [thread 2594] [26.0] [cxt 0] Deparser 'deparser': end
[20:32:55.605] [bmv2] [D] [thread 2598] [24.0] [cxt 0] Transmitting packet of size 70 out of port 0
[20:32:55.605] [bmv2] [D] [thread 2598] [25.0] [cxt 0] Transmitting packet of size 70 out of port 0
[20:32:55.605] [bmv2] [D] [thread 2598] [26.0] [cxt 0] Transmitting packet of size 70 out of port 0
[20:33:03.279] [bmv2] [D] [thread 2593] [27.0] [cxt 0] Processing packet received on port 3
[20:33:03.279] [bmv2] [D] [thread 2593] [27.0] [cxt 0] Parser 'parser': start
[20:33:03.279] [bmv2] [D] [thread 2593] [27.0] [cxt 0] Parser 'parser' entering state 'start'
[20:33:03.279] [bmv2] [D] [thread 2593] [27.0] [cxt 0] Extracting header 'ethernet'
[20:33:03.279] [bmv2] [D] [thread 2593] [27.0] [cxt 0] Parser state 'start': key is 86dd
[20:33:03.279] [bmv2] [T] [thread 2593] [27.0] [cxt 0] Bytes parsed: 14
[20:33:03.279] [bmv2] [D] [thread 2593] [27.0] [cxt 0] Parser 'parser': end
[20:33:03.279] [bmv2] [D] [thread 2593] [27.0] [cxt 0] Pipeline 'ingress': start
[20:33:03.279] [bmv2] [T] [thread 2593] [27.0] [cxt 0] basic.p4(132) Condition "hdr.ipv4.isValid()" (node_2) is false
[20:33:03.279] [bmv2] [D] [thread 2593] [27.0] [cxt 0] Pipeline 'ingress': end
[20:33:03.279] [bmv2] [D] [thread 2593] [27.0] [cxt 0] Egress port is 0
[20:33:03.279] [bmv2] [D] [thread 2594] [27.0] [cxt 0] Pipeline 'egress': start
[20:33:03.279] [bmv2] [D] [thread 2594] [27.0] [cxt 0] Pipeline 'egress': end
[20:33:03.279] [bmv2] [D] [thread 2594] [27.0] [cxt 0] Deparser 'deparser': start
[20:33:03.279] [bmv2] [T] [thread 2594] [27.0] [cxt 0] Skipping checksum 'cksum' update because condition not met
[20:33:03.279] [bmv2] [D] [thread 2594] [27.0] [cxt 0] Deparsing header 'ethernet'
[20:33:03.279] [bmv2] [D] [thread 2594] [27.0] [cxt 0] Deparser 'deparser': end
[20:33:03.280] [bmv2] [D] [thread 2598] [27.0] [cxt 0] Transmitting packet of size 70 out of port 0
[20:33:03.534] [bmv2] [D] [thread 2593] [28.0] [cxt 0] Processing packet received on port 1
[20:33:03.534] [bmv2] [D] [thread 2593] [28.0] [cxt 0] Parser 'parser': start
[20:33:03.534] [bmv2] [D] [thread 2593] [28.0] [cxt 0] Parser 'parser' entering state 'start'
[20:33:03.534] [bmv2] [D] [thread 2593] [28.0] [cxt 0] Extracting header 'ethernet'
[20:33:03.534] [bmv2] [D] [thread 2593] [28.0] [cxt 0] Parser state 'start': key is 86dd
[20:33:03.534] [bmv2] [T] [thread 2593] [28.0] [cxt 0] Bytes parsed: 14
[20:33:03.534] [bmv2] [D] [thread 2593] [28.0] [cxt 0] Parser 'parser': end
[20:33:03.534] [bmv2] [D] [thread 2593] [28.0] [cxt 0] Pipeline 'ingress': start
[20:33:03.534] [bmv2] [T] [thread 2593] [28.0] [cxt 0] basic.p4(132) Condition "hdr.ipv4.isValid()" (node_2) is false
[20:33:03.534] [bmv2] [D] [thread 2593] [28.0] [cxt 0] Pipeline 'ingress': end
[20:33:03.534] [bmv2] [D] [thread 2593] [28.0] [cxt 0] Egress port is 0
[20:33:03.534] [bmv2] [D] [thread 2593] [29.0] [cxt 0] Processing packet received on port 4
[20:33:03.534] [bmv2] [D] [thread 2593] [29.0] [cxt 0] Parser 'parser': start
[20:33:03.534] [bmv2] [D] [thread 2593] [29.0] [cxt 0] Parser 'parser' entering state 'start'
[20:33:03.534] [bmv2] [D] [thread 2593] [29.0] [cxt 0] Extracting header 'ethernet'
[20:33:03.534] [bmv2] [D] [thread 2593] [29.0] [cxt 0] Parser state 'start': key is 86dd
[20:33:03.534] [bmv2] [T] [thread 2593] [29.0] [cxt 0] Bytes parsed: 14
[20:33:03.534] [bmv2] [D] [thread 2593] [29.0] [cxt 0] Parser 'parser': end
[20:33:03.534] [bmv2] [D] [thread 2593] [29.0] [cxt 0] Pipeline 'ingress': start
[20:33:03.535] [bmv2] [D] [thread 2594] [28.0] [cxt 0] Pipeline 'egress': start
[20:33:03.535] [bmv2] [T] [thread 2593] [29.0] [cxt 0] basic.p4(132) Condition "hdr.ipv4.isValid()" (node_2) is false
[20:33:03.535] [bmv2] [D] [thread 2593] [29.0] [cxt 0] Pipeline 'ingress': end
[20:33:03.535] [bmv2] [D] [thread 2593] [29.0] [cxt 0] Egress port is 0
[20:33:03.535] [bmv2] [D] [thread 2594] [28.0] [cxt 0] Pipeline 'egress': end
[20:33:03.535] [bmv2] [D] [thread 2594] [28.0] [cxt 0] Deparser 'deparser': start
[20:33:03.535] [bmv2] [T] [thread 2594] [28.0] [cxt 0] Skipping checksum 'cksum' update because condition not met
[20:33:03.535] [bmv2] [D] [thread 2594] [28.0] [cxt 0] Deparsing header 'ethernet'
[20:33:03.535] [bmv2] [D] [thread 2594] [28.0] [cxt 0] Deparser 'deparser': end
[20:33:03.535] [bmv2] [D] [thread 2594] [29.0] [cxt 0] Pipeline 'egress': start
[20:33:03.535] [bmv2] [D] [thread 2594] [29.0] [cxt 0] Pipeline 'egress': end
[20:33:03.535] [bmv2] [D] [thread 2594] [29.0] [cxt 0] Deparser 'deparser': start
[20:33:03.535] [bmv2] [T] [thread 2594] [29.0] [cxt 0] Skipping checksum 'cksum' update because condition not met
[20:33:03.535] [bmv2] [D] [thread 2594] [29.0] [cxt 0] Deparsing header 'ethernet'
[20:33:03.535] [bmv2] [D] [thread 2594] [29.0] [cxt 0] Deparser 'deparser': end
[20:33:03.535] [bmv2] [D] [thread 2598] [28.0] [cxt 0] Transmitting packet of size 70 out of port 0
[20:33:03.535] [bmv2] [D] [thread 2598] [29.0] [cxt 0] Transmitting packet of size 70 out of port 0
[20:33:03.789] [bmv2] [D] [thread 2593] [30.0] [cxt 0] Processing packet received on port 2
[20:33:03.790] [bmv2] [D] [thread 2593] [30.0] [cxt 0] Parser 'parser': start
[20:33:03.790] [bmv2] [D] [thread 2593] [30.0] [cxt 0] Parser 'parser' entering state 'start'
[20:33:03.790] [bmv2] [D] [thread 2593] [30.0] [cxt 0] Extracting header 'ethernet'
[20:33:03.790] [bmv2] [D] [thread 2593] [30.0] [cxt 0] Parser state 'start': key is 86dd
[20:33:03.790] [bmv2] [T] [thread 2593] [30.0] [cxt 0] Bytes parsed: 14
[20:33:03.790] [bmv2] [D] [thread 2593] [30.0] [cxt 0] Parser 'parser': end
[20:33:03.790] [bmv2] [D] [thread 2593] [30.0] [cxt 0] Pipeline 'ingress': start
[20:33:03.790] [bmv2] [T] [thread 2593] [30.0] [cxt 0] basic.p4(132) Condition "hdr.ipv4.isValid()" (node_2) is false
[20:33:03.790] [bmv2] [D] [thread 2593] [30.0] [cxt 0] Pipeline 'ingress': end
[20:33:03.790] [bmv2] [D] [thread 2593] [30.0] [cxt 0] Egress port is 0
[20:33:03.790] [bmv2] [D] [thread 2593] [31.0] [cxt 0] Processing packet received on port 4
[20:33:03.790] [bmv2] [D] [thread 2593] [31.0] [cxt 0] Parser 'parser': start
[20:33:03.790] [bmv2] [D] [thread 2593] [31.0] [cxt 0] Parser 'parser' entering state 'start'
[20:33:03.790] [bmv2] [D] [thread 2593] [31.0] [cxt 0] Extracting header 'ethernet'
[20:33:03.790] [bmv2] [D] [thread 2593] [31.0] [cxt 0] Parser state 'start': key is 86dd
[20:33:03.790] [bmv2] [T] [thread 2593] [31.0] [cxt 0] Bytes parsed: 14
[20:33:03.790] [bmv2] [D] [thread 2593] [31.0] [cxt 0] Parser 'parser': end
[20:33:03.790] [bmv2] [D] [thread 2594] [30.0] [cxt 0] Pipeline 'egress': start
[20:33:03.790] [bmv2] [D] [thread 2594] [30.0] [cxt 0] Pipeline 'egress': end
[20:33:03.790] [bmv2] [D] [thread 2594] [30.0] [cxt 0] Deparser 'deparser': start
[20:33:03.790] [bmv2] [T] [thread 2594] [30.0] [cxt 0] Skipping checksum 'cksum' update because condition not met
[20:33:03.790] [bmv2] [D] [thread 2594] [30.0] [cxt 0] Deparsing header 'ethernet'
[20:33:03.790] [bmv2] [D] [thread 2594] [30.0] [cxt 0] Deparser 'deparser': end
[20:33:03.791] [bmv2] [D] [thread 2598] [30.0] [cxt 0] Transmitting packet of size 70 out of port 0
[20:33:03.790] [bmv2] [D] [thread 2593] [31.0] [cxt 0] Pipeline 'ingress': start
[20:33:03.791] [bmv2] [T] [thread 2593] [31.0] [cxt 0] basic.p4(132) Condition "hdr.ipv4.isValid()" (node_2) is false
[20:33:03.791] [bmv2] [D] [thread 2593] [31.0] [cxt 0] Pipeline 'ingress': end
[20:33:03.791] [bmv2] [D] [thread 2593] [31.0] [cxt 0] Egress port is 0
[20:33:03.791] [bmv2] [D] [thread 2594] [31.0] [cxt 0] Pipeline 'egress': start
[20:33:03.791] [bmv2] [D] [thread 2594] [31.0] [cxt 0] Pipeline 'egress': end
[20:33:03.791] [bmv2] [D] [thread 2594] [31.0] [cxt 0] Deparser 'deparser': start
[20:33:03.791] [bmv2] [T] [thread 2594] [31.0] [cxt 0] Skipping checksum 'cksum' update because condition not met
[20:33:03.791] [bmv2] [D] [thread 2594] [31.0] [cxt 0] Deparsing header 'ethernet'
[20:33:03.791] [bmv2] [D] [thread 2594] [31.0] [cxt 0] Deparser 'deparser': end
[20:33:03.791] [bmv2] [D] [thread 2598] [31.0] [cxt 0] Transmitting packet of size 70 out of port 0
[20:33:04.303] [bmv2] [D] [thread 2593] [32.0] [cxt 0] Processing packet received on port 3
[20:33:04.303] [bmv2] [D] [thread 2593] [32.0] [cxt 0] Parser 'parser': start
[20:33:04.303] [bmv2] [D] [thread 2593] [32.0] [cxt 0] Parser 'parser' entering state 'start'
[20:33:04.303] [bmv2] [D] [thread 2593] [32.0] [cxt 0] Extracting header 'ethernet'
[20:33:04.303] [bmv2] [D] [thread 2593] [32.0] [cxt 0] Parser state 'start': key is 86dd
[20:33:04.303] [bmv2] [T] [thread 2593] [32.0] [cxt 0] Bytes parsed: 14
[20:33:04.303] [bmv2] [D] [thread 2593] [32.0] [cxt 0] Parser 'parser': end
[20:33:04.303] [bmv2] [D] [thread 2593] [32.0] [cxt 0] Pipeline 'ingress': start
[20:33:04.303] [bmv2] [T] [thread 2593] [32.0] [cxt 0] basic.p4(132) Condition "hdr.ipv4.isValid()" (node_2) is false
[20:33:04.303] [bmv2] [D] [thread 2593] [32.0] [cxt 0] Pipeline 'ingress': end
[20:33:04.303] [bmv2] [D] [thread 2593] [32.0] [cxt 0] Egress port is 0
[20:33:04.303] [bmv2] [D] [thread 2594] [32.0] [cxt 0] Pipeline 'egress': start
[20:33:04.304] [bmv2] [D] [thread 2594] [32.0] [cxt 0] Pipeline 'egress': end
[20:33:04.304] [bmv2] [D] [thread 2594] [32.0] [cxt 0] Deparser 'deparser': start
[20:33:04.304] [bmv2] [T] [thread 2594] [32.0] [cxt 0] Skipping checksum 'cksum' update because condition not met
[20:33:04.304] [bmv2] [D] [thread 2594] [32.0] [cxt 0] Deparsing header 'ethernet'
[20:33:04.304] [bmv2] [D] [thread 2594] [32.0] [cxt 0] Deparser 'deparser': end
[20:33:04.304] [bmv2] [D] [thread 2598] [32.0] [cxt 0] Transmitting packet of size 70 out of port 0
open: No such file or directory
open: No such file or directory
open: No such file or directory
open: No such file or directory
open: No such file or directory
