Calling target program-options parser
[20:32:50.804] [bmv2] [D] [thread 2601] Set default default entry for table 'MyIngress.ipv4_lpm': MyIngress.drop - 
Adding interface s2-eth1 as port 1
[20:32:50.804] [bmv2] [D] [thread 2601] Adding interface s2-eth1 as port 1
Adding interface s2-eth2 as port 2
[20:32:50.845] [bmv2] [D] [thread 2601] Adding interface s2-eth2 as port 2
Adding interface s2-eth3 as port 3
[20:32:50.878] [bmv2] [D] [thread 2601] Adding interface s2-eth3 as port 3
Adding interface s2-eth4 as port 4
[20:32:50.914] [bmv2] [D] [thread 2601] Adding interface s2-eth4 as port 4
Server listening on 0.0.0.0:50052
[20:32:50.951] [bmv2] [I] [thread 2601] Starting Thrift server on port 9091
[20:32:50.951] [bmv2] [I] [thread 2601] Thrift server was started
[20:32:50.958] [bmv2] [D] [thread 2611] [0.0] [cxt 0] Processing packet received on port 2
[20:32:50.958] [bmv2] [D] [thread 2611] [0.0] [cxt 0] Parser 'parser': start
[20:32:50.958] [bmv2] [D] [thread 2611] [0.0] [cxt 0] Parser 'parser' entering state 'start'
[20:32:50.958] [bmv2] [D] [thread 2611] [0.0] [cxt 0] Extracting header 'ethernet'
[20:32:50.958] [bmv2] [D] [thread 2611] [0.0] [cxt 0] Parser state 'start': key is 86dd
[20:32:50.958] [bmv2] [T] [thread 2611] [0.0] [cxt 0] Bytes parsed: 14
[20:32:50.958] [bmv2] [D] [thread 2611] [0.0] [cxt 0] Parser 'parser': end
[20:32:50.958] [bmv2] [D] [thread 2611] [0.0] [cxt 0] Pipeline 'ingress': start
[20:32:50.958] [bmv2] [T] [thread 2611] [0.0] [cxt 0] basic.p4(132) Condition "hdr.ipv4.isValid()" (node_2) is false
[20:32:50.958] [bmv2] [D] [thread 2611] [0.0] [cxt 0] Pipeline 'ingress': end
[20:32:50.958] [bmv2] [D] [thread 2611] [0.0] [cxt 0] Egress port is 0
[20:32:50.958] [bmv2] [D] [thread 2612] [0.0] [cxt 0] Pipeline 'egress': start
[20:32:50.958] [bmv2] [D] [thread 2612] [0.0] [cxt 0] Pipeline 'egress': end
[20:32:50.958] [bmv2] [D] [thread 2612] [0.0] [cxt 0] Deparser 'deparser': start
[20:32:50.959] [bmv2] [T] [thread 2612] [0.0] [cxt 0] Skipping checksum 'cksum' update because condition not met
[20:32:50.959] [bmv2] [D] [thread 2612] [0.0] [cxt 0] Deparsing header 'ethernet'
[20:32:50.959] [bmv2] [D] [thread 2612] [0.0] [cxt 0] Deparser 'deparser': end
[20:32:50.959] [bmv2] [D] [thread 2616] [0.0] [cxt 0] Transmitting packet of size 90 out of port 0
[20:32:50.997] [bmv2] [D] [thread 2611] [1.0] [cxt 0] Processing packet received on port 3
[20:32:50.997] [bmv2] [D] [thread 2611] [1.0] [cxt 0] Parser 'parser': start
[20:32:50.997] [bmv2] [D] [thread 2611] [1.0] [cxt 0] Parser 'parser' entering state 'start'
[20:32:50.997] [bmv2] [D] [thread 2611] [1.0] [cxt 0] Extracting header 'ethernet'
[20:32:50.997] [bmv2] [D] [thread 2611] [1.0] [cxt 0] Parser state 'start': key is 86dd
[20:32:50.997] [bmv2] [T] [thread 2611] [1.0] [cxt 0] Bytes parsed: 14
[20:32:50.997] [bmv2] [D] [thread 2611] [1.0] [cxt 0] Parser 'parser': end
[20:32:50.997] [bmv2] [D] [thread 2611] [1.0] [cxt 0] Pipeline 'ingress': start
[20:32:50.997] [bmv2] [T] [thread 2611] [1.0] [cxt 0] basic.p4(132) Condition "hdr.ipv4.isValid()" (node_2) is false
[20:32:50.997] [bmv2] [D] [thread 2611] [1.0] [cxt 0] Pipeline 'ingress': end
[20:32:50.997] [bmv2] [D] [thread 2611] [1.0] [cxt 0] Egress port is 0
[20:32:50.997] [bmv2] [D] [thread 2612] [1.0] [cxt 0] Pipeline 'egress': start
[20:32:50.997] [bmv2] [D] [thread 2612] [1.0] [cxt 0] Pipeline 'egress': end
[20:32:50.997] [bmv2] [D] [thread 2612] [1.0] [cxt 0] Deparser 'deparser': start
[20:32:50.998] [bmv2] [T] [thread 2612] [1.0] [cxt 0] Skipping checksum 'cksum' update because condition not met
[20:32:50.998] [bmv2] [D] [thread 2612] [1.0] [cxt 0] Deparsing header 'ethernet'
[20:32:50.998] [bmv2] [D] [thread 2612] [1.0] [cxt 0] Deparser 'deparser': end
[20:32:50.998] [bmv2] [D] [thread 2611] [2.0] [cxt 0] Processing packet received on port 3
[20:32:50.998] [bmv2] [D] [thread 2611] [2.0] [cxt 0] Parser 'parser': start
[20:32:50.998] [bmv2] [D] [thread 2611] [2.0] [cxt 0] Parser 'parser' entering state 'start'
[20:32:50.998] [bmv2] [D] [thread 2611] [2.0] [cxt 0] Extracting header 'ethernet'
[20:32:50.998] [bmv2] [D] [thread 2611] [2.0] [cxt 0] Parser state 'start': key is 86dd
[20:32:50.998] [bmv2] [T] [thread 2611] [2.0] [cxt 0] Bytes parsed: 14
[20:32:50.998] [bmv2] [D] [thread 2611] [2.0] [cxt 0] Parser 'parser': end
[20:32:50.998] [bmv2] [D] [thread 2611] [2.0] [cxt 0] Pipeline 'ingress': start
[20:32:50.998] [bmv2] [T] [thread 2611] [2.0] [cxt 0] basic.p4(132) Condition "hdr.ipv4.isValid()" (node_2) is false
[20:32:50.998] [bmv2] [D] [thread 2611] [2.0] [cxt 0] Pipeline 'ingress': end
[20:32:50.998] [bmv2] [D] [thread 2611] [2.0] [cxt 0] Egress port is 0
[20:32:50.998] [bmv2] [D] [thread 2612] [2.0] [cxt 0] Pipeline 'egress': start
[20:32:50.998] [bmv2] [D] [thread 2612] [2.0] [cxt 0] Pipeline 'egress': end
[20:32:50.998] [bmv2] [D] [thread 2612] [2.0] [cxt 0] Deparser 'deparser': start
[20:32:50.998] [bmv2] [T] [thread 2612] [2.0] [cxt 0] Skipping checksum 'cksum' update because condition not met
[20:32:50.998] [bmv2] [D] [thread 2612] [2.0] [cxt 0] Deparsing header 'ethernet'
[20:32:50.998] [bmv2] [D] [thread 2612] [2.0] [cxt 0] Deparser 'deparser': end
[20:32:50.999] [bmv2] [D] [thread 2616] [1.0] [cxt 0] Transmitting packet of size 90 out of port 0
[20:32:50.999] [bmv2] [D] [thread 2616] [2.0] [cxt 0] Transmitting packet of size 70 out of port 0
[20:32:51.085] [bmv2] [D] [thread 2611] [3.0] [cxt 0] Processing packet received on port 4
[20:32:51.085] [bmv2] [D] [thread 2611] [3.0] [cxt 0] Parser 'parser': start
[20:32:51.085] [bmv2] [D] [thread 2611] [3.0] [cxt 0] Parser 'parser' entering state 'start'
[20:32:51.086] [bmv2] [D] [thread 2611] [3.0] [cxt 0] Extracting header 'ethernet'
[20:32:51.086] [bmv2] [D] [thread 2611] [3.0] [cxt 0] Parser state 'start': key is 86dd
[20:32:51.086] [bmv2] [T] [thread 2611] [3.0] [cxt 0] Bytes parsed: 14
[20:32:51.086] [bmv2] [D] [thread 2611] [3.0] [cxt 0] Parser 'parser': end
[20:32:51.086] [bmv2] [D] [thread 2611] [3.0] [cxt 0] Pipeline 'ingress': start
[20:32:51.086] [bmv2] [T] [thread 2611] [3.0] [cxt 0] basic.p4(132) Condition "hdr.ipv4.isValid()" (node_2) is false
[20:32:51.086] [bmv2] [D] [thread 2611] [3.0] [cxt 0] Pipeline 'ingress': end
[20:32:51.086] [bmv2] [D] [thread 2611] [3.0] [cxt 0] Egress port is 0
[20:32:51.086] [bmv2] [D] [thread 2611] [4.0] [cxt 0] Processing packet received on port 4
[20:32:51.086] [bmv2] [D] [thread 2611] [4.0] [cxt 0] Parser 'parser': start
[20:32:51.086] [bmv2] [D] [thread 2611] [4.0] [cxt 0] Parser 'parser' entering state 'start'
[20:32:51.086] [bmv2] [D] [thread 2611] [4.0] [cxt 0] Extracting header 'ethernet'
[20:32:51.086] [bmv2] [D] [thread 2611] [4.0] [cxt 0] Parser state 'start': key is 86dd
[20:32:51.086] [bmv2] [T] [thread 2611] [4.0] [cxt 0] Bytes parsed: 14
[20:32:51.086] [bmv2] [D] [thread 2611] [4.0] [cxt 0] Parser 'parser': end
[20:32:51.086] [bmv2] [D] [thread 2611] [4.0] [cxt 0] Pipeline 'ingress': start
[20:32:51.086] [bmv2] [T] [thread 2611] [4.0] [cxt 0] basic.p4(132) Condition "hdr.ipv4.isValid()" (node_2) is false
[20:32:51.086] [bmv2] [D] [thread 2611] [4.0] [cxt 0] Pipeline 'ingress': end
[20:32:51.086] [bmv2] [D] [thread 2611] [4.0] [cxt 0] Egress port is 0
[20:32:51.086] [bmv2] [D] [thread 2612] [3.0] [cxt 0] Pipeline 'egress': start
[20:32:51.086] [bmv2] [D] [thread 2612] [3.0] [cxt 0] Pipeline 'egress': end
[20:32:51.086] [bmv2] [D] [thread 2612] [3.0] [cxt 0] Deparser 'deparser': start
[20:32:51.086] [bmv2] [T] [thread 2612] [3.0] [cxt 0] Skipping checksum 'cksum' update because condition not met
[20:32:51.086] [bmv2] [D] [thread 2612] [3.0] [cxt 0] Deparsing header 'ethernet'
[20:32:51.086] [bmv2] [D] [thread 2612] [3.0] [cxt 0] Deparser 'deparser': end
[20:32:51.086] [bmv2] [D] [thread 2612] [4.0] [cxt 0] Pipeline 'egress': start
[20:32:51.086] [bmv2] [D] [thread 2612] [4.0] [cxt 0] Pipeline 'egress': end
[20:32:51.086] [bmv2] [D] [thread 2612] [4.0] [cxt 0] Deparser 'deparser': start
[20:32:51.086] [bmv2] [T] [thread 2612] [4.0] [cxt 0] Skipping checksum 'cksum' update because condition not met
[20:32:51.086] [bmv2] [D] [thread 2612] [4.0] [cxt 0] Deparsing header 'ethernet'
[20:32:51.086] [bmv2] [D] [thread 2612] [4.0] [cxt 0] Deparser 'deparser': end
[20:32:51.086] [bmv2] [D] [thread 2616] [3.0] [cxt 0] Transmitting packet of size 90 out of port 0
[20:32:51.086] [bmv2] [D] [thread 2616] [4.0] [cxt 0] Transmitting packet of size 70 out of port 0
[20:32:51.150] [bmv2] [D] [thread 2611] [5.0] [cxt 0] Processing packet received on port 2
[20:32:51.150] [bmv2] [D] [thread 2611] [5.0] [cxt 0] Parser 'parser': start
[20:32:51.150] [bmv2] [D] [thread 2611] [5.0] [cxt 0] Parser 'parser' entering state 'start'
[20:32:51.150] [bmv2] [D] [thread 2611] [5.0] [cxt 0] Extracting header 'ethernet'
[20:32:51.150] [bmv2] [D] [thread 2611] [5.0] [cxt 0] Parser state 'start': key is 86dd
[20:32:51.150] [bmv2] [T] [thread 2611] [5.0] [cxt 0] Bytes parsed: 14
[20:32:51.150] [bmv2] [D] [thread 2611] [5.0] [cxt 0] Parser 'parser': end
[20:32:51.150] [bmv2] [D] [thread 2611] [5.0] [cxt 0] Pipeline 'ingress': start
[20:32:51.150] [bmv2] [T] [thread 2611] [5.0] [cxt 0] basic.p4(132) Condition "hdr.ipv4.isValid()" (node_2) is false
[20:32:51.150] [bmv2] [D] [thread 2611] [5.0] [cxt 0] Pipeline 'ingress': end
[20:32:51.150] [bmv2] [D] [thread 2611] [5.0] [cxt 0] Egress port is 0
[20:32:51.150] [bmv2] [D] [thread 2611] [6.0] [cxt 0] Processing packet received on port 2
[20:32:51.150] [bmv2] [D] [thread 2611] [6.0] [cxt 0] Parser 'parser': start
[20:32:51.150] [bmv2] [D] [thread 2611] [6.0] [cxt 0] Parser 'parser' entering state 'start'
[20:32:51.150] [bmv2] [D] [thread 2611] [6.0] [cxt 0] Extracting header 'ethernet'
[20:32:51.150] [bmv2] [D] [thread 2611] [6.0] [cxt 0] Parser state 'start': key is 86dd
[20:32:51.150] [bmv2] [T] [thread 2611] [6.0] [cxt 0] Bytes parsed: 14
[20:32:51.150] [bmv2] [D] [thread 2611] [6.0] [cxt 0] Parser 'parser': end
[20:32:51.150] [bmv2] [D] [thread 2611] [6.0] [cxt 0] Pipeline 'ingress': start
[20:32:51.150] [bmv2] [T] [thread 2611] [6.0] [cxt 0] basic.p4(132) Condition "hdr.ipv4.isValid()" (node_2) is false
[20:32:51.150] [bmv2] [D] [thread 2611] [6.0] [cxt 0] Pipeline 'ingress': end
[20:32:51.150] [bmv2] [D] [thread 2611] [6.0] [cxt 0] Egress port is 0
[20:32:51.150] [bmv2] [D] [thread 2612] [5.0] [cxt 0] Pipeline 'egress': start
[20:32:51.150] [bmv2] [D] [thread 2612] [5.0] [cxt 0] Pipeline 'egress': end
[20:32:51.150] [bmv2] [D] [thread 2612] [5.0] [cxt 0] Deparser 'deparser': start
[20:32:51.150] [bmv2] [T] [thread 2612] [5.0] [cxt 0] Skipping checksum 'cksum' update because condition not met
[20:32:51.150] [bmv2] [D] [thread 2612] [5.0] [cxt 0] Deparsing header 'ethernet'
[20:32:51.150] [bmv2] [D] [thread 2612] [5.0] [cxt 0] Deparser 'deparser': end
[20:32:51.150] [bmv2] [D] [thread 2612] [6.0] [cxt 0] Pipeline 'egress': start
[20:32:51.150] [bmv2] [D] [thread 2612] [6.0] [cxt 0] Pipeline 'egress': end
[20:32:51.150] [bmv2] [D] [thread 2612] [6.0] [cxt 0] Deparser 'deparser': start
[20:32:51.150] [bmv2] [T] [thread 2612] [6.0] [cxt 0] Skipping checksum 'cksum' update because condition not met
[20:32:51.150] [bmv2] [D] [thread 2612] [6.0] [cxt 0] Deparsing header 'ethernet'
[20:32:51.150] [bmv2] [D] [thread 2612] [6.0] [cxt 0] Deparser 'deparser': end
[20:32:51.150] [bmv2] [D] [thread 2616] [5.0] [cxt 0] Transmitting packet of size 90 out of port 0
[20:32:51.150] [bmv2] [D] [thread 2616] [6.0] [cxt 0] Transmitting packet of size 70 out of port 0
[20:32:51.279] [bmv2] [D] [thread 2611] [7.0] [cxt 0] Processing packet received on port 1
[20:32:51.279] [bmv2] [D] [thread 2611] [7.0] [cxt 0] Parser 'parser': start
[20:32:51.279] [bmv2] [D] [thread 2611] [7.0] [cxt 0] Parser 'parser' entering state 'start'
[20:32:51.279] [bmv2] [D] [thread 2611] [7.0] [cxt 0] Extracting header 'ethernet'
[20:32:51.279] [bmv2] [D] [thread 2611] [7.0] [cxt 0] Parser state 'start': key is 86dd
[20:32:51.279] [bmv2] [T] [thread 2611] [7.0] [cxt 0] Bytes parsed: 14
[20:32:51.279] [bmv2] [D] [thread 2611] [7.0] [cxt 0] Parser 'parser': end
[20:32:51.279] [bmv2] [D] [thread 2611] [7.0] [cxt 0] Pipeline 'ingress': start
[20:32:51.279] [bmv2] [T] [thread 2611] [7.0] [cxt 0] basic.p4(132) Condition "hdr.ipv4.isValid()" (node_2) is false
[20:32:51.279] [bmv2] [D] [thread 2611] [7.0] [cxt 0] Pipeline 'ingress': end
[20:32:51.279] [bmv2] [D] [thread 2611] [7.0] [cxt 0] Egress port is 0
[20:32:51.279] [bmv2] [D] [thread 2611] [8.0] [cxt 0] Processing packet received on port 3
[20:32:51.279] [bmv2] [D] [thread 2611] [8.0] [cxt 0] Parser 'parser': start
[20:32:51.279] [bmv2] [D] [thread 2611] [8.0] [cxt 0] Parser 'parser' entering state 'start'
[20:32:51.279] [bmv2] [D] [thread 2611] [8.0] [cxt 0] Extracting header 'ethernet'
[20:32:51.279] [bmv2] [D] [thread 2611] [8.0] [cxt 0] Parser state 'start': key is 86dd
[20:32:51.280] [bmv2] [T] [thread 2611] [8.0] [cxt 0] Bytes parsed: 14
[20:32:51.280] [bmv2] [D] [thread 2611] [8.0] [cxt 0] Parser 'parser': end
[20:32:51.280] [bmv2] [D] [thread 2611] [8.0] [cxt 0] Pipeline 'ingress': start
[20:32:51.280] [bmv2] [T] [thread 2611] [8.0] [cxt 0] basic.p4(132) Condition "hdr.ipv4.isValid()" (node_2) is false
[20:32:51.280] [bmv2] [D] [thread 2611] [8.0] [cxt 0] Pipeline 'ingress': end
[20:32:51.280] [bmv2] [D] [thread 2611] [8.0] [cxt 0] Egress port is 0
[20:32:51.280] [bmv2] [D] [thread 2611] [9.0] [cxt 0] Processing packet received on port 1
[20:32:51.280] [bmv2] [D] [thread 2611] [9.0] [cxt 0] Parser 'parser': start
[20:32:51.280] [bmv2] [D] [thread 2611] [9.0] [cxt 0] Parser 'parser' entering state 'start'
[20:32:51.280] [bmv2] [D] [thread 2611] [9.0] [cxt 0] Extracting header 'ethernet'
[20:32:51.280] [bmv2] [D] [thread 2611] [9.0] [cxt 0] Parser state 'start': key is 86dd
[20:32:51.280] [bmv2] [T] [thread 2611] [9.0] [cxt 0] Bytes parsed: 14
[20:32:51.280] [bmv2] [D] [thread 2611] [9.0] [cxt 0] Parser 'parser': end
[20:32:51.280] [bmv2] [D] [thread 2611] [9.0] [cxt 0] Pipeline 'ingress': start
[20:32:51.280] [bmv2] [T] [thread 2611] [9.0] [cxt 0] basic.p4(132) Condition "hdr.ipv4.isValid()" (node_2) is false
[20:32:51.280] [bmv2] [D] [thread 2611] [9.0] [cxt 0] Pipeline 'ingress': end
[20:32:51.280] [bmv2] [D] [thread 2611] [9.0] [cxt 0] Egress port is 0
[20:32:51.280] [bmv2] [D] [thread 2612] [7.0] [cxt 0] Pipeline 'egress': start
[20:32:51.280] [bmv2] [D] [thread 2612] [7.0] [cxt 0] Pipeline 'egress': end
[20:32:51.280] [bmv2] [D] [thread 2612] [7.0] [cxt 0] Deparser 'deparser': start
[20:32:51.280] [bmv2] [T] [thread 2612] [7.0] [cxt 0] Skipping checksum 'cksum' update because condition not met
[20:32:51.280] [bmv2] [D] [thread 2612] [7.0] [cxt 0] Deparsing header 'ethernet'
[20:32:51.280] [bmv2] [D] [thread 2612] [7.0] [cxt 0] Deparser 'deparser': end
[20:32:51.280] [bmv2] [D] [thread 2612] [8.0] [cxt 0] Pipeline 'egress': start
[20:32:51.280] [bmv2] [D] [thread 2612] [8.0] [cxt 0] Pipeline 'egress': end
[20:32:51.280] [bmv2] [D] [thread 2612] [8.0] [cxt 0] Deparser 'deparser': start
[20:32:51.280] [bmv2] [T] [thread 2612] [8.0] [cxt 0] Skipping checksum 'cksum' update because condition not met
[20:32:51.280] [bmv2] [D] [thread 2612] [8.0] [cxt 0] Deparsing header 'ethernet'
[20:32:51.280] [bmv2] [D] [thread 2612] [8.0] [cxt 0] Deparser 'deparser': end
[20:32:51.280] [bmv2] [D] [thread 2612] [9.0] [cxt 0] Pipeline 'egress': start
[20:32:51.280] [bmv2] [D] [thread 2612] [9.0] [cxt 0] Pipeline 'egress': end
[20:32:51.280] [bmv2] [D] [thread 2612] [9.0] [cxt 0] Deparser 'deparser': start
[20:32:51.280] [bmv2] [T] [thread 2612] [9.0] [cxt 0] Skipping checksum 'cksum' update because condition not met
[20:32:51.281] [bmv2] [D] [thread 2612] [9.0] [cxt 0] Deparsing header 'ethernet'
[20:32:51.281] [bmv2] [D] [thread 2612] [9.0] [cxt 0] Deparser 'deparser': end
[20:32:51.281] [bmv2] [D] [thread 2616] [7.0] [cxt 0] Transmitting packet of size 90 out of port 0
[20:32:51.281] [bmv2] [D] [thread 2616] [8.0] [cxt 0] Transmitting packet of size 90 out of port 0
[20:32:51.281] [bmv2] [D] [thread 2616] [9.0] [cxt 0] Transmitting packet of size 70 out of port 0
[20:32:51.314] [bmv2] [D] [thread 2611] [10.0] [cxt 0] Processing packet received on port 4
[20:32:51.314] [bmv2] [D] [thread 2611] [10.0] [cxt 0] Parser 'parser': start
[20:32:51.314] [bmv2] [D] [thread 2611] [10.0] [cxt 0] Parser 'parser' entering state 'start'
[20:32:51.314] [bmv2] [D] [thread 2611] [10.0] [cxt 0] Extracting header 'ethernet'
[20:32:51.314] [bmv2] [D] [thread 2611] [10.0] [cxt 0] Parser state 'start': key is 86dd
[20:32:51.314] [bmv2] [T] [thread 2611] [10.0] [cxt 0] Bytes parsed: 14
[20:32:51.314] [bmv2] [D] [thread 2611] [10.0] [cxt 0] Parser 'parser': end
[20:32:51.314] [bmv2] [D] [thread 2611] [10.0] [cxt 0] Pipeline 'ingress': start
[20:32:51.314] [bmv2] [T] [thread 2611] [10.0] [cxt 0] basic.p4(132) Condition "hdr.ipv4.isValid()" (node_2) is false
[20:32:51.314] [bmv2] [D] [thread 2611] [10.0] [cxt 0] Pipeline 'ingress': end
[20:32:51.314] [bmv2] [D] [thread 2611] [10.0] [cxt 0] Egress port is 0
[20:32:51.314] [bmv2] [D] [thread 2611] [11.0] [cxt 0] Processing packet received on port 4
[20:32:51.314] [bmv2] [D] [thread 2611] [11.0] [cxt 0] Parser 'parser': start
[20:32:51.314] [bmv2] [D] [thread 2611] [11.0] [cxt 0] Parser 'parser' entering state 'start'
[20:32:51.314] [bmv2] [D] [thread 2611] [11.0] [cxt 0] Extracting header 'ethernet'
[20:32:51.314] [bmv2] [D] [thread 2611] [11.0] [cxt 0] Parser state 'start': key is 86dd
[20:32:51.314] [bmv2] [T] [thread 2611] [11.0] [cxt 0] Bytes parsed: 14
[20:32:51.314] [bmv2] [D] [thread 2611] [11.0] [cxt 0] Parser 'parser': end
[20:32:51.314] [bmv2] [D] [thread 2611] [11.0] [cxt 0] Pipeline 'ingress': start
[20:32:51.314] [bmv2] [T] [thread 2611] [11.0] [cxt 0] basic.p4(132) Condition "hdr.ipv4.isValid()" (node_2) is false
[20:32:51.314] [bmv2] [D] [thread 2611] [11.0] [cxt 0] Pipeline 'ingress': end
[20:32:51.314] [bmv2] [D] [thread 2611] [11.0] [cxt 0] Egress port is 0
[20:32:51.314] [bmv2] [D] [thread 2612] [10.0] [cxt 0] Pipeline 'egress': start
[20:32:51.314] [bmv2] [D] [thread 2612] [10.0] [cxt 0] Pipeline 'egress': end
[20:32:51.314] [bmv2] [D] [thread 2612] [10.0] [cxt 0] Deparser 'deparser': start
[20:32:51.314] [bmv2] [T] [thread 2612] [10.0] [cxt 0] Skipping checksum 'cksum' update because condition not met
[20:32:51.314] [bmv2] [D] [thread 2612] [10.0] [cxt 0] Deparsing header 'ethernet'
[20:32:51.314] [bmv2] [D] [thread 2612] [10.0] [cxt 0] Deparser 'deparser': end
[20:32:51.314] [bmv2] [D] [thread 2612] [11.0] [cxt 0] Pipeline 'egress': start
[20:32:51.314] [bmv2] [D] [thread 2612] [11.0] [cxt 0] Pipeline 'egress': end
[20:32:51.314] [bmv2] [D] [thread 2612] [11.0] [cxt 0] Deparser 'deparser': start
[20:32:51.314] [bmv2] [T] [thread 2612] [11.0] [cxt 0] Skipping checksum 'cksum' update because condition not met
[20:32:51.314] [bmv2] [D] [thread 2612] [11.0] [cxt 0] Deparsing header 'ethernet'
[20:32:51.314] [bmv2] [D] [thread 2612] [11.0] [cxt 0] Deparser 'deparser': end
[20:32:51.314] [bmv2] [D] [thread 2616] [10.0] [cxt 0] Transmitting packet of size 90 out of port 0
[20:32:51.314] [bmv2] [D] [thread 2616] [11.0] [cxt 0] Transmitting packet of size 70 out of port 0
[20:32:51.638] [bmv2] [D] [thread 2611] [12.0] [cxt 0] Processing packet received on port 1
[20:32:51.638] [bmv2] [D] [thread 2611] [12.0] [cxt 0] Parser 'parser': start
[20:32:51.638] [bmv2] [D] [thread 2611] [12.0] [cxt 0] Parser 'parser' entering state 'start'
[20:32:51.638] [bmv2] [D] [thread 2611] [12.0] [cxt 0] Extracting header 'ethernet'
[20:32:51.638] [bmv2] [D] [thread 2611] [12.0] [cxt 0] Parser state 'start': key is 86dd
[20:32:51.638] [bmv2] [T] [thread 2611] [12.0] [cxt 0] Bytes parsed: 14
[20:32:51.638] [bmv2] [D] [thread 2611] [12.0] [cxt 0] Parser 'parser': end
[20:32:51.638] [bmv2] [D] [thread 2611] [12.0] [cxt 0] Pipeline 'ingress': start
[20:32:51.638] [bmv2] [T] [thread 2611] [12.0] [cxt 0] basic.p4(132) Condition "hdr.ipv4.isValid()" (node_2) is false
[20:32:51.638] [bmv2] [D] [thread 2611] [12.0] [cxt 0] Pipeline 'ingress': end
[20:32:51.638] [bmv2] [D] [thread 2611] [12.0] [cxt 0] Egress port is 0
[20:32:51.638] [bmv2] [D] [thread 2611] [13.0] [cxt 0] Processing packet received on port 3
[20:32:51.638] [bmv2] [D] [thread 2611] [13.0] [cxt 0] Parser 'parser': start
[20:32:51.638] [bmv2] [D] [thread 2611] [13.0] [cxt 0] Parser 'parser' entering state 'start'
[20:32:51.638] [bmv2] [D] [thread 2611] [13.0] [cxt 0] Extracting header 'ethernet'
[20:32:51.638] [bmv2] [D] [thread 2611] [13.0] [cxt 0] Parser state 'start': key is 86dd
[20:32:51.638] [bmv2] [T] [thread 2611] [13.0] [cxt 0] Bytes parsed: 14
[20:32:51.638] [bmv2] [D] [thread 2611] [13.0] [cxt 0] Parser 'parser': end
[20:32:51.638] [bmv2] [D] [thread 2611] [13.0] [cxt 0] Pipeline 'ingress': start
[20:32:51.638] [bmv2] [T] [thread 2611] [13.0] [cxt 0] basic.p4(132) Condition "hdr.ipv4.isValid()" (node_2) is false
[20:32:51.639] [bmv2] [D] [thread 2611] [13.0] [cxt 0] Pipeline 'ingress': end
[20:32:51.639] [bmv2] [D] [thread 2611] [13.0] [cxt 0] Egress port is 0
[20:32:51.639] [bmv2] [D] [thread 2611] [14.0] [cxt 0] Processing packet received on port 3
[20:32:51.639] [bmv2] [D] [thread 2611] [14.0] [cxt 0] Parser 'parser': start
[20:32:51.639] [bmv2] [D] [thread 2611] [14.0] [cxt 0] Parser 'parser' entering state 'start'
[20:32:51.639] [bmv2] [D] [thread 2611] [14.0] [cxt 0] Extracting header 'ethernet'
[20:32:51.639] [bmv2] [D] [thread 2611] [14.0] [cxt 0] Parser state 'start': key is 86dd
[20:32:51.639] [bmv2] [T] [thread 2611] [14.0] [cxt 0] Bytes parsed: 14
[20:32:51.639] [bmv2] [D] [thread 2611] [14.0] [cxt 0] Parser 'parser': end
[20:32:51.639] [bmv2] [D] [thread 2611] [14.0] [cxt 0] Pipeline 'ingress': start
[20:32:51.639] [bmv2] [T] [thread 2611] [14.0] [cxt 0] basic.p4(132) Condition "hdr.ipv4.isValid()" (node_2) is false
[20:32:51.639] [bmv2] [D] [thread 2611] [14.0] [cxt 0] Pipeline 'ingress': end
[20:32:51.639] [bmv2] [D] [thread 2611] [14.0] [cxt 0] Egress port is 0
[20:32:51.639] [bmv2] [D] [thread 2612] [12.0] [cxt 0] Pipeline 'egress': start
[20:32:51.639] [bmv2] [D] [thread 2612] [12.0] [cxt 0] Pipeline 'egress': end
[20:32:51.639] [bmv2] [D] [thread 2612] [12.0] [cxt 0] Deparser 'deparser': start
[20:32:51.639] [bmv2] [T] [thread 2612] [12.0] [cxt 0] Skipping checksum 'cksum' update because condition not met
[20:32:51.639] [bmv2] [D] [thread 2612] [12.0] [cxt 0] Deparsing header 'ethernet'
[20:32:51.639] [bmv2] [D] [thread 2612] [12.0] [cxt 0] Deparser 'deparser': end
[20:32:51.639] [bmv2] [D] [thread 2612] [13.0] [cxt 0] Pipeline 'egress': start
[20:32:51.640] [bmv2] [D] [thread 2612] [13.0] [cxt 0] Pipeline 'egress': end
[20:32:51.640] [bmv2] [D] [thread 2612] [13.0] [cxt 0] Deparser 'deparser': start
[20:32:51.640] [bmv2] [T] [thread 2612] [13.0] [cxt 0] Skipping checksum 'cksum' update because condition not met
[20:32:51.640] [bmv2] [D] [thread 2612] [13.0] [cxt 0] Deparsing header 'ethernet'
[20:32:51.640] [bmv2] [D] [thread 2612] [13.0] [cxt 0] Deparser 'deparser': end
[20:32:51.640] [bmv2] [D] [thread 2612] [14.0] [cxt 0] Pipeline 'egress': start
[20:32:51.640] [bmv2] [D] [thread 2612] [14.0] [cxt 0] Pipeline 'egress': end
[20:32:51.640] [bmv2] [D] [thread 2612] [14.0] [cxt 0] Deparser 'deparser': start
[20:32:51.640] [bmv2] [T] [thread 2612] [14.0] [cxt 0] Skipping checksum 'cksum' update because condition not met
[20:32:51.640] [bmv2] [D] [thread 2612] [14.0] [cxt 0] Deparsing header 'ethernet'
[20:32:51.640] [bmv2] [D] [thread 2612] [14.0] [cxt 0] Deparser 'deparser': end
[20:32:51.640] [bmv2] [D] [thread 2616] [12.0] [cxt 0] Transmitting packet of size 90 out of port 0
[20:32:51.640] [bmv2] [D] [thread 2616] [13.0] [cxt 0] Transmitting packet of size 90 out of port 0
[20:32:51.640] [bmv2] [D] [thread 2616] [14.0] [cxt 0] Transmitting packet of size 70 out of port 0
[20:32:51.758] [bmv2] [D] [thread 2611] [15.0] [cxt 0] Processing packet received on port 2
[20:32:51.758] [bmv2] [D] [thread 2611] [15.0] [cxt 0] Parser 'parser': start
[20:32:51.758] [bmv2] [D] [thread 2611] [15.0] [cxt 0] Parser 'parser' entering state 'start'
[20:32:51.758] [bmv2] [D] [thread 2611] [15.0] [cxt 0] Extracting header 'ethernet'
[20:32:51.758] [bmv2] [D] [thread 2611] [15.0] [cxt 0] Parser state 'start': key is 86dd
[20:32:51.758] [bmv2] [T] [thread 2611] [15.0] [cxt 0] Bytes parsed: 14
[20:32:51.758] [bmv2] [D] [thread 2611] [15.0] [cxt 0] Parser 'parser': end
[20:32:51.758] [bmv2] [D] [thread 2611] [15.0] [cxt 0] Pipeline 'ingress': start
[20:32:51.758] [bmv2] [T] [thread 2611] [15.0] [cxt 0] basic.p4(132) Condition "hdr.ipv4.isValid()" (node_2) is false
[20:32:51.758] [bmv2] [D] [thread 2611] [15.0] [cxt 0] Pipeline 'ingress': end
[20:32:51.758] [bmv2] [D] [thread 2611] [15.0] [cxt 0] Egress port is 0
[20:32:51.758] [bmv2] [D] [thread 2612] [15.0] [cxt 0] Pipeline 'egress': start
[20:32:51.758] [bmv2] [D] [thread 2612] [15.0] [cxt 0] Pipeline 'egress': end
[20:32:51.758] [bmv2] [D] [thread 2612] [15.0] [cxt 0] Deparser 'deparser': start
[20:32:51.758] [bmv2] [T] [thread 2612] [15.0] [cxt 0] Skipping checksum 'cksum' update because condition not met
[20:32:51.759] [bmv2] [D] [thread 2612] [15.0] [cxt 0] Deparsing header 'ethernet'
[20:32:51.759] [bmv2] [D] [thread 2612] [15.0] [cxt 0] Deparser 'deparser': end
[20:32:51.759] [bmv2] [D] [thread 2616] [15.0] [cxt 0] Transmitting packet of size 90 out of port 0
[20:32:51.790] [bmv2] [D] [thread 2611] [16.0] [cxt 0] Processing packet received on port 4
[20:32:51.790] [bmv2] [D] [thread 2611] [16.0] [cxt 0] Parser 'parser': start
[20:32:51.790] [bmv2] [D] [thread 2611] [16.0] [cxt 0] Parser 'parser' entering state 'start'
[20:32:51.790] [bmv2] [D] [thread 2611] [16.0] [cxt 0] Extracting header 'ethernet'
[20:32:51.790] [bmv2] [D] [thread 2611] [16.0] [cxt 0] Parser state 'start': key is 86dd
[20:32:51.790] [bmv2] [T] [thread 2611] [16.0] [cxt 0] Bytes parsed: 14
[20:32:51.790] [bmv2] [D] [thread 2611] [16.0] [cxt 0] Parser 'parser': end
[20:32:51.790] [bmv2] [D] [thread 2611] [16.0] [cxt 0] Pipeline 'ingress': start
[20:32:51.790] [bmv2] [T] [thread 2611] [16.0] [cxt 0] basic.p4(132) Condition "hdr.ipv4.isValid()" (node_2) is false
[20:32:51.790] [bmv2] [D] [thread 2611] [16.0] [cxt 0] Pipeline 'ingress': end
[20:32:51.790] [bmv2] [D] [thread 2611] [16.0] [cxt 0] Egress port is 0
[20:32:51.790] [bmv2] [D] [thread 2612] [16.0] [cxt 0] Pipeline 'egress': start
[20:32:51.790] [bmv2] [D] [thread 2612] [16.0] [cxt 0] Pipeline 'egress': end
[20:32:51.790] [bmv2] [D] [thread 2612] [16.0] [cxt 0] Deparser 'deparser': start
[20:32:51.790] [bmv2] [T] [thread 2612] [16.0] [cxt 0] Skipping checksum 'cksum' update because condition not met
[20:32:51.790] [bmv2] [D] [thread 2612] [16.0] [cxt 0] Deparsing header 'ethernet'
[20:32:51.790] [bmv2] [D] [thread 2612] [16.0] [cxt 0] Deparser 'deparser': end
[20:32:51.791] [bmv2] [D] [thread 2616] [16.0] [cxt 0] Transmitting packet of size 90 out of port 0
[20:32:52.124] [bmv2] [D] [thread 2611] [17.0] [cxt 0] Processing packet received on port 4
[20:32:52.124] [bmv2] [D] [thread 2611] [17.0] [cxt 0] Parser 'parser': start
[20:32:52.124] [bmv2] [D] [thread 2611] [17.0] [cxt 0] Parser 'parser' entering state 'start'
[20:32:52.124] [bmv2] [D] [thread 2611] [17.0] [cxt 0] Extracting header 'ethernet'
[20:32:52.124] [bmv2] [D] [thread 2611] [17.0] [cxt 0] Parser state 'start': key is 86dd
[20:32:52.124] [bmv2] [T] [thread 2611] [17.0] [cxt 0] Bytes parsed: 14
[20:32:52.124] [bmv2] [D] [thread 2611] [17.0] [cxt 0] Parser 'parser': end
[20:32:52.124] [bmv2] [D] [thread 2611] [17.0] [cxt 0] Pipeline 'ingress': start
[20:32:52.124] [bmv2] [T] [thread 2611] [17.0] [cxt 0] basic.p4(132) Condition "hdr.ipv4.isValid()" (node_2) is false
[20:32:52.124] [bmv2] [D] [thread 2611] [17.0] [cxt 0] Pipeline 'ingress': end
[20:32:52.124] [bmv2] [D] [thread 2611] [17.0] [cxt 0] Egress port is 0
[20:32:52.124] [bmv2] [D] [thread 2612] [17.0] [cxt 0] Pipeline 'egress': start
[20:32:52.125] [bmv2] [D] [thread 2612] [17.0] [cxt 0] Pipeline 'egress': end
[20:32:52.125] [bmv2] [D] [thread 2612] [17.0] [cxt 0] Deparser 'deparser': start
[20:32:52.125] [bmv2] [T] [thread 2612] [17.0] [cxt 0] Skipping checksum 'cksum' update because condition not met
[20:32:52.125] [bmv2] [D] [thread 2612] [17.0] [cxt 0] Deparsing header 'ethernet'
[20:32:52.125] [bmv2] [D] [thread 2612] [17.0] [cxt 0] Deparser 'deparser': end
[20:32:52.125] [bmv2] [D] [thread 2616] [17.0] [cxt 0] Transmitting packet of size 90 out of port 0
[20:32:52.401] [bmv2] [D] [thread 2611] [18.0] [cxt 0] Processing packet received on port 3
[20:32:52.401] [bmv2] [D] [thread 2611] [18.0] [cxt 0] Parser 'parser': start
[20:32:52.402] [bmv2] [D] [thread 2611] [18.0] [cxt 0] Parser 'parser' entering state 'start'
[20:32:52.402] [bmv2] [D] [thread 2611] [18.0] [cxt 0] Extracting header 'ethernet'
[20:32:52.402] [bmv2] [D] [thread 2611] [18.0] [cxt 0] Parser state 'start': key is 86dd
[20:32:52.402] [bmv2] [T] [thread 2611] [18.0] [cxt 0] Bytes parsed: 14
[20:32:52.402] [bmv2] [D] [thread 2611] [18.0] [cxt 0] Parser 'parser': end
[20:32:52.402] [bmv2] [D] [thread 2611] [18.0] [cxt 0] Pipeline 'ingress': start
[20:32:52.402] [bmv2] [T] [thread 2611] [18.0] [cxt 0] basic.p4(132) Condition "hdr.ipv4.isValid()" (node_2) is false
[20:32:52.402] [bmv2] [D] [thread 2611] [18.0] [cxt 0] Pipeline 'ingress': end
[20:32:52.402] [bmv2] [D] [thread 2611] [18.0] [cxt 0] Egress port is 0
[20:32:52.402] [bmv2] [D] [thread 2612] [18.0] [cxt 0] Pipeline 'egress': start
[20:32:52.402] [bmv2] [D] [thread 2612] [18.0] [cxt 0] Pipeline 'egress': end
[20:32:52.402] [bmv2] [D] [thread 2612] [18.0] [cxt 0] Deparser 'deparser': start
[20:32:52.402] [bmv2] [T] [thread 2612] [18.0] [cxt 0] Skipping checksum 'cksum' update because condition not met
[20:32:52.402] [bmv2] [D] [thread 2612] [18.0] [cxt 0] Deparsing header 'ethernet'
[20:32:52.402] [bmv2] [D] [thread 2612] [18.0] [cxt 0] Deparser 'deparser': end
[20:32:52.402] [bmv2] [D] [thread 2616] [18.0] [cxt 0] Transmitting packet of size 90 out of port 0
[20:32:53.638] [bmv2] [W] [thread 2673] [P4Runtime] p4::tmp::P4DeviceConfig is deprecated
[20:32:53.640] [bmv2] [D] [thread 2673] Set default default entry for table 'MyIngress.ipv4_lpm': MyIngress.drop - 
[20:32:53.641] [bmv2] [D] [thread 2673] simple_switch target has been notified of a config swap
[20:32:53.642] [bmv2] [D] [thread 2674] Set default entry for table 'MyIngress.ipv4_lpm': MyIngress.drop - 
[20:32:53.643] [bmv2] [D] [thread 2673] Entry 0 added to table 'MyIngress.ipv4_lpm'
[20:32:53.643] [bmv2] [D] [thread 2673] Dumping entry 0
Match key:
* hdr.ipv4.dstAddr    : LPM       0a000101/32
Action entry: MyIngress.ipv4_forward - 80000000300,4,

[20:32:53.645] [bmv2] [D] [thread 2674] Entry 1 added to table 'MyIngress.ipv4_lpm'
[20:32:53.645] [bmv2] [D] [thread 2674] Dumping entry 1
Match key:
* hdr.ipv4.dstAddr    : LPM       0a000202/32
Action entry: MyIngress.ipv4_forward - 80000000400,3,

[20:32:53.646] [bmv2] [D] [thread 2673] Entry 2 added to table 'MyIngress.ipv4_lpm'
[20:32:53.646] [bmv2] [D] [thread 2673] Dumping entry 2
Match key:
* hdr.ipv4.dstAddr    : LPM       0a000303/32
Action entry: MyIngress.ipv4_forward - 80000000333,1,

[20:32:53.648] [bmv2] [D] [thread 2674] Entry 3 added to table 'MyIngress.ipv4_lpm'
[20:32:53.648] [bmv2] [D] [thread 2674] Dumping entry 3
Match key:
* hdr.ipv4.dstAddr    : LPM       0a000404/32
Action entry: MyIngress.ipv4_forward - 80000000444,2,

[20:32:55.103] [bmv2] [D] [thread 2611] [19.0] [cxt 0] Processing packet received on port 2
[20:32:55.103] [bmv2] [D] [thread 2611] [19.0] [cxt 0] Parser 'parser': start
[20:32:55.103] [bmv2] [D] [thread 2611] [19.0] [cxt 0] Parser 'parser' entering state 'start'
[20:32:55.103] [bmv2] [D] [thread 2611] [19.0] [cxt 0] Extracting header 'ethernet'
[20:32:55.103] [bmv2] [D] [thread 2611] [19.0] [cxt 0] Parser state 'start': key is 86dd
[20:32:55.103] [bmv2] [T] [thread 2611] [19.0] [cxt 0] Bytes parsed: 14
[20:32:55.103] [bmv2] [D] [thread 2611] [19.0] [cxt 0] Parser 'parser': end
[20:32:55.103] [bmv2] [D] [thread 2611] [19.0] [cxt 0] Pipeline 'ingress': start
[20:32:55.103] [bmv2] [T] [thread 2611] [19.0] [cxt 0] basic.p4(132) Condition "hdr.ipv4.isValid()" (node_2) is false
[20:32:55.103] [bmv2] [D] [thread 2611] [19.0] [cxt 0] Pipeline 'ingress': end
[20:32:55.103] [bmv2] [D] [thread 2611] [19.0] [cxt 0] Egress port is 0
[20:32:55.103] [bmv2] [D] [thread 2611] [20.0] [cxt 0] Processing packet received on port 1
[20:32:55.103] [bmv2] [D] [thread 2611] [20.0] [cxt 0] Parser 'parser': start
[20:32:55.103] [bmv2] [D] [thread 2611] [20.0] [cxt 0] Parser 'parser' entering state 'start'
[20:32:55.103] [bmv2] [D] [thread 2611] [20.0] [cxt 0] Extracting header 'ethernet'
[20:32:55.103] [bmv2] [D] [thread 2611] [20.0] [cxt 0] Parser state 'start': key is 86dd
[20:32:55.103] [bmv2] [T] [thread 2611] [20.0] [cxt 0] Bytes parsed: 14
[20:32:55.103] [bmv2] [D] [thread 2611] [20.0] [cxt 0] Parser 'parser': end
[20:32:55.103] [bmv2] [D] [thread 2611] [20.0] [cxt 0] Pipeline 'ingress': start
[20:32:55.103] [bmv2] [T] [thread 2611] [20.0] [cxt 0] basic.p4(132) Condition "hdr.ipv4.isValid()" (node_2) is false
[20:32:55.103] [bmv2] [D] [thread 2611] [20.0] [cxt 0] Pipeline 'ingress': end
[20:32:55.103] [bmv2] [D] [thread 2611] [20.0] [cxt 0] Egress port is 0
[20:32:55.103] [bmv2] [D] [thread 2611] [21.0] [cxt 0] Processing packet received on port 3
[20:32:55.103] [bmv2] [D] [thread 2611] [21.0] [cxt 0] Parser 'parser': start
[20:32:55.103] [bmv2] [D] [thread 2611] [21.0] [cxt 0] Parser 'parser' entering state 'start'
[20:32:55.103] [bmv2] [D] [thread 2611] [21.0] [cxt 0] Extracting header 'ethernet'
[20:32:55.103] [bmv2] [D] [thread 2611] [21.0] [cxt 0] Parser state 'start': key is 86dd
[20:32:55.103] [bmv2] [T] [thread 2611] [21.0] [cxt 0] Bytes parsed: 14
[20:32:55.103] [bmv2] [D] [thread 2611] [21.0] [cxt 0] Parser 'parser': end
[20:32:55.103] [bmv2] [D] [thread 2611] [21.0] [cxt 0] Pipeline 'ingress': start
[20:32:55.103] [bmv2] [T] [thread 2611] [21.0] [cxt 0] basic.p4(132) Condition "hdr.ipv4.isValid()" (node_2) is false
[20:32:55.103] [bmv2] [D] [thread 2611] [21.0] [cxt 0] Pipeline 'ingress': end
[20:32:55.103] [bmv2] [D] [thread 2611] [21.0] [cxt 0] Egress port is 0
[20:32:55.103] [bmv2] [D] [thread 2611] [22.0] [cxt 0] Processing packet received on port 4
[20:32:55.104] [bmv2] [D] [thread 2611] [22.0] [cxt 0] Parser 'parser': start
[20:32:55.104] [bmv2] [D] [thread 2611] [22.0] [cxt 0] Parser 'parser' entering state 'start'
[20:32:55.104] [bmv2] [D] [thread 2611] [22.0] [cxt 0] Extracting header 'ethernet'
[20:32:55.104] [bmv2] [D] [thread 2611] [22.0] [cxt 0] Parser state 'start': key is 86dd
[20:32:55.104] [bmv2] [T] [thread 2611] [22.0] [cxt 0] Bytes parsed: 14
[20:32:55.104] [bmv2] [D] [thread 2611] [22.0] [cxt 0] Parser 'parser': end
[20:32:55.104] [bmv2] [D] [thread 2611] [22.0] [cxt 0] Pipeline 'ingress': start
[20:32:55.104] [bmv2] [T] [thread 2611] [22.0] [cxt 0] basic.p4(132) Condition "hdr.ipv4.isValid()" (node_2) is false
[20:32:55.104] [bmv2] [D] [thread 2611] [22.0] [cxt 0] Pipeline 'ingress': end
[20:32:55.104] [bmv2] [D] [thread 2611] [22.0] [cxt 0] Egress port is 0
[20:32:55.104] [bmv2] [D] [thread 2612] [19.0] [cxt 0] Pipeline 'egress': start
[20:32:55.104] [bmv2] [D] [thread 2612] [19.0] [cxt 0] Pipeline 'egress': end
[20:32:55.104] [bmv2] [D] [thread 2612] [19.0] [cxt 0] Deparser 'deparser': start
[20:32:55.104] [bmv2] [T] [thread 2612] [19.0] [cxt 0] Skipping checksum 'cksum' update because condition not met
[20:32:55.104] [bmv2] [D] [thread 2612] [19.0] [cxt 0] Deparsing header 'ethernet'
[20:32:55.104] [bmv2] [D] [thread 2612] [19.0] [cxt 0] Deparser 'deparser': end
[20:32:55.104] [bmv2] [D] [thread 2612] [20.0] [cxt 0] Pipeline 'egress': start
[20:32:55.104] [bmv2] [D] [thread 2612] [20.0] [cxt 0] Pipeline 'egress': end
[20:32:55.104] [bmv2] [D] [thread 2612] [20.0] [cxt 0] Deparser 'deparser': start
[20:32:55.104] [bmv2] [T] [thread 2612] [20.0] [cxt 0] Skipping checksum 'cksum' update because condition not met
[20:32:55.104] [bmv2] [D] [thread 2612] [20.0] [cxt 0] Deparsing header 'ethernet'
[20:32:55.104] [bmv2] [D] [thread 2612] [20.0] [cxt 0] Deparser 'deparser': end
[20:32:55.104] [bmv2] [D] [thread 2612] [21.0] [cxt 0] Pipeline 'egress': start
[20:32:55.104] [bmv2] [D] [thread 2612] [21.0] [cxt 0] Pipeline 'egress': end
[20:32:55.104] [bmv2] [D] [thread 2612] [21.0] [cxt 0] Deparser 'deparser': start
[20:32:55.104] [bmv2] [T] [thread 2612] [21.0] [cxt 0] Skipping checksum 'cksum' update because condition not met
[20:32:55.104] [bmv2] [D] [thread 2612] [21.0] [cxt 0] Deparsing header 'ethernet'
[20:32:55.104] [bmv2] [D] [thread 2616] [19.0] [cxt 0] Transmitting packet of size 70 out of port 0
[20:32:55.104] [bmv2] [D] [thread 2616] [20.0] [cxt 0] Transmitting packet of size 70 out of port 0
[20:32:55.104] [bmv2] [D] [thread 2612] [21.0] [cxt 0] Deparser 'deparser': end
[20:32:55.107] [bmv2] [D] [thread 2612] [22.0] [cxt 0] Pipeline 'egress': start
[20:32:55.107] [bmv2] [D] [thread 2612] [22.0] [cxt 0] Pipeline 'egress': end
[20:32:55.107] [bmv2] [D] [thread 2612] [22.0] [cxt 0] Deparser 'deparser': start
[20:32:55.107] [bmv2] [T] [thread 2612] [22.0] [cxt 0] Skipping checksum 'cksum' update because condition not met
[20:32:55.107] [bmv2] [D] [thread 2612] [22.0] [cxt 0] Deparsing header 'ethernet'
[20:32:55.107] [bmv2] [D] [thread 2612] [22.0] [cxt 0] Deparser 'deparser': end
[20:32:55.107] [bmv2] [D] [thread 2616] [21.0] [cxt 0] Transmitting packet of size 70 out of port 0
[20:32:55.107] [bmv2] [D] [thread 2616] [22.0] [cxt 0] Transmitting packet of size 70 out of port 0
[20:32:55.603] [bmv2] [D] [thread 2611] [23.0] [cxt 0] Processing packet received on port 3
[20:32:55.603] [bmv2] [D] [thread 2611] [23.0] [cxt 0] Parser 'parser': start
[20:32:55.603] [bmv2] [D] [thread 2611] [23.0] [cxt 0] Parser 'parser' entering state 'start'
[20:32:55.603] [bmv2] [D] [thread 2611] [23.0] [cxt 0] Extracting header 'ethernet'
[20:32:55.603] [bmv2] [D] [thread 2611] [23.0] [cxt 0] Parser state 'start': key is 86dd
[20:32:55.603] [bmv2] [T] [thread 2611] [23.0] [cxt 0] Bytes parsed: 14
[20:32:55.603] [bmv2] [D] [thread 2611] [23.0] [cxt 0] Parser 'parser': end
[20:32:55.603] [bmv2] [D] [thread 2611] [23.0] [cxt 0] Pipeline 'ingress': start
[20:32:55.603] [bmv2] [T] [thread 2611] [23.0] [cxt 0] basic.p4(132) Condition "hdr.ipv4.isValid()" (node_2) is false
[20:32:55.603] [bmv2] [D] [thread 2611] [23.0] [cxt 0] Pipeline 'ingress': end
[20:32:55.603] [bmv2] [D] [thread 2611] [23.0] [cxt 0] Egress port is 0
[20:32:55.603] [bmv2] [D] [thread 2611] [24.0] [cxt 0] Processing packet received on port 4
[20:32:55.603] [bmv2] [D] [thread 2611] [24.0] [cxt 0] Parser 'parser': start
[20:32:55.603] [bmv2] [D] [thread 2611] [24.0] [cxt 0] Parser 'parser' entering state 'start'
[20:32:55.603] [bmv2] [D] [thread 2611] [24.0] [cxt 0] Extracting header 'ethernet'
[20:32:55.603] [bmv2] [D] [thread 2611] [24.0] [cxt 0] Parser state 'start': key is 86dd
[20:32:55.603] [bmv2] [T] [thread 2611] [24.0] [cxt 0] Bytes parsed: 14
[20:32:55.603] [bmv2] [D] [thread 2611] [24.0] [cxt 0] Parser 'parser': end
[20:32:55.603] [bmv2] [D] [thread 2611] [24.0] [cxt 0] Pipeline 'ingress': start
[20:32:55.603] [bmv2] [T] [thread 2611] [24.0] [cxt 0] basic.p4(132) Condition "hdr.ipv4.isValid()" (node_2) is false
[20:32:55.603] [bmv2] [D] [thread 2611] [24.0] [cxt 0] Pipeline 'ingress': end
[20:32:55.603] [bmv2] [D] [thread 2611] [24.0] [cxt 0] Egress port is 0
[20:32:55.604] [bmv2] [D] [thread 2612] [23.0] [cxt 0] Pipeline 'egress': start
[20:32:55.604] [bmv2] [D] [thread 2612] [23.0] [cxt 0] Pipeline 'egress': end
[20:32:55.604] [bmv2] [D] [thread 2612] [23.0] [cxt 0] Deparser 'deparser': start
[20:32:55.604] [bmv2] [T] [thread 2612] [23.0] [cxt 0] Skipping checksum 'cksum' update because condition not met
[20:32:55.604] [bmv2] [D] [thread 2612] [23.0] [cxt 0] Deparsing header 'ethernet'
[20:32:55.604] [bmv2] [D] [thread 2612] [23.0] [cxt 0] Deparser 'deparser': end
[20:32:55.604] [bmv2] [D] [thread 2612] [24.0] [cxt 0] Pipeline 'egress': start
[20:32:55.604] [bmv2] [D] [thread 2612] [24.0] [cxt 0] Pipeline 'egress': end
[20:32:55.605] [bmv2] [D] [thread 2612] [24.0] [cxt 0] Deparser 'deparser': start
[20:32:55.605] [bmv2] [T] [thread 2612] [24.0] [cxt 0] Skipping checksum 'cksum' update because condition not met
[20:32:55.605] [bmv2] [D] [thread 2612] [24.0] [cxt 0] Deparsing header 'ethernet'
[20:32:55.605] [bmv2] [D] [thread 2612] [24.0] [cxt 0] Deparser 'deparser': end
[20:32:55.605] [bmv2] [D] [thread 2616] [23.0] [cxt 0] Transmitting packet of size 70 out of port 0
[20:32:55.605] [bmv2] [D] [thread 2616] [24.0] [cxt 0] Transmitting packet of size 70 out of port 0
[20:33:02.510] [bmv2] [D] [thread 2611] [25.0] [cxt 0] Processing packet received on port 1
[20:33:02.510] [bmv2] [D] [thread 2611] [25.0] [cxt 0] Parser 'parser': start
[20:33:02.510] [bmv2] [D] [thread 2611] [25.0] [cxt 0] Parser 'parser' entering state 'start'
[20:33:02.510] [bmv2] [D] [thread 2611] [25.0] [cxt 0] Extracting header 'ethernet'
[20:33:02.510] [bmv2] [D] [thread 2611] [25.0] [cxt 0] Parser state 'start': key is 86dd
[20:33:02.510] [bmv2] [T] [thread 2611] [25.0] [cxt 0] Bytes parsed: 14
[20:33:02.510] [bmv2] [D] [thread 2611] [25.0] [cxt 0] Parser 'parser': end
[20:33:02.511] [bmv2] [D] [thread 2611] [25.0] [cxt 0] Pipeline 'ingress': start
[20:33:02.511] [bmv2] [T] [thread 2611] [25.0] [cxt 0] basic.p4(132) Condition "hdr.ipv4.isValid()" (node_2) is false
[20:33:02.511] [bmv2] [D] [thread 2611] [25.0] [cxt 0] Pipeline 'ingress': end
[20:33:02.511] [bmv2] [D] [thread 2611] [25.0] [cxt 0] Egress port is 0
[20:33:02.511] [bmv2] [D] [thread 2612] [25.0] [cxt 0] Pipeline 'egress': start
[20:33:02.511] [bmv2] [D] [thread 2612] [25.0] [cxt 0] Pipeline 'egress': end
[20:33:02.511] [bmv2] [D] [thread 2612] [25.0] [cxt 0] Deparser 'deparser': start
[20:33:02.511] [bmv2] [T] [thread 2612] [25.0] [cxt 0] Skipping checksum 'cksum' update because condition not met
[20:33:02.511] [bmv2] [D] [thread 2612] [25.0] [cxt 0] Deparsing header 'ethernet'
[20:33:02.511] [bmv2] [D] [thread 2612] [25.0] [cxt 0] Deparser 'deparser': end
[20:33:02.511] [bmv2] [D] [thread 2616] [25.0] [cxt 0] Transmitting packet of size 70 out of port 0
[20:33:02.765] [bmv2] [D] [thread 2611] [26.0] [cxt 0] Processing packet received on port 2
[20:33:02.765] [bmv2] [D] [thread 2611] [26.0] [cxt 0] Parser 'parser': start
[20:33:02.765] [bmv2] [D] [thread 2611] [26.0] [cxt 0] Parser 'parser' entering state 'start'
[20:33:02.765] [bmv2] [D] [thread 2611] [26.0] [cxt 0] Extracting header 'ethernet'
[20:33:02.765] [bmv2] [D] [thread 2611] [26.0] [cxt 0] Parser state 'start': key is 86dd
[20:33:02.766] [bmv2] [T] [thread 2611] [26.0] [cxt 0] Bytes parsed: 14
[20:33:02.766] [bmv2] [D] [thread 2611] [26.0] [cxt 0] Parser 'parser': end
[20:33:02.766] [bmv2] [D] [thread 2611] [26.0] [cxt 0] Pipeline 'ingress': start
[20:33:02.766] [bmv2] [T] [thread 2611] [26.0] [cxt 0] basic.p4(132) Condition "hdr.ipv4.isValid()" (node_2) is false
[20:33:02.766] [bmv2] [D] [thread 2611] [26.0] [cxt 0] Pipeline 'ingress': end
[20:33:02.766] [bmv2] [D] [thread 2611] [26.0] [cxt 0] Egress port is 0
[20:33:02.766] [bmv2] [D] [thread 2612] [26.0] [cxt 0] Pipeline 'egress': start
[20:33:02.766] [bmv2] [D] [thread 2612] [26.0] [cxt 0] Pipeline 'egress': end
[20:33:02.766] [bmv2] [D] [thread 2612] [26.0] [cxt 0] Deparser 'deparser': start
[20:33:02.766] [bmv2] [T] [thread 2612] [26.0] [cxt 0] Skipping checksum 'cksum' update because condition not met
[20:33:02.766] [bmv2] [D] [thread 2612] [26.0] [cxt 0] Deparsing header 'ethernet'
[20:33:02.766] [bmv2] [D] [thread 2612] [26.0] [cxt 0] Deparser 'deparser': end
[20:33:02.766] [bmv2] [D] [thread 2616] [26.0] [cxt 0] Transmitting packet of size 70 out of port 0
[20:33:03.022] [bmv2] [D] [thread 2611] [27.0] [cxt 0] Processing packet received on port 4
[20:33:03.022] [bmv2] [D] [thread 2611] [27.0] [cxt 0] Parser 'parser': start
[20:33:03.022] [bmv2] [D] [thread 2611] [27.0] [cxt 0] Parser 'parser' entering state 'start'
[20:33:03.023] [bmv2] [D] [thread 2611] [27.0] [cxt 0] Extracting header 'ethernet'
[20:33:03.023] [bmv2] [D] [thread 2611] [27.0] [cxt 0] Parser state 'start': key is 86dd
[20:33:03.023] [bmv2] [T] [thread 2611] [27.0] [cxt 0] Bytes parsed: 14
[20:33:03.023] [bmv2] [D] [thread 2611] [27.0] [cxt 0] Parser 'parser': end
[20:33:03.023] [bmv2] [D] [thread 2611] [27.0] [cxt 0] Pipeline 'ingress': start
[20:33:03.023] [bmv2] [T] [thread 2611] [27.0] [cxt 0] basic.p4(132) Condition "hdr.ipv4.isValid()" (node_2) is false
[20:33:03.023] [bmv2] [D] [thread 2611] [27.0] [cxt 0] Pipeline 'ingress': end
[20:33:03.023] [bmv2] [D] [thread 2611] [27.0] [cxt 0] Egress port is 0
[20:33:03.023] [bmv2] [D] [thread 2612] [27.0] [cxt 0] Pipeline 'egress': start
[20:33:03.023] [bmv2] [D] [thread 2612] [27.0] [cxt 0] Pipeline 'egress': end
[20:33:03.023] [bmv2] [D] [thread 2612] [27.0] [cxt 0] Deparser 'deparser': start
[20:33:03.023] [bmv2] [T] [thread 2612] [27.0] [cxt 0] Skipping checksum 'cksum' update because condition not met
[20:33:03.023] [bmv2] [D] [thread 2612] [27.0] [cxt 0] Deparsing header 'ethernet'
[20:33:03.023] [bmv2] [D] [thread 2612] [27.0] [cxt 0] Deparser 'deparser': end
[20:33:03.023] [bmv2] [D] [thread 2616] [27.0] [cxt 0] Transmitting packet of size 70 out of port 0
[20:33:03.282] [bmv2] [D] [thread 2611] [28.0] [cxt 0] Processing packet received on port 3
[20:33:03.282] [bmv2] [D] [thread 2611] [28.0] [cxt 0] Parser 'parser': start
[20:33:03.282] [bmv2] [D] [thread 2611] [28.0] [cxt 0] Parser 'parser' entering state 'start'
[20:33:03.282] [bmv2] [D] [thread 2611] [28.0] [cxt 0] Extracting header 'ethernet'
[20:33:03.282] [bmv2] [D] [thread 2611] [28.0] [cxt 0] Parser state 'start': key is 86dd
[20:33:03.283] [bmv2] [T] [thread 2611] [28.0] [cxt 0] Bytes parsed: 14
[20:33:03.283] [bmv2] [D] [thread 2611] [28.0] [cxt 0] Parser 'parser': end
[20:33:03.283] [bmv2] [D] [thread 2611] [28.0] [cxt 0] Pipeline 'ingress': start
[20:33:03.283] [bmv2] [T] [thread 2611] [28.0] [cxt 0] basic.p4(132) Condition "hdr.ipv4.isValid()" (node_2) is false
[20:33:03.283] [bmv2] [D] [thread 2611] [28.0] [cxt 0] Pipeline 'ingress': end
[20:33:03.283] [bmv2] [D] [thread 2611] [28.0] [cxt 0] Egress port is 0
[20:33:03.283] [bmv2] [D] [thread 2611] [29.0] [cxt 0] Processing packet received on port 3
[20:33:03.283] [bmv2] [D] [thread 2611] [29.0] [cxt 0] Parser 'parser': start
[20:33:03.283] [bmv2] [D] [thread 2611] [29.0] [cxt 0] Parser 'parser' entering state 'start'
[20:33:03.283] [bmv2] [D] [thread 2611] [29.0] [cxt 0] Extracting header 'ethernet'
[20:33:03.283] [bmv2] [D] [thread 2611] [29.0] [cxt 0] Parser state 'start': key is 86dd
[20:33:03.283] [bmv2] [T] [thread 2611] [29.0] [cxt 0] Bytes parsed: 14
[20:33:03.283] [bmv2] [D] [thread 2611] [29.0] [cxt 0] Parser 'parser': end
[20:33:03.283] [bmv2] [D] [thread 2611] [29.0] [cxt 0] Pipeline 'ingress': start
[20:33:03.283] [bmv2] [T] [thread 2611] [29.0] [cxt 0] basic.p4(132) Condition "hdr.ipv4.isValid()" (node_2) is false
[20:33:03.283] [bmv2] [D] [thread 2611] [29.0] [cxt 0] Pipeline 'ingress': end
[20:33:03.283] [bmv2] [D] [thread 2611] [29.0] [cxt 0] Egress port is 0
[20:33:03.283] [bmv2] [D] [thread 2612] [28.0] [cxt 0] Pipeline 'egress': start
[20:33:03.283] [bmv2] [D] [thread 2612] [28.0] [cxt 0] Pipeline 'egress': end
[20:33:03.283] [bmv2] [D] [thread 2612] [28.0] [cxt 0] Deparser 'deparser': start
[20:33:03.284] [bmv2] [T] [thread 2612] [28.0] [cxt 0] Skipping checksum 'cksum' update because condition not met
[20:33:03.284] [bmv2] [D] [thread 2612] [28.0] [cxt 0] Deparsing header 'ethernet'
[20:33:03.284] [bmv2] [D] [thread 2612] [28.0] [cxt 0] Deparser 'deparser': end
[20:33:03.284] [bmv2] [D] [thread 2612] [29.0] [cxt 0] Pipeline 'egress': start
[20:33:03.284] [bmv2] [D] [thread 2612] [29.0] [cxt 0] Pipeline 'egress': end
[20:33:03.284] [bmv2] [D] [thread 2612] [29.0] [cxt 0] Deparser 'deparser': start
[20:33:03.284] [bmv2] [T] [thread 2612] [29.0] [cxt 0] Skipping checksum 'cksum' update because condition not met
[20:33:03.284] [bmv2] [D] [thread 2612] [29.0] [cxt 0] Deparsing header 'ethernet'
[20:33:03.284] [bmv2] [D] [thread 2612] [29.0] [cxt 0] Deparser 'deparser': end
[20:33:03.284] [bmv2] [D] [thread 2616] [28.0] [cxt 0] Transmitting packet of size 70 out of port 0
[20:33:03.284] [bmv2] [D] [thread 2616] [29.0] [cxt 0] Transmitting packet of size 70 out of port 0
[20:33:04.302] [bmv2] [D] [thread 2611] [30.0] [cxt 0] Processing packet received on port 4
[20:33:04.302] [bmv2] [D] [thread 2611] [30.0] [cxt 0] Parser 'parser': start
[20:33:04.302] [bmv2] [D] [thread 2611] [30.0] [cxt 0] Parser 'parser' entering state 'start'
[20:33:04.302] [bmv2] [D] [thread 2611] [30.0] [cxt 0] Extracting header 'ethernet'
[20:33:04.302] [bmv2] [D] [thread 2611] [30.0] [cxt 0] Parser state 'start': key is 86dd
[20:33:04.302] [bmv2] [T] [thread 2611] [30.0] [cxt 0] Bytes parsed: 14
[20:33:04.302] [bmv2] [D] [thread 2611] [30.0] [cxt 0] Parser 'parser': end
[20:33:04.302] [bmv2] [D] [thread 2611] [30.0] [cxt 0] Pipeline 'ingress': start
[20:33:04.302] [bmv2] [T] [thread 2611] [30.0] [cxt 0] basic.p4(132) Condition "hdr.ipv4.isValid()" (node_2) is false
[20:33:04.302] [bmv2] [D] [thread 2611] [30.0] [cxt 0] Pipeline 'ingress': end
[20:33:04.302] [bmv2] [D] [thread 2611] [30.0] [cxt 0] Egress port is 0
[20:33:04.303] [bmv2] [D] [thread 2612] [30.0] [cxt 0] Pipeline 'egress': start
[20:33:04.303] [bmv2] [D] [thread 2612] [30.0] [cxt 0] Pipeline 'egress': end
[20:33:04.303] [bmv2] [D] [thread 2612] [30.0] [cxt 0] Deparser 'deparser': start
[20:33:04.303] [bmv2] [T] [thread 2612] [30.0] [cxt 0] Skipping checksum 'cksum' update because condition not met
[20:33:04.303] [bmv2] [D] [thread 2612] [30.0] [cxt 0] Deparsing header 'ethernet'
[20:33:04.303] [bmv2] [D] [thread 2612] [30.0] [cxt 0] Deparser 'deparser': end
[20:33:04.303] [bmv2] [D] [thread 2616] [30.0] [cxt 0] Transmitting packet of size 70 out of port 0
[20:33:16.846] [bmv2] [D] [thread 2611] [31.0] [cxt 0] Processing packet received on port 1
[20:33:16.846] [bmv2] [D] [thread 2611] [31.0] [cxt 0] Parser 'parser': start
[20:33:16.846] [bmv2] [D] [thread 2611] [31.0] [cxt 0] Parser 'parser' entering state 'start'
[20:33:16.846] [bmv2] [D] [thread 2611] [31.0] [cxt 0] Extracting header 'ethernet'
[20:33:16.846] [bmv2] [D] [thread 2611] [31.0] [cxt 0] Parser state 'start': key is 86dd
[20:33:16.846] [bmv2] [T] [thread 2611] [31.0] [cxt 0] Bytes parsed: 14
[20:33:16.846] [bmv2] [D] [thread 2611] [31.0] [cxt 0] Parser 'parser': end
[20:33:16.846] [bmv2] [D] [thread 2611] [31.0] [cxt 0] Pipeline 'ingress': start
[20:33:16.846] [bmv2] [T] [thread 2611] [31.0] [cxt 0] basic.p4(132) Condition "hdr.ipv4.isValid()" (node_2) is false
[20:33:16.846] [bmv2] [D] [thread 2611] [31.0] [cxt 0] Pipeline 'ingress': end
[20:33:16.846] [bmv2] [D] [thread 2611] [31.0] [cxt 0] Egress port is 0
[20:33:16.846] [bmv2] [D] [thread 2612] [31.0] [cxt 0] Pipeline 'egress': start
[20:33:16.847] [bmv2] [D] [thread 2612] [31.0] [cxt 0] Pipeline 'egress': end
[20:33:16.847] [bmv2] [D] [thread 2612] [31.0] [cxt 0] Deparser 'deparser': start
[20:33:16.847] [bmv2] [T] [thread 2612] [31.0] [cxt 0] Skipping checksum 'cksum' update because condition not met
[20:33:16.847] [bmv2] [D] [thread 2612] [31.0] [cxt 0] Deparsing header 'ethernet'
[20:33:16.847] [bmv2] [D] [thread 2612] [31.0] [cxt 0] Deparser 'deparser': end
[20:33:16.847] [bmv2] [D] [thread 2616] [31.0] [cxt 0] Transmitting packet of size 70 out of port 0
[20:33:17.878] [bmv2] [D] [thread 2611] [32.0] [cxt 0] Processing packet received on port 3
[20:33:17.878] [bmv2] [D] [thread 2611] [32.0] [cxt 0] Parser 'parser': start
[20:33:17.878] [bmv2] [D] [thread 2611] [32.0] [cxt 0] Parser 'parser' entering state 'start'
[20:33:17.878] [bmv2] [D] [thread 2611] [32.0] [cxt 0] Extracting header 'ethernet'
[20:33:17.878] [bmv2] [D] [thread 2611] [32.0] [cxt 0] Parser state 'start': key is 86dd
[20:33:17.878] [bmv2] [T] [thread 2611] [32.0] [cxt 0] Bytes parsed: 14
[20:33:17.878] [bmv2] [D] [thread 2611] [32.0] [cxt 0] Parser 'parser': end
[20:33:17.878] [bmv2] [D] [thread 2611] [32.0] [cxt 0] Pipeline 'ingress': start
[20:33:17.878] [bmv2] [T] [thread 2611] [32.0] [cxt 0] basic.p4(132) Condition "hdr.ipv4.isValid()" (node_2) is false
[20:33:17.878] [bmv2] [D] [thread 2611] [32.0] [cxt 0] Pipeline 'ingress': end
[20:33:17.878] [bmv2] [D] [thread 2611] [32.0] [cxt 0] Egress port is 0
[20:33:17.879] [bmv2] [D] [thread 2612] [32.0] [cxt 0] Pipeline 'egress': start
[20:33:17.879] [bmv2] [D] [thread 2612] [32.0] [cxt 0] Pipeline 'egress': end
[20:33:17.879] [bmv2] [D] [thread 2612] [32.0] [cxt 0] Deparser 'deparser': start
[20:33:17.879] [bmv2] [T] [thread 2612] [32.0] [cxt 0] Skipping checksum 'cksum' update because condition not met
[20:33:17.879] [bmv2] [D] [thread 2612] [32.0] [cxt 0] Deparsing header 'ethernet'
[20:33:17.879] [bmv2] [D] [thread 2612] [32.0] [cxt 0] Deparser 'deparser': end
[20:33:17.879] [bmv2] [D] [thread 2616] [32.0] [cxt 0] Transmitting packet of size 70 out of port 0
[20:33:18.637] [bmv2] [D] [thread 2611] [33.0] [cxt 0] Processing packet received on port 2
[20:33:18.638] [bmv2] [D] [thread 2611] [33.0] [cxt 0] Parser 'parser': start
[20:33:18.638] [bmv2] [D] [thread 2611] [33.0] [cxt 0] Parser 'parser' entering state 'start'
[20:33:18.638] [bmv2] [D] [thread 2611] [33.0] [cxt 0] Extracting header 'ethernet'
[20:33:18.638] [bmv2] [D] [thread 2611] [33.0] [cxt 0] Parser state 'start': key is 86dd
[20:33:18.638] [bmv2] [T] [thread 2611] [33.0] [cxt 0] Bytes parsed: 14
[20:33:18.638] [bmv2] [D] [thread 2611] [33.0] [cxt 0] Parser 'parser': end
[20:33:18.638] [bmv2] [D] [thread 2611] [33.0] [cxt 0] Pipeline 'ingress': start
[20:33:18.638] [bmv2] [T] [thread 2611] [33.0] [cxt 0] basic.p4(132) Condition "hdr.ipv4.isValid()" (node_2) is false
[20:33:18.638] [bmv2] [D] [thread 2611] [33.0] [cxt 0] Pipeline 'ingress': end
[20:33:18.638] [bmv2] [D] [thread 2611] [33.0] [cxt 0] Egress port is 0
[20:33:18.638] [bmv2] [D] [thread 2612] [33.0] [cxt 0] Pipeline 'egress': start
[20:33:18.638] [bmv2] [D] [thread 2612] [33.0] [cxt 0] Pipeline 'egress': end
[20:33:18.639] [bmv2] [D] [thread 2612] [33.0] [cxt 0] Deparser 'deparser': start
[20:33:18.639] [bmv2] [T] [thread 2612] [33.0] [cxt 0] Skipping checksum 'cksum' update because condition not met
[20:33:18.639] [bmv2] [D] [thread 2612] [33.0] [cxt 0] Deparsing header 'ethernet'
[20:33:18.639] [bmv2] [D] [thread 2612] [33.0] [cxt 0] Deparser 'deparser': end
[20:33:18.639] [bmv2] [D] [thread 2616] [33.0] [cxt 0] Transmitting packet of size 70 out of port 0
open: No such file or directory
open: No such file or directory
open: No such file or directory
open: No such file or directory
open: No such file or directory
open: No such file or directory
