Calling target program-options parser
[20:32:51.365] [bmv2] [D] [thread 2618] Set default default entry for table 'MyIngress.ipv4_lpm': MyIngress.drop - 
Adding interface s3-eth1 as port 1
[20:32:51.366] [bmv2] [D] [thread 2618] Adding interface s3-eth1 as port 1
Adding interface s3-eth2 as port 2
[20:32:51.445] [bmv2] [D] [thread 2618] Adding interface s3-eth2 as port 2
Server listening on 0.0.0.0:50053
[20:32:51.494] [bmv2] [I] [thread 2618] Starting Thrift server on port 9092
[20:32:51.495] [bmv2] [I] [thread 2618] Thrift server was started
[20:32:51.790] [bmv2] [D] [thread 2628] [0.0] [cxt 0] Processing packet received on port 2
[20:32:51.791] [bmv2] [D] [thread 2628] [0.0] [cxt 0] Parser 'parser': start
[20:32:51.791] [bmv2] [D] [thread 2628] [0.0] [cxt 0] Parser 'parser' entering state 'start'
[20:32:51.791] [bmv2] [D] [thread 2628] [0.0] [cxt 0] Extracting header 'ethernet'
[20:32:51.791] [bmv2] [D] [thread 2628] [0.0] [cxt 0] Parser state 'start': key is 86dd
[20:32:51.791] [bmv2] [T] [thread 2628] [0.0] [cxt 0] Bytes parsed: 14
[20:32:51.791] [bmv2] [D] [thread 2628] [0.0] [cxt 0] Parser 'parser': end
[20:32:51.791] [bmv2] [D] [thread 2628] [0.0] [cxt 0] Pipeline 'ingress': start
[20:32:51.791] [bmv2] [T] [thread 2628] [0.0] [cxt 0] basic.p4(132) Condition "hdr.ipv4.isValid()" (node_2) is false
[20:32:51.791] [bmv2] [D] [thread 2628] [0.0] [cxt 0] Pipeline 'ingress': end
[20:32:51.791] [bmv2] [D] [thread 2628] [0.0] [cxt 0] Egress port is 0
[20:32:51.791] [bmv2] [D] [thread 2629] [0.0] [cxt 0] Pipeline 'egress': start
[20:32:51.791] [bmv2] [D] [thread 2629] [0.0] [cxt 0] Pipeline 'egress': end
[20:32:51.791] [bmv2] [D] [thread 2629] [0.0] [cxt 0] Deparser 'deparser': start
[20:32:51.791] [bmv2] [T] [thread 2629] [0.0] [cxt 0] Skipping checksum 'cksum' update because condition not met
[20:32:51.791] [bmv2] [D] [thread 2629] [0.0] [cxt 0] Deparsing header 'ethernet'
[20:32:51.791] [bmv2] [D] [thread 2629] [0.0] [cxt 0] Deparser 'deparser': end
[20:32:51.791] [bmv2] [D] [thread 2633] [0.0] [cxt 0] Transmitting packet of size 90 out of port 0
[20:32:52.122] [bmv2] [D] [thread 2628] [1.0] [cxt 0] Processing packet received on port 2
[20:32:52.124] [bmv2] [D] [thread 2628] [1.0] [cxt 0] Parser 'parser': start
[20:32:52.124] [bmv2] [D] [thread 2628] [1.0] [cxt 0] Parser 'parser' entering state 'start'
[20:32:52.124] [bmv2] [D] [thread 2628] [1.0] [cxt 0] Extracting header 'ethernet'
[20:32:52.124] [bmv2] [D] [thread 2628] [1.0] [cxt 0] Parser state 'start': key is 86dd
[20:32:52.124] [bmv2] [T] [thread 2628] [1.0] [cxt 0] Bytes parsed: 14
[20:32:52.124] [bmv2] [D] [thread 2628] [1.0] [cxt 0] Parser 'parser': end
[20:32:52.124] [bmv2] [D] [thread 2628] [1.0] [cxt 0] Pipeline 'ingress': start
[20:32:52.124] [bmv2] [T] [thread 2628] [1.0] [cxt 0] basic.p4(132) Condition "hdr.ipv4.isValid()" (node_2) is false
[20:32:52.124] [bmv2] [D] [thread 2628] [1.0] [cxt 0] Pipeline 'ingress': end
[20:32:52.124] [bmv2] [D] [thread 2628] [1.0] [cxt 0] Egress port is 0
[20:32:52.124] [bmv2] [D] [thread 2629] [1.0] [cxt 0] Pipeline 'egress': start
[20:32:52.124] [bmv2] [D] [thread 2629] [1.0] [cxt 0] Pipeline 'egress': end
[20:32:52.124] [bmv2] [D] [thread 2629] [1.0] [cxt 0] Deparser 'deparser': start
[20:32:52.124] [bmv2] [T] [thread 2629] [1.0] [cxt 0] Skipping checksum 'cksum' update because condition not met
[20:32:52.124] [bmv2] [D] [thread 2629] [1.0] [cxt 0] Deparsing header 'ethernet'
[20:32:52.124] [bmv2] [D] [thread 2629] [1.0] [cxt 0] Deparser 'deparser': end
[20:32:52.124] [bmv2] [D] [thread 2633] [1.0] [cxt 0] Transmitting packet of size 90 out of port 0
[20:32:52.323] [bmv2] [D] [thread 2628] [2.0] [cxt 0] Processing packet received on port 1
[20:32:52.323] [bmv2] [D] [thread 2628] [2.0] [cxt 0] Parser 'parser': start
[20:32:52.323] [bmv2] [D] [thread 2628] [2.0] [cxt 0] Parser 'parser' entering state 'start'
[20:32:52.323] [bmv2] [D] [thread 2628] [2.0] [cxt 0] Extracting header 'ethernet'
[20:32:52.323] [bmv2] [D] [thread 2628] [2.0] [cxt 0] Parser state 'start': key is 86dd
[20:32:52.323] [bmv2] [T] [thread 2628] [2.0] [cxt 0] Bytes parsed: 14
[20:32:52.323] [bmv2] [D] [thread 2628] [2.0] [cxt 0] Parser 'parser': end
[20:32:52.323] [bmv2] [D] [thread 2628] [2.0] [cxt 0] Pipeline 'ingress': start
[20:32:52.323] [bmv2] [T] [thread 2628] [2.0] [cxt 0] basic.p4(132) Condition "hdr.ipv4.isValid()" (node_2) is false
[20:32:52.323] [bmv2] [D] [thread 2628] [2.0] [cxt 0] Pipeline 'ingress': end
[20:32:52.323] [bmv2] [D] [thread 2628] [2.0] [cxt 0] Egress port is 0
[20:32:52.323] [bmv2] [D] [thread 2629] [2.0] [cxt 0] Pipeline 'egress': start
[20:32:52.323] [bmv2] [D] [thread 2629] [2.0] [cxt 0] Pipeline 'egress': end
[20:32:52.324] [bmv2] [D] [thread 2629] [2.0] [cxt 0] Deparser 'deparser': start
[20:32:52.324] [bmv2] [T] [thread 2629] [2.0] [cxt 0] Skipping checksum 'cksum' update because condition not met
[20:32:52.324] [bmv2] [D] [thread 2629] [2.0] [cxt 0] Deparsing header 'ethernet'
[20:32:52.324] [bmv2] [D] [thread 2629] [2.0] [cxt 0] Deparser 'deparser': end
[20:32:52.324] [bmv2] [D] [thread 2633] [2.0] [cxt 0] Transmitting packet of size 90 out of port 0
[20:32:53.656] [bmv2] [W] [thread 2681] [P4Runtime] p4::tmp::P4DeviceConfig is deprecated
[20:32:53.657] [bmv2] [D] [thread 2681] Set default default entry for table 'MyIngress.ipv4_lpm': MyIngress.drop - 
[20:32:53.657] [bmv2] [D] [thread 2681] simple_switch target has been notified of a config swap
[20:32:53.658] [bmv2] [D] [thread 2682] Set default entry for table 'MyIngress.ipv4_lpm': MyIngress.drop - 
[20:32:53.660] [bmv2] [D] [thread 2681] Entry 0 added to table 'MyIngress.ipv4_lpm'
[20:32:53.660] [bmv2] [D] [thread 2681] Dumping entry 0
Match key:
* hdr.ipv4.dstAddr    : LPM       0a000101/32
Action entry: MyIngress.ipv4_forward - 80000000100,1,

[20:32:53.661] [bmv2] [D] [thread 2682] Entry 1 added to table 'MyIngress.ipv4_lpm'
[20:32:53.661] [bmv2] [D] [thread 2682] Dumping entry 1
Match key:
* hdr.ipv4.dstAddr    : LPM       0a000202/32
Action entry: MyIngress.ipv4_forward - 80000000100,1,

[20:32:53.663] [bmv2] [D] [thread 2681] Entry 2 added to table 'MyIngress.ipv4_lpm'
[20:32:53.663] [bmv2] [D] [thread 2681] Dumping entry 2
Match key:
* hdr.ipv4.dstAddr    : LPM       0a000303/32
Action entry: MyIngress.ipv4_forward - 80000000200,2,

[20:32:53.665] [bmv2] [D] [thread 2682] Entry 3 added to table 'MyIngress.ipv4_lpm'
[20:32:53.665] [bmv2] [D] [thread 2682] Dumping entry 3
Match key:
* hdr.ipv4.dstAddr    : LPM       0a000404/32
Action entry: MyIngress.ipv4_forward - 80000000200,2,

[20:32:55.103] [bmv2] [D] [thread 2628] [3.0] [cxt 0] Processing packet received on port 1
[20:32:55.103] [bmv2] [D] [thread 2628] [3.0] [cxt 0] Parser 'parser': start
[20:32:55.103] [bmv2] [D] [thread 2628] [3.0] [cxt 0] Parser 'parser' entering state 'start'
[20:32:55.103] [bmv2] [D] [thread 2628] [3.0] [cxt 0] Extracting header 'ethernet'
[20:32:55.103] [bmv2] [D] [thread 2628] [3.0] [cxt 0] Parser state 'start': key is 86dd
[20:32:55.103] [bmv2] [T] [thread 2628] [3.0] [cxt 0] Bytes parsed: 14
[20:32:55.103] [bmv2] [D] [thread 2628] [3.0] [cxt 0] Parser 'parser': end
[20:32:55.103] [bmv2] [D] [thread 2628] [3.0] [cxt 0] Pipeline 'ingress': start
[20:32:55.103] [bmv2] [T] [thread 2628] [3.0] [cxt 0] basic.p4(132) Condition "hdr.ipv4.isValid()" (node_2) is false
[20:32:55.103] [bmv2] [D] [thread 2628] [3.0] [cxt 0] Pipeline 'ingress': end
[20:32:55.103] [bmv2] [D] [thread 2628] [3.0] [cxt 0] Egress port is 0
[20:32:55.103] [bmv2] [D] [thread 2628] [4.0] [cxt 0] Processing packet received on port 2
[20:32:55.103] [bmv2] [D] [thread 2628] [4.0] [cxt 0] Parser 'parser': start
[20:32:55.103] [bmv2] [D] [thread 2628] [4.0] [cxt 0] Parser 'parser' entering state 'start'
[20:32:55.103] [bmv2] [D] [thread 2628] [4.0] [cxt 0] Extracting header 'ethernet'
[20:32:55.103] [bmv2] [D] [thread 2628] [4.0] [cxt 0] Parser state 'start': key is 86dd
[20:32:55.104] [bmv2] [T] [thread 2628] [4.0] [cxt 0] Bytes parsed: 14
[20:32:55.104] [bmv2] [D] [thread 2628] [4.0] [cxt 0] Parser 'parser': end
[20:32:55.104] [bmv2] [D] [thread 2628] [4.0] [cxt 0] Pipeline 'ingress': start
[20:32:55.104] [bmv2] [T] [thread 2628] [4.0] [cxt 0] basic.p4(132) Condition "hdr.ipv4.isValid()" (node_2) is false
[20:32:55.104] [bmv2] [D] [thread 2628] [4.0] [cxt 0] Pipeline 'ingress': end
[20:32:55.104] [bmv2] [D] [thread 2628] [4.0] [cxt 0] Egress port is 0
[20:32:55.104] [bmv2] [D] [thread 2629] [3.0] [cxt 0] Pipeline 'egress': start
[20:32:55.104] [bmv2] [D] [thread 2629] [3.0] [cxt 0] Pipeline 'egress': end
[20:32:55.104] [bmv2] [D] [thread 2629] [3.0] [cxt 0] Deparser 'deparser': start
[20:32:55.104] [bmv2] [T] [thread 2629] [3.0] [cxt 0] Skipping checksum 'cksum' update because condition not met
[20:32:55.104] [bmv2] [D] [thread 2629] [3.0] [cxt 0] Deparsing header 'ethernet'
[20:32:55.104] [bmv2] [D] [thread 2629] [3.0] [cxt 0] Deparser 'deparser': end
[20:32:55.104] [bmv2] [D] [thread 2629] [4.0] [cxt 0] Pipeline 'egress': start
[20:32:55.104] [bmv2] [D] [thread 2629] [4.0] [cxt 0] Pipeline 'egress': end
[20:32:55.104] [bmv2] [D] [thread 2629] [4.0] [cxt 0] Deparser 'deparser': start
[20:32:55.104] [bmv2] [T] [thread 2629] [4.0] [cxt 0] Skipping checksum 'cksum' update because condition not met
[20:32:55.104] [bmv2] [D] [thread 2629] [4.0] [cxt 0] Deparsing header 'ethernet'
[20:32:55.104] [bmv2] [D] [thread 2629] [4.0] [cxt 0] Deparser 'deparser': end
[20:32:55.104] [bmv2] [D] [thread 2633] [3.0] [cxt 0] Transmitting packet of size 70 out of port 0
[20:32:55.104] [bmv2] [D] [thread 2633] [4.0] [cxt 0] Transmitting packet of size 70 out of port 0
[20:32:55.603] [bmv2] [D] [thread 2628] [5.0] [cxt 0] Processing packet received on port 1
[20:32:55.603] [bmv2] [D] [thread 2628] [5.0] [cxt 0] Parser 'parser': start
[20:32:55.603] [bmv2] [D] [thread 2628] [5.0] [cxt 0] Parser 'parser' entering state 'start'
[20:32:55.603] [bmv2] [D] [thread 2628] [5.0] [cxt 0] Extracting header 'ethernet'
[20:32:55.604] [bmv2] [D] [thread 2628] [5.0] [cxt 0] Parser state 'start': key is 86dd
[20:32:55.604] [bmv2] [T] [thread 2628] [5.0] [cxt 0] Bytes parsed: 14
[20:32:55.604] [bmv2] [D] [thread 2628] [5.0] [cxt 0] Parser 'parser': end
[20:32:55.604] [bmv2] [D] [thread 2628] [5.0] [cxt 0] Pipeline 'ingress': start
[20:32:55.604] [bmv2] [T] [thread 2628] [5.0] [cxt 0] basic.p4(132) Condition "hdr.ipv4.isValid()" (node_2) is false
[20:32:55.604] [bmv2] [D] [thread 2628] [5.0] [cxt 0] Pipeline 'ingress': end
[20:32:55.604] [bmv2] [D] [thread 2628] [5.0] [cxt 0] Egress port is 0
[20:32:55.604] [bmv2] [D] [thread 2628] [6.0] [cxt 0] Processing packet received on port 2
[20:32:55.604] [bmv2] [D] [thread 2628] [6.0] [cxt 0] Parser 'parser': start
[20:32:55.604] [bmv2] [D] [thread 2628] [6.0] [cxt 0] Parser 'parser' entering state 'start'
[20:32:55.604] [bmv2] [D] [thread 2628] [6.0] [cxt 0] Extracting header 'ethernet'
[20:32:55.604] [bmv2] [D] [thread 2628] [6.0] [cxt 0] Parser state 'start': key is 86dd
[20:32:55.604] [bmv2] [T] [thread 2628] [6.0] [cxt 0] Bytes parsed: 14
[20:32:55.604] [bmv2] [D] [thread 2628] [6.0] [cxt 0] Parser 'parser': end
[20:32:55.604] [bmv2] [D] [thread 2628] [6.0] [cxt 0] Pipeline 'ingress': start
[20:32:55.604] [bmv2] [T] [thread 2628] [6.0] [cxt 0] basic.p4(132) Condition "hdr.ipv4.isValid()" (node_2) is false
[20:32:55.604] [bmv2] [D] [thread 2628] [6.0] [cxt 0] Pipeline 'ingress': end
[20:32:55.604] [bmv2] [D] [thread 2628] [6.0] [cxt 0] Egress port is 0
[20:32:55.604] [bmv2] [D] [thread 2629] [5.0] [cxt 0] Pipeline 'egress': start
[20:32:55.604] [bmv2] [D] [thread 2629] [5.0] [cxt 0] Pipeline 'egress': end
[20:32:55.604] [bmv2] [D] [thread 2629] [5.0] [cxt 0] Deparser 'deparser': start
[20:32:55.604] [bmv2] [T] [thread 2629] [5.0] [cxt 0] Skipping checksum 'cksum' update because condition not met
[20:32:55.604] [bmv2] [D] [thread 2629] [5.0] [cxt 0] Deparsing header 'ethernet'
[20:32:55.604] [bmv2] [D] [thread 2629] [5.0] [cxt 0] Deparser 'deparser': end
[20:32:55.605] [bmv2] [D] [thread 2629] [6.0] [cxt 0] Pipeline 'egress': start
[20:32:55.605] [bmv2] [D] [thread 2629] [6.0] [cxt 0] Pipeline 'egress': end
[20:32:55.605] [bmv2] [D] [thread 2629] [6.0] [cxt 0] Deparser 'deparser': start
[20:32:55.605] [bmv2] [T] [thread 2629] [6.0] [cxt 0] Skipping checksum 'cksum' update because condition not met
[20:32:55.605] [bmv2] [D] [thread 2629] [6.0] [cxt 0] Deparsing header 'ethernet'
[20:32:55.605] [bmv2] [D] [thread 2629] [6.0] [cxt 0] Deparser 'deparser': end
[20:32:55.605] [bmv2] [D] [thread 2633] [5.0] [cxt 0] Transmitting packet of size 70 out of port 0
[20:32:55.605] [bmv2] [D] [thread 2633] [6.0] [cxt 0] Transmitting packet of size 70 out of port 0
[20:33:03.023] [bmv2] [D] [thread 2628] [7.0] [cxt 0] Processing packet received on port 2
[20:33:03.023] [bmv2] [D] [thread 2628] [7.0] [cxt 0] Parser 'parser': start
[20:33:03.023] [bmv2] [D] [thread 2628] [7.0] [cxt 0] Parser 'parser' entering state 'start'
[20:33:03.023] [bmv2] [D] [thread 2628] [7.0] [cxt 0] Extracting header 'ethernet'
[20:33:03.023] [bmv2] [D] [thread 2628] [7.0] [cxt 0] Parser state 'start': key is 86dd
[20:33:03.023] [bmv2] [T] [thread 2628] [7.0] [cxt 0] Bytes parsed: 14
[20:33:03.023] [bmv2] [D] [thread 2628] [7.0] [cxt 0] Parser 'parser': end
[20:33:03.023] [bmv2] [D] [thread 2628] [7.0] [cxt 0] Pipeline 'ingress': start
[20:33:03.023] [bmv2] [T] [thread 2628] [7.0] [cxt 0] basic.p4(132) Condition "hdr.ipv4.isValid()" (node_2) is false
[20:33:03.023] [bmv2] [D] [thread 2628] [7.0] [cxt 0] Pipeline 'ingress': end
[20:33:03.023] [bmv2] [D] [thread 2628] [7.0] [cxt 0] Egress port is 0
[20:33:03.023] [bmv2] [D] [thread 2629] [7.0] [cxt 0] Pipeline 'egress': start
[20:33:03.023] [bmv2] [D] [thread 2629] [7.0] [cxt 0] Pipeline 'egress': end
[20:33:03.023] [bmv2] [D] [thread 2629] [7.0] [cxt 0] Deparser 'deparser': start
[20:33:03.023] [bmv2] [T] [thread 2629] [7.0] [cxt 0] Skipping checksum 'cksum' update because condition not met
[20:33:03.023] [bmv2] [D] [thread 2629] [7.0] [cxt 0] Deparsing header 'ethernet'
[20:33:03.023] [bmv2] [D] [thread 2629] [7.0] [cxt 0] Deparser 'deparser': end
[20:33:03.024] [bmv2] [D] [thread 2633] [7.0] [cxt 0] Transmitting packet of size 70 out of port 0
[20:33:03.279] [bmv2] [D] [thread 2628] [8.0] [cxt 0] Processing packet received on port 1
[20:33:03.279] [bmv2] [D] [thread 2628] [8.0] [cxt 0] Parser 'parser': start
[20:33:03.279] [bmv2] [D] [thread 2628] [8.0] [cxt 0] Parser 'parser' entering state 'start'
[20:33:03.279] [bmv2] [D] [thread 2628] [8.0] [cxt 0] Extracting header 'ethernet'
[20:33:03.279] [bmv2] [D] [thread 2628] [8.0] [cxt 0] Parser state 'start': key is 86dd
[20:33:03.279] [bmv2] [T] [thread 2628] [8.0] [cxt 0] Bytes parsed: 14
[20:33:03.279] [bmv2] [D] [thread 2628] [8.0] [cxt 0] Parser 'parser': end
[20:33:03.279] [bmv2] [D] [thread 2628] [8.0] [cxt 0] Pipeline 'ingress': start
[20:33:03.279] [bmv2] [T] [thread 2628] [8.0] [cxt 0] basic.p4(132) Condition "hdr.ipv4.isValid()" (node_2) is false
[20:33:03.279] [bmv2] [D] [thread 2628] [8.0] [cxt 0] Pipeline 'ingress': end
[20:33:03.279] [bmv2] [D] [thread 2628] [8.0] [cxt 0] Egress port is 0
[20:33:03.279] [bmv2] [D] [thread 2629] [8.0] [cxt 0] Pipeline 'egress': start
[20:33:03.280] [bmv2] [D] [thread 2629] [8.0] [cxt 0] Pipeline 'egress': end
[20:33:03.280] [bmv2] [D] [thread 2629] [8.0] [cxt 0] Deparser 'deparser': start
[20:33:03.280] [bmv2] [T] [thread 2629] [8.0] [cxt 0] Skipping checksum 'cksum' update because condition not met
[20:33:03.280] [bmv2] [D] [thread 2629] [8.0] [cxt 0] Deparsing header 'ethernet'
[20:33:03.280] [bmv2] [D] [thread 2629] [8.0] [cxt 0] Deparser 'deparser': end
[20:33:03.280] [bmv2] [D] [thread 2633] [8.0] [cxt 0] Transmitting packet of size 70 out of port 0
[20:33:04.302] [bmv2] [D] [thread 2628] [9.0] [cxt 0] Processing packet received on port 1
[20:33:04.302] [bmv2] [D] [thread 2628] [9.0] [cxt 0] Parser 'parser': start
[20:33:04.302] [bmv2] [D] [thread 2628] [9.0] [cxt 0] Parser 'parser' entering state 'start'
[20:33:04.302] [bmv2] [D] [thread 2628] [9.0] [cxt 0] Extracting header 'ethernet'
[20:33:04.302] [bmv2] [D] [thread 2628] [9.0] [cxt 0] Parser state 'start': key is 86dd
[20:33:04.302] [bmv2] [T] [thread 2628] [9.0] [cxt 0] Bytes parsed: 14
[20:33:04.302] [bmv2] [D] [thread 2628] [9.0] [cxt 0] Parser 'parser': end
[20:33:04.303] [bmv2] [D] [thread 2628] [9.0] [cxt 0] Pipeline 'ingress': start
[20:33:04.303] [bmv2] [T] [thread 2628] [9.0] [cxt 0] basic.p4(132) Condition "hdr.ipv4.isValid()" (node_2) is false
[20:33:04.303] [bmv2] [D] [thread 2628] [9.0] [cxt 0] Pipeline 'ingress': end
[20:33:04.303] [bmv2] [D] [thread 2628] [9.0] [cxt 0] Egress port is 0
[20:33:04.303] [bmv2] [D] [thread 2628] [10.0] [cxt 0] Processing packet received on port 2
[20:33:04.303] [bmv2] [D] [thread 2628] [10.0] [cxt 0] Parser 'parser': start
[20:33:04.303] [bmv2] [D] [thread 2628] [10.0] [cxt 0] Parser 'parser' entering state 'start'
[20:33:04.303] [bmv2] [D] [thread 2628] [10.0] [cxt 0] Extracting header 'ethernet'
[20:33:04.303] [bmv2] [D] [thread 2628] [10.0] [cxt 0] Parser state 'start': key is 86dd
[20:33:04.303] [bmv2] [T] [thread 2628] [10.0] [cxt 0] Bytes parsed: 14
[20:33:04.303] [bmv2] [D] [thread 2628] [10.0] [cxt 0] Parser 'parser': end
[20:33:04.303] [bmv2] [D] [thread 2628] [10.0] [cxt 0] Pipeline 'ingress': start
[20:33:04.303] [bmv2] [T] [thread 2628] [10.0] [cxt 0] basic.p4(132) Condition "hdr.ipv4.isValid()" (node_2) is false
[20:33:04.303] [bmv2] [D] [thread 2628] [10.0] [cxt 0] Pipeline 'ingress': end
[20:33:04.303] [bmv2] [D] [thread 2628] [10.0] [cxt 0] Egress port is 0
[20:33:04.303] [bmv2] [D] [thread 2629] [9.0] [cxt 0] Pipeline 'egress': start
[20:33:04.303] [bmv2] [D] [thread 2629] [9.0] [cxt 0] Pipeline 'egress': end
[20:33:04.303] [bmv2] [D] [thread 2629] [9.0] [cxt 0] Deparser 'deparser': start
[20:33:04.303] [bmv2] [T] [thread 2629] [9.0] [cxt 0] Skipping checksum 'cksum' update because condition not met
[20:33:04.303] [bmv2] [D] [thread 2629] [9.0] [cxt 0] Deparsing header 'ethernet'
[20:33:04.303] [bmv2] [D] [thread 2629] [9.0] [cxt 0] Deparser 'deparser': end
[20:33:04.303] [bmv2] [D] [thread 2629] [10.0] [cxt 0] Pipeline 'egress': start
[20:33:04.303] [bmv2] [D] [thread 2629] [10.0] [cxt 0] Pipeline 'egress': end
[20:33:04.303] [bmv2] [D] [thread 2629] [10.0] [cxt 0] Deparser 'deparser': start
[20:33:04.303] [bmv2] [T] [thread 2629] [10.0] [cxt 0] Skipping checksum 'cksum' update because condition not met
[20:33:04.304] [bmv2] [D] [thread 2629] [10.0] [cxt 0] Deparsing header 'ethernet'
[20:33:04.304] [bmv2] [D] [thread 2629] [10.0] [cxt 0] Deparser 'deparser': end
[20:33:04.304] [bmv2] [D] [thread 2633] [9.0] [cxt 0] Transmitting packet of size 70 out of port 0
[20:33:04.304] [bmv2] [D] [thread 2633] [10.0] [cxt 0] Transmitting packet of size 70 out of port 0
open: No such file or directory
open: No such file or directory
open: No such file or directory
open: No such file or directory
