Calling target program-options parser
[20:32:51.915] [bmv2] [D] [thread 2635] Set default default entry for table 'MyIngress.ipv4_lpm': MyIngress.drop - 
Adding interface s4-eth1 as port 1
[20:32:51.915] [bmv2] [D] [thread 2635] Adding interface s4-eth1 as port 1
Adding interface s4-eth2 as port 2
[20:32:51.950] [bmv2] [D] [thread 2635] Adding interface s4-eth2 as port 2
Server listening on 0.0.0.0:50054
[20:32:51.991] [bmv2] [I] [thread 2635] Starting Thrift server on port 9093
[20:32:51.992] [bmv2] [I] [thread 2635] Thrift server was started
[20:32:52.046] [bmv2] [D] [thread 2645] [0.0] [cxt 0] Processing packet received on port 2
[20:32:52.046] [bmv2] [D] [thread 2645] [0.0] [cxt 0] Parser 'parser': start
[20:32:52.046] [bmv2] [D] [thread 2645] [0.0] [cxt 0] Parser 'parser' entering state 'start'
[20:32:52.046] [bmv2] [D] [thread 2645] [0.0] [cxt 0] Extracting header 'ethernet'
[20:32:52.046] [bmv2] [D] [thread 2645] [0.0] [cxt 0] Parser state 'start': key is 86dd
[20:32:52.047] [bmv2] [T] [thread 2645] [0.0] [cxt 0] Bytes parsed: 14
[20:32:52.047] [bmv2] [D] [thread 2645] [0.0] [cxt 0] Parser 'parser': end
[20:32:52.047] [bmv2] [D] [thread 2645] [0.0] [cxt 0] Pipeline 'ingress': start
[20:32:52.047] [bmv2] [T] [thread 2645] [0.0] [cxt 0] basic.p4(132) Condition "hdr.ipv4.isValid()" (node_2) is false
[20:32:52.047] [bmv2] [D] [thread 2645] [0.0] [cxt 0] Pipeline 'ingress': end
[20:32:52.047] [bmv2] [D] [thread 2645] [0.0] [cxt 0] Egress port is 0
[20:32:52.047] [bmv2] [D] [thread 2646] [0.0] [cxt 0] Pipeline 'egress': start
[20:32:52.047] [bmv2] [D] [thread 2646] [0.0] [cxt 0] Pipeline 'egress': end
[20:32:52.047] [bmv2] [D] [thread 2646] [0.0] [cxt 0] Deparser 'deparser': start
[20:32:52.047] [bmv2] [T] [thread 2646] [0.0] [cxt 0] Skipping checksum 'cksum' update because condition not met
[20:32:52.047] [bmv2] [D] [thread 2646] [0.0] [cxt 0] Deparsing header 'ethernet'
[20:32:52.047] [bmv2] [D] [thread 2646] [0.0] [cxt 0] Deparser 'deparser': end
[20:32:52.047] [bmv2] [D] [thread 2650] [0.0] [cxt 0] Transmitting packet of size 90 out of port 0
[20:32:52.401] [bmv2] [D] [thread 2645] [1.0] [cxt 0] Processing packet received on port 1
[20:32:52.401] [bmv2] [D] [thread 2645] [1.0] [cxt 0] Parser 'parser': start
[20:32:52.402] [bmv2] [D] [thread 2645] [1.0] [cxt 0] Parser 'parser' entering state 'start'
[20:32:52.402] [bmv2] [D] [thread 2645] [1.0] [cxt 0] Extracting header 'ethernet'
[20:32:52.402] [bmv2] [D] [thread 2645] [1.0] [cxt 0] Parser state 'start': key is 86dd
[20:32:52.402] [bmv2] [T] [thread 2645] [1.0] [cxt 0] Bytes parsed: 14
[20:32:52.402] [bmv2] [D] [thread 2645] [1.0] [cxt 0] Parser 'parser': end
[20:32:52.402] [bmv2] [D] [thread 2645] [1.0] [cxt 0] Pipeline 'ingress': start
[20:32:52.402] [bmv2] [T] [thread 2645] [1.0] [cxt 0] basic.p4(132) Condition "hdr.ipv4.isValid()" (node_2) is false
[20:32:52.402] [bmv2] [D] [thread 2645] [1.0] [cxt 0] Pipeline 'ingress': end
[20:32:52.402] [bmv2] [D] [thread 2645] [1.0] [cxt 0] Egress port is 0
[20:32:52.402] [bmv2] [D] [thread 2646] [1.0] [cxt 0] Pipeline 'egress': start
[20:32:52.402] [bmv2] [D] [thread 2646] [1.0] [cxt 0] Pipeline 'egress': end
[20:32:52.402] [bmv2] [D] [thread 2646] [1.0] [cxt 0] Deparser 'deparser': start
[20:32:52.402] [bmv2] [T] [thread 2646] [1.0] [cxt 0] Skipping checksum 'cksum' update because condition not met
[20:32:52.402] [bmv2] [D] [thread 2646] [1.0] [cxt 0] Deparsing header 'ethernet'
[20:32:52.402] [bmv2] [D] [thread 2646] [1.0] [cxt 0] Deparser 'deparser': end
[20:32:52.402] [bmv2] [D] [thread 2650] [1.0] [cxt 0] Transmitting packet of size 90 out of port 0
[20:32:53.672] [bmv2] [W] [thread 2689] [P4Runtime] p4::tmp::P4DeviceConfig is deprecated
[20:32:53.673] [bmv2] [D] [thread 2689] Set default default entry for table 'MyIngress.ipv4_lpm': MyIngress.drop - 
[20:32:53.674] [bmv2] [D] [thread 2689] simple_switch target has been notified of a config swap
[20:32:53.675] [bmv2] [D] [thread 2689] Set default entry for table 'MyIngress.ipv4_lpm': MyIngress.drop - 
[20:32:53.676] [bmv2] [D] [thread 2690] Entry 0 added to table 'MyIngress.ipv4_lpm'
[20:32:53.676] [bmv2] [D] [thread 2690] Dumping entry 0
Match key:
* hdr.ipv4.dstAddr    : LPM       0a000101/32
Action entry: MyIngress.ipv4_forward - 80000000100,2,

[20:32:53.678] [bmv2] [D] [thread 2689] Entry 1 added to table 'MyIngress.ipv4_lpm'
[20:32:53.678] [bmv2] [D] [thread 2689] Dumping entry 1
Match key:
* hdr.ipv4.dstAddr    : LPM       0a000202/32
Action entry: MyIngress.ipv4_forward - 80000000100,2,

[20:32:53.679] [bmv2] [D] [thread 2690] Entry 2 added to table 'MyIngress.ipv4_lpm'
[20:32:53.679] [bmv2] [D] [thread 2690] Dumping entry 2
Match key:
* hdr.ipv4.dstAddr    : LPM       0a000303/32
Action entry: MyIngress.ipv4_forward - 80000000200,1,

[20:32:53.680] [bmv2] [D] [thread 2689] Entry 3 added to table 'MyIngress.ipv4_lpm'
[20:32:53.680] [bmv2] [D] [thread 2689] Dumping entry 3
Match key:
* hdr.ipv4.dstAddr    : LPM       0a000404/32
Action entry: MyIngress.ipv4_forward - 80000000200,1,

[20:32:55.102] [bmv2] [D] [thread 2645] [2.0] [cxt 0] Processing packet received on port 1
[20:32:55.102] [bmv2] [D] [thread 2645] [2.0] [cxt 0] Parser 'parser': start
[20:32:55.102] [bmv2] [D] [thread 2645] [2.0] [cxt 0] Parser 'parser' entering state 'start'
[20:32:55.102] [bmv2] [D] [thread 2645] [2.0] [cxt 0] Extracting header 'ethernet'
[20:32:55.102] [bmv2] [D] [thread 2645] [2.0] [cxt 0] Parser state 'start': key is 86dd
[20:32:55.102] [bmv2] [T] [thread 2645] [2.0] [cxt 0] Bytes parsed: 14
[20:32:55.102] [bmv2] [D] [thread 2645] [2.0] [cxt 0] Parser 'parser': end
[20:32:55.102] [bmv2] [D] [thread 2645] [2.0] [cxt 0] Pipeline 'ingress': start
[20:32:55.102] [bmv2] [T] [thread 2645] [2.0] [cxt 0] basic.p4(132) Condition "hdr.ipv4.isValid()" (node_2) is false
[20:32:55.102] [bmv2] [D] [thread 2645] [2.0] [cxt 0] Pipeline 'ingress': end
[20:32:55.102] [bmv2] [D] [thread 2645] [2.0] [cxt 0] Egress port is 0
[20:32:55.102] [bmv2] [D] [thread 2646] [2.0] [cxt 0] Pipeline 'egress': start
[20:32:55.102] [bmv2] [D] [thread 2646] [2.0] [cxt 0] Pipeline 'egress': end
[20:32:55.102] [bmv2] [D] [thread 2646] [2.0] [cxt 0] Deparser 'deparser': start
[20:32:55.102] [bmv2] [T] [thread 2646] [2.0] [cxt 0] Skipping checksum 'cksum' update because condition not met
[20:32:55.102] [bmv2] [D] [thread 2646] [2.0] [cxt 0] Deparsing header 'ethernet'
[20:32:55.102] [bmv2] [D] [thread 2646] [2.0] [cxt 0] Deparser 'deparser': end
[20:32:55.104] [bmv2] [D] [thread 2650] [2.0] [cxt 0] Transmitting packet of size 70 out of port 0
[20:32:55.341] [bmv2] [D] [thread 2645] [3.0] [cxt 0] Processing packet received on port 2
[20:32:55.341] [bmv2] [D] [thread 2645] [3.0] [cxt 0] Parser 'parser': start
[20:32:55.341] [bmv2] [D] [thread 2645] [3.0] [cxt 0] Parser 'parser' entering state 'start'
[20:32:55.341] [bmv2] [D] [thread 2645] [3.0] [cxt 0] Extracting header 'ethernet'
[20:32:55.341] [bmv2] [D] [thread 2645] [3.0] [cxt 0] Parser state 'start': key is 86dd
[20:32:55.341] [bmv2] [T] [thread 2645] [3.0] [cxt 0] Bytes parsed: 14
[20:32:55.342] [bmv2] [D] [thread 2645] [3.0] [cxt 0] Parser 'parser': end
[20:32:55.342] [bmv2] [D] [thread 2645] [3.0] [cxt 0] Pipeline 'ingress': start
[20:32:55.342] [bmv2] [T] [thread 2645] [3.0] [cxt 0] basic.p4(132) Condition "hdr.ipv4.isValid()" (node_2) is false
[20:32:55.342] [bmv2] [D] [thread 2645] [3.0] [cxt 0] Pipeline 'ingress': end
[20:32:55.342] [bmv2] [D] [thread 2645] [3.0] [cxt 0] Egress port is 0
[20:32:55.342] [bmv2] [D] [thread 2646] [3.0] [cxt 0] Pipeline 'egress': start
[20:32:55.342] [bmv2] [D] [thread 2646] [3.0] [cxt 0] Pipeline 'egress': end
[20:32:55.342] [bmv2] [D] [thread 2646] [3.0] [cxt 0] Deparser 'deparser': start
[20:32:55.342] [bmv2] [T] [thread 2646] [3.0] [cxt 0] Skipping checksum 'cksum' update because condition not met
[20:32:55.342] [bmv2] [D] [thread 2646] [3.0] [cxt 0] Deparsing header 'ethernet'
[20:32:55.342] [bmv2] [D] [thread 2646] [3.0] [cxt 0] Deparser 'deparser': end
[20:32:55.342] [bmv2] [D] [thread 2650] [3.0] [cxt 0] Transmitting packet of size 70 out of port 0
[20:32:55.605] [bmv2] [D] [thread 2645] [4.0] [cxt 0] Processing packet received on port 1
[20:32:55.605] [bmv2] [D] [thread 2645] [4.0] [cxt 0] Parser 'parser': start
[20:32:55.605] [bmv2] [D] [thread 2645] [4.0] [cxt 0] Parser 'parser' entering state 'start'
[20:32:55.605] [bmv2] [D] [thread 2645] [4.0] [cxt 0] Extracting header 'ethernet'
[20:32:55.606] [bmv2] [D] [thread 2645] [4.0] [cxt 0] Parser state 'start': key is 86dd
[20:32:55.606] [bmv2] [T] [thread 2645] [4.0] [cxt 0] Bytes parsed: 14
[20:32:55.606] [bmv2] [D] [thread 2645] [4.0] [cxt 0] Parser 'parser': end
[20:32:55.606] [bmv2] [D] [thread 2645] [4.0] [cxt 0] Pipeline 'ingress': start
[20:32:55.606] [bmv2] [T] [thread 2645] [4.0] [cxt 0] basic.p4(132) Condition "hdr.ipv4.isValid()" (node_2) is false
[20:32:55.606] [bmv2] [D] [thread 2645] [4.0] [cxt 0] Pipeline 'ingress': end
[20:32:55.606] [bmv2] [D] [thread 2645] [4.0] [cxt 0] Egress port is 0
[20:32:55.606] [bmv2] [D] [thread 2645] [5.0] [cxt 0] Processing packet received on port 2
[20:32:55.606] [bmv2] [D] [thread 2645] [5.0] [cxt 0] Parser 'parser': start
[20:32:55.606] [bmv2] [D] [thread 2645] [5.0] [cxt 0] Parser 'parser' entering state 'start'
[20:32:55.606] [bmv2] [D] [thread 2645] [5.0] [cxt 0] Extracting header 'ethernet'
[20:32:55.606] [bmv2] [D] [thread 2645] [5.0] [cxt 0] Parser state 'start': key is 86dd
[20:32:55.606] [bmv2] [T] [thread 2645] [5.0] [cxt 0] Bytes parsed: 14
[20:32:55.606] [bmv2] [D] [thread 2645] [5.0] [cxt 0] Parser 'parser': end
[20:32:55.606] [bmv2] [D] [thread 2646] [4.0] [cxt 0] Pipeline 'egress': start
[20:32:55.606] [bmv2] [D] [thread 2646] [4.0] [cxt 0] Pipeline 'egress': end
[20:32:55.606] [bmv2] [D] [thread 2646] [4.0] [cxt 0] Deparser 'deparser': start
[20:32:55.606] [bmv2] [D] [thread 2645] [5.0] [cxt 0] Pipeline 'ingress': start
[20:32:55.606] [bmv2] [T] [thread 2645] [5.0] [cxt 0] basic.p4(132) Condition "hdr.ipv4.isValid()" (node_2) is false
[20:32:55.606] [bmv2] [T] [thread 2646] [4.0] [cxt 0] Skipping checksum 'cksum' update because condition not met
[20:32:55.606] [bmv2] [D] [thread 2646] [4.0] [cxt 0] Deparsing header 'ethernet'
[20:32:55.606] [bmv2] [D] [thread 2646] [4.0] [cxt 0] Deparser 'deparser': end
[20:32:55.606] [bmv2] [D] [thread 2650] [4.0] [cxt 0] Transmitting packet of size 70 out of port 0
[20:32:55.606] [bmv2] [D] [thread 2645] [5.0] [cxt 0] Pipeline 'ingress': end
[20:32:55.606] [bmv2] [D] [thread 2645] [5.0] [cxt 0] Egress port is 0
[20:32:55.607] [bmv2] [D] [thread 2646] [5.0] [cxt 0] Pipeline 'egress': start
[20:32:55.607] [bmv2] [D] [thread 2646] [5.0] [cxt 0] Pipeline 'egress': end
[20:32:55.607] [bmv2] [D] [thread 2646] [5.0] [cxt 0] Deparser 'deparser': start
[20:32:55.607] [bmv2] [T] [thread 2646] [5.0] [cxt 0] Skipping checksum 'cksum' update because condition not met
[20:32:55.607] [bmv2] [D] [thread 2646] [5.0] [cxt 0] Deparsing header 'ethernet'
[20:32:55.607] [bmv2] [D] [thread 2646] [5.0] [cxt 0] Deparser 'deparser': end
[20:32:55.607] [bmv2] [D] [thread 2650] [5.0] [cxt 0] Transmitting packet of size 70 out of port 0
[20:33:03.282] [bmv2] [D] [thread 2645] [6.0] [cxt 0] Processing packet received on port 1
[20:33:03.282] [bmv2] [D] [thread 2645] [6.0] [cxt 0] Parser 'parser': start
[20:33:03.282] [bmv2] [D] [thread 2645] [6.0] [cxt 0] Parser 'parser' entering state 'start'
[20:33:03.283] [bmv2] [D] [thread 2645] [6.0] [cxt 0] Extracting header 'ethernet'
[20:33:03.283] [bmv2] [D] [thread 2645] [6.0] [cxt 0] Parser state 'start': key is 86dd
[20:33:03.283] [bmv2] [T] [thread 2645] [6.0] [cxt 0] Bytes parsed: 14
[20:33:03.283] [bmv2] [D] [thread 2645] [6.0] [cxt 0] Parser 'parser': end
[20:33:03.283] [bmv2] [D] [thread 2645] [6.0] [cxt 0] Pipeline 'ingress': start
[20:33:03.283] [bmv2] [T] [thread 2645] [6.0] [cxt 0] basic.p4(132) Condition "hdr.ipv4.isValid()" (node_2) is false
[20:33:03.283] [bmv2] [D] [thread 2645] [6.0] [cxt 0] Pipeline 'ingress': end
[20:33:03.283] [bmv2] [D] [thread 2645] [6.0] [cxt 0] Egress port is 0
[20:33:03.283] [bmv2] [D] [thread 2645] [7.0] [cxt 0] Processing packet received on port 1
[20:33:03.283] [bmv2] [D] [thread 2645] [7.0] [cxt 0] Parser 'parser': start
[20:33:03.283] [bmv2] [D] [thread 2645] [7.0] [cxt 0] Parser 'parser' entering state 'start'
[20:33:03.283] [bmv2] [D] [thread 2645] [7.0] [cxt 0] Extracting header 'ethernet'
[20:33:03.283] [bmv2] [D] [thread 2645] [7.0] [cxt 0] Parser state 'start': key is 86dd
[20:33:03.283] [bmv2] [T] [thread 2645] [7.0] [cxt 0] Bytes parsed: 14
[20:33:03.283] [bmv2] [D] [thread 2645] [7.0] [cxt 0] Parser 'parser': end
[20:33:03.283] [bmv2] [D] [thread 2645] [7.0] [cxt 0] Pipeline 'ingress': start
[20:33:03.283] [bmv2] [T] [thread 2645] [7.0] [cxt 0] basic.p4(132) Condition "hdr.ipv4.isValid()" (node_2) is false
[20:33:03.283] [bmv2] [D] [thread 2645] [7.0] [cxt 0] Pipeline 'ingress': end
[20:33:03.283] [bmv2] [D] [thread 2646] [6.0] [cxt 0] Pipeline 'egress': start
[20:33:03.283] [bmv2] [D] [thread 2646] [6.0] [cxt 0] Pipeline 'egress': end
[20:33:03.283] [bmv2] [D] [thread 2646] [6.0] [cxt 0] Deparser 'deparser': start
[20:33:03.283] [bmv2] [T] [thread 2646] [6.0] [cxt 0] Skipping checksum 'cksum' update because condition not met
[20:33:03.283] [bmv2] [D] [thread 2646] [6.0] [cxt 0] Deparsing header 'ethernet'
[20:33:03.283] [bmv2] [D] [thread 2646] [6.0] [cxt 0] Deparser 'deparser': end
[20:33:03.284] [bmv2] [D] [thread 2650] [6.0] [cxt 0] Transmitting packet of size 70 out of port 0
[20:33:03.283] [bmv2] [D] [thread 2645] [7.0] [cxt 0] Egress port is 0
[20:33:03.285] [bmv2] [D] [thread 2646] [7.0] [cxt 0] Pipeline 'egress': start
[20:33:03.285] [bmv2] [D] [thread 2646] [7.0] [cxt 0] Pipeline 'egress': end
[20:33:03.285] [bmv2] [D] [thread 2646] [7.0] [cxt 0] Deparser 'deparser': start
[20:33:03.285] [bmv2] [T] [thread 2646] [7.0] [cxt 0] Skipping checksum 'cksum' update because condition not met
[20:33:03.285] [bmv2] [D] [thread 2646] [7.0] [cxt 0] Deparsing header 'ethernet'
[20:33:03.285] [bmv2] [D] [thread 2646] [7.0] [cxt 0] Deparser 'deparser': end
[20:33:03.285] [bmv2] [D] [thread 2650] [7.0] [cxt 0] Transmitting packet of size 70 out of port 0
[20:33:03.534] [bmv2] [D] [thread 2645] [8.0] [cxt 0] Processing packet received on port 2
[20:33:03.534] [bmv2] [D] [thread 2645] [8.0] [cxt 0] Parser 'parser': start
[20:33:03.534] [bmv2] [D] [thread 2645] [8.0] [cxt 0] Parser 'parser' entering state 'start'
[20:33:03.534] [bmv2] [D] [thread 2645] [8.0] [cxt 0] Extracting header 'ethernet'
[20:33:03.534] [bmv2] [D] [thread 2645] [8.0] [cxt 0] Parser state 'start': key is 86dd
[20:33:03.534] [bmv2] [T] [thread 2645] [8.0] [cxt 0] Bytes parsed: 14
[20:33:03.534] [bmv2] [D] [thread 2645] [8.0] [cxt 0] Parser 'parser': end
[20:33:03.534] [bmv2] [D] [thread 2645] [8.0] [cxt 0] Pipeline 'ingress': start
[20:33:03.534] [bmv2] [T] [thread 2645] [8.0] [cxt 0] basic.p4(132) Condition "hdr.ipv4.isValid()" (node_2) is false
[20:33:03.534] [bmv2] [D] [thread 2645] [8.0] [cxt 0] Pipeline 'ingress': end
[20:33:03.534] [bmv2] [D] [thread 2645] [8.0] [cxt 0] Egress port is 0
[20:33:03.535] [bmv2] [D] [thread 2646] [8.0] [cxt 0] Pipeline 'egress': start
[20:33:03.535] [bmv2] [D] [thread 2646] [8.0] [cxt 0] Pipeline 'egress': end
[20:33:03.535] [bmv2] [D] [thread 2646] [8.0] [cxt 0] Deparser 'deparser': start
[20:33:03.535] [bmv2] [T] [thread 2646] [8.0] [cxt 0] Skipping checksum 'cksum' update because condition not met
[20:33:03.535] [bmv2] [D] [thread 2646] [8.0] [cxt 0] Deparsing header 'ethernet'
[20:33:03.535] [bmv2] [D] [thread 2646] [8.0] [cxt 0] Deparser 'deparser': end
[20:33:03.535] [bmv2] [D] [thread 2650] [8.0] [cxt 0] Transmitting packet of size 70 out of port 0
[20:33:03.790] [bmv2] [D] [thread 2645] [9.0] [cxt 0] Processing packet received on port 2
[20:33:03.790] [bmv2] [D] [thread 2645] [9.0] [cxt 0] Parser 'parser': start
[20:33:03.790] [bmv2] [D] [thread 2645] [9.0] [cxt 0] Parser 'parser' entering state 'start'
[20:33:03.790] [bmv2] [D] [thread 2645] [9.0] [cxt 0] Extracting header 'ethernet'
[20:33:03.790] [bmv2] [D] [thread 2645] [9.0] [cxt 0] Parser state 'start': key is 86dd
[20:33:03.790] [bmv2] [T] [thread 2645] [9.0] [cxt 0] Bytes parsed: 14
[20:33:03.790] [bmv2] [D] [thread 2645] [9.0] [cxt 0] Parser 'parser': end
[20:33:03.790] [bmv2] [D] [thread 2645] [9.0] [cxt 0] Pipeline 'ingress': start
[20:33:03.790] [bmv2] [T] [thread 2645] [9.0] [cxt 0] basic.p4(132) Condition "hdr.ipv4.isValid()" (node_2) is false
[20:33:03.790] [bmv2] [D] [thread 2645] [9.0] [cxt 0] Pipeline 'ingress': end
[20:33:03.790] [bmv2] [D] [thread 2645] [9.0] [cxt 0] Egress port is 0
[20:33:03.790] [bmv2] [D] [thread 2646] [9.0] [cxt 0] Pipeline 'egress': start
[20:33:03.790] [bmv2] [D] [thread 2646] [9.0] [cxt 0] Pipeline 'egress': end
[20:33:03.790] [bmv2] [D] [thread 2646] [9.0] [cxt 0] Deparser 'deparser': start
[20:33:03.790] [bmv2] [T] [thread 2646] [9.0] [cxt 0] Skipping checksum 'cksum' update because condition not met
[20:33:03.791] [bmv2] [D] [thread 2646] [9.0] [cxt 0] Deparsing header 'ethernet'
[20:33:03.791] [bmv2] [D] [thread 2646] [9.0] [cxt 0] Deparser 'deparser': end
[20:33:03.791] [bmv2] [D] [thread 2650] [9.0] [cxt 0] Transmitting packet of size 70 out of port 0
[20:33:17.878] [bmv2] [D] [thread 2645] [10.0] [cxt 0] Processing packet received on port 1
[20:33:17.878] [bmv2] [D] [thread 2645] [10.0] [cxt 0] Parser 'parser': start
[20:33:17.878] [bmv2] [D] [thread 2645] [10.0] [cxt 0] Parser 'parser' entering state 'start'
[20:33:17.878] [bmv2] [D] [thread 2645] [10.0] [cxt 0] Extracting header 'ethernet'
[20:33:17.878] [bmv2] [D] [thread 2645] [10.0] [cxt 0] Parser state 'start': key is 86dd
[20:33:17.878] [bmv2] [T] [thread 2645] [10.0] [cxt 0] Bytes parsed: 14
[20:33:17.878] [bmv2] [D] [thread 2645] [10.0] [cxt 0] Parser 'parser': end
[20:33:17.878] [bmv2] [D] [thread 2645] [10.0] [cxt 0] Pipeline 'ingress': start
[20:33:17.878] [bmv2] [T] [thread 2645] [10.0] [cxt 0] basic.p4(132) Condition "hdr.ipv4.isValid()" (node_2) is false
[20:33:17.878] [bmv2] [D] [thread 2645] [10.0] [cxt 0] Pipeline 'ingress': end
[20:33:17.878] [bmv2] [D] [thread 2645] [10.0] [cxt 0] Egress port is 0
[20:33:17.879] [bmv2] [D] [thread 2646] [10.0] [cxt 0] Pipeline 'egress': start
[20:33:17.879] [bmv2] [D] [thread 2646] [10.0] [cxt 0] Pipeline 'egress': end
[20:33:17.879] [bmv2] [D] [thread 2646] [10.0] [cxt 0] Deparser 'deparser': start
[20:33:17.879] [bmv2] [T] [thread 2646] [10.0] [cxt 0] Skipping checksum 'cksum' update because condition not met
[20:33:17.879] [bmv2] [D] [thread 2646] [10.0] [cxt 0] Deparsing header 'ethernet'
[20:33:17.879] [bmv2] [D] [thread 2646] [10.0] [cxt 0] Deparser 'deparser': end
[20:33:17.879] [bmv2] [D] [thread 2650] [10.0] [cxt 0] Transmitting packet of size 70 out of port 0
open: No such file or directory
open: No such file or directory
open: No such file or directory
open: No such file or directory
